[0.876s] Invoking command in '/home/arvid/Documents/cobots/ws/src/lab/src/case_suite/case_scenes': PYTHONPATH=/home/arvid/Documents/cobots/ws/install/case_scenes/lib/python3.8/site-packages:${PYTHONPATH} /usr/bin/python3 setup.py egg_info --egg-base ../../../../../build/case_scenes build --build-base /home/arvid/Documents/cobots/ws/build/case_scenes/build install --prefix /home/arvid/Documents/cobots/ws/install/case_scenes --record /home/arvid/Documents/cobots/ws/build/case_scenes/install.log --single-version-externally-managed
[1.085s] running egg_info
[1.085s] creating ../../../../../build/case_scenes/case_scenes.egg-info
[1.085s] writing ../../../../../build/case_scenes/case_scenes.egg-info/PKG-INFO
[1.085s] writing dependency_links to ../../../../../build/case_scenes/case_scenes.egg-info/dependency_links.txt
[1.085s] writing entry points to ../../../../../build/case_scenes/case_scenes.egg-info/entry_points.txt
[1.086s] writing requirements to ../../../../../build/case_scenes/case_scenes.egg-info/requires.txt
[1.086s] writing top-level names to ../../../../../build/case_scenes/case_scenes.egg-info/top_level.txt
[1.087s] writing manifest file '../../../../../build/case_scenes/case_scenes.egg-info/SOURCES.txt'
[1.119s] reading manifest file '../../../../../build/case_scenes/case_scenes.egg-info/SOURCES.txt'
[1.121s] writing manifest file '../../../../../build/case_scenes/case_scenes.egg-info/SOURCES.txt'
[1.121s] running build
[1.121s] running build_py
[1.121s] creating /home/arvid/Documents/cobots/ws/build/case_scenes/build
[1.121s] creating /home/arvid/Documents/cobots/ws/build/case_scenes/build/lib
[1.121s] creating /home/arvid/Documents/cobots/ws/build/case_scenes/build/lib/case_scenes
[1.121s] copying case_scenes/__init__.py -> /home/arvid/Documents/cobots/ws/build/case_scenes/build/lib/case_scenes
[1.121s] running install
[1.122s] running install_lib
[1.122s] creating /home/arvid/Documents/cobots/ws/install/case_scenes/lib/python3.8/site-packages/case_scenes
[1.123s] copying /home/arvid/Documents/cobots/ws/build/case_scenes/build/lib/case_scenes/__init__.py -> /home/arvid/Documents/cobots/ws/install/case_scenes/lib/python3.8/site-packages/case_scenes
[1.123s] byte-compiling /home/arvid/Documents/cobots/ws/install/case_scenes/lib/python3.8/site-packages/case_scenes/__init__.py to __init__.cpython-38.pyc
[1.124s] running install_data
[1.124s] creating /home/arvid/Documents/cobots/ws/install/case_scenes/share/ament_index
[1.125s] creating /home/arvid/Documents/cobots/ws/install/case_scenes/share/ament_index/resource_index
[1.125s] creating /home/arvid/Documents/cobots/ws/install/case_scenes/share/ament_index/resource_index/packages
[1.125s] copying resource/case_scenes -> /home/arvid/Documents/cobots/ws/install/case_scenes/share/ament_index/resource_index/packages
[1.125s] creating /home/arvid/Documents/cobots/ws/install/case_scenes/share/case_scenes/scenarios
[1.125s] creating /home/arvid/Documents/cobots/ws/install/case_scenes/share/case_scenes/scenarios/scenario_1
[1.125s] copying scenarios/scenario_1/process2.json -> /home/arvid/Documents/cobots/ws/install/case_scenes/share/case_scenes/scenarios/scenario_1
[1.125s] copying scenarios/scenario_1/pos8.json -> /home/arvid/Documents/cobots/ws/install/case_scenes/share/case_scenes/scenarios/scenario_1
[1.125s] copying scenarios/scenario_1/process3.json -> /home/arvid/Documents/cobots/ws/install/case_scenes/share/case_scenes/scenarios/scenario_1
[1.125s] copying scenarios/scenario_1/machine2.json -> /home/arvid/Documents/cobots/ws/install/case_scenes/share/case_scenes/scenarios/scenario_1
[1.125s] copying scenarios/scenario_1/machine3.json -> /home/arvid/Documents/cobots/ws/install/case_scenes/share/case_scenes/scenarios/scenario_1
[1.126s] copying scenarios/scenario_1/pos9.json -> /home/arvid/Documents/cobots/ws/install/case_scenes/share/case_scenes/scenarios/scenario_1
[1.126s] copying scenarios/scenario_1/pos6.json -> /home/arvid/Documents/cobots/ws/install/case_scenes/share/case_scenes/scenarios/scenario_1
[1.126s] copying scenarios/scenario_1/pos7.json -> /home/arvid/Documents/cobots/ws/install/case_scenes/share/case_scenes/scenarios/scenario_1
[1.126s] copying scenarios/scenario_1/rsp.json -> /home/arvid/Documents/cobots/ws/install/case_scenes/share/case_scenes/scenarios/scenario_1
[1.126s] copying scenarios/scenario_1/machine1.json -> /home/arvid/Documents/cobots/ws/install/case_scenes/share/case_scenes/scenarios/scenario_1
[1.126s] copying scenarios/scenario_1/cube.json -> /home/arvid/Documents/cobots/ws/install/case_scenes/share/case_scenes/scenarios/scenario_1
[1.126s] copying scenarios/scenario_1/svt_tcp.json -> /home/arvid/Documents/cobots/ws/install/case_scenes/share/case_scenes/scenarios/scenario_1
[1.126s] copying scenarios/scenario_1/process1.json -> /home/arvid/Documents/cobots/ws/install/case_scenes/share/case_scenes/scenarios/scenario_1
[1.126s] copying scenarios/scenario_1/pos5.json -> /home/arvid/Documents/cobots/ws/install/case_scenes/share/case_scenes/scenarios/scenario_1
[1.126s] copying scenarios/scenario_1/pos4.json -> /home/arvid/Documents/cobots/ws/install/case_scenes/share/case_scenes/scenarios/scenario_1
[1.126s] copying scenarios/scenario_1/table.json -> /home/arvid/Documents/cobots/ws/install/case_scenes/share/case_scenes/scenarios/scenario_1
[1.126s] copying scenarios/scenario_1/rsp_tool0.json -> /home/arvid/Documents/cobots/ws/install/case_scenes/share/case_scenes/scenarios/scenario_1
[1.126s] copying scenarios/scenario_1/pos1.json -> /home/arvid/Documents/cobots/ws/install/case_scenes/share/case_scenes/scenarios/scenario_1
[1.127s] copying scenarios/scenario_1/floor.json -> /home/arvid/Documents/cobots/ws/install/case_scenes/share/case_scenes/scenarios/scenario_1
[1.127s] copying scenarios/scenario_1/output.json -> /home/arvid/Documents/cobots/ws/install/case_scenes/share/case_scenes/scenarios/scenario_1
[1.127s] copying scenarios/scenario_1/input.json -> /home/arvid/Documents/cobots/ws/install/case_scenes/share/case_scenes/scenarios/scenario_1
[1.127s] copying scenarios/scenario_1/pos2.json -> /home/arvid/Documents/cobots/ws/install/case_scenes/share/case_scenes/scenarios/scenario_1
[1.127s] copying scenarios/scenario_1/pos3.json -> /home/arvid/Documents/cobots/ws/install/case_scenes/share/case_scenes/scenarios/scenario_1
[1.127s] copying scenarios/scenario_1/svt.json -> /home/arvid/Documents/cobots/ws/install/case_scenes/share/case_scenes/scenarios/scenario_1
[1.127s] copying scenarios/scenario_1/base_link.json -> /home/arvid/Documents/cobots/ws/install/case_scenes/share/case_scenes/scenarios/scenario_1
[1.127s] creating /home/arvid/Documents/cobots/ws/install/case_scenes/share/case_scenes/scenarios/scenario_2
[1.127s] copying scenarios/scenario_2/logitech_c270.json -> /home/arvid/Documents/cobots/ws/install/case_scenes/share/case_scenes/scenarios/scenario_2
[1.127s] copying scenarios/scenario_2/piab_tool.json -> /home/arvid/Documents/cobots/ws/install/case_scenes/share/case_scenes/scenarios/scenario_2
[1.127s] copying scenarios/scenario_2/pose_1.json -> /home/arvid/Documents/cobots/ws/install/case_scenes/share/case_scenes/scenarios/scenario_2
[1.128s] copying scenarios/scenario_2/vention_stand.json -> /home/arvid/Documents/cobots/ws/install/case_scenes/share/case_scenes/scenarios/scenario_2
[1.128s] copying scenarios/scenario_2/cube.json -> /home/arvid/Documents/cobots/ws/install/case_scenes/share/case_scenes/scenarios/scenario_2
[1.128s] copying scenarios/scenario_2/suction_cup_2.json -> /home/arvid/Documents/cobots/ws/install/case_scenes/share/case_scenes/scenarios/scenario_2
[1.128s] copying scenarios/scenario_2/above_table.json -> /home/arvid/Documents/cobots/ws/install/case_scenes/share/case_scenes/scenarios/scenario_2
[1.128s] copying scenarios/scenario_2/suction_cup_1.json -> /home/arvid/Documents/cobots/ws/install/case_scenes/share/case_scenes/scenarios/scenario_2
[1.128s] copying scenarios/scenario_2/floor.json -> /home/arvid/Documents/cobots/ws/install/case_scenes/share/case_scenes/scenarios/scenario_2
[1.128s] copying scenarios/scenario_2/pose_2.json -> /home/arvid/Documents/cobots/ws/install/case_scenes/share/case_scenes/scenarios/scenario_2
[1.128s] copying scenarios/scenario_2/base_link.json -> /home/arvid/Documents/cobots/ws/install/case_scenes/share/case_scenes/scenarios/scenario_2
[1.128s] creating /home/arvid/Documents/cobots/ws/install/case_scenes/share/case_scenes/scenarios/scenario_3
[1.129s] copying scenarios/scenario_3/box_table.json -> /home/arvid/Documents/cobots/ws/install/case_scenes/share/case_scenes/scenarios/scenario_3
[1.129s] copying scenarios/scenario_3/logitech_c270.json -> /home/arvid/Documents/cobots/ws/install/case_scenes/share/case_scenes/scenarios/scenario_3
[1.129s] copying scenarios/scenario_3/piab_tool.json -> /home/arvid/Documents/cobots/ws/install/case_scenes/share/case_scenes/scenarios/scenario_3
[1.129s] copying scenarios/scenario_3/cube.json -> /home/arvid/Documents/cobots/ws/install/case_scenes/share/case_scenes/scenarios/scenario_3
[1.129s] copying scenarios/scenario_3/suction_cup_2.json -> /home/arvid/Documents/cobots/ws/install/case_scenes/share/case_scenes/scenarios/scenario_3
[1.129s] copying scenarios/scenario_3/stand.json -> /home/arvid/Documents/cobots/ws/install/case_scenes/share/case_scenes/scenarios/scenario_3
[1.129s] copying scenarios/scenario_3/suction_cup_1.json -> /home/arvid/Documents/cobots/ws/install/case_scenes/share/case_scenes/scenarios/scenario_3
[1.129s] copying scenarios/scenario_3/floor.json -> /home/arvid/Documents/cobots/ws/install/case_scenes/share/case_scenes/scenarios/scenario_3
[1.130s] copying scenarios/scenario_3/base_link.json -> /home/arvid/Documents/cobots/ws/install/case_scenes/share/case_scenes/scenarios/scenario_3
[1.130s] copying package.xml -> /home/arvid/Documents/cobots/ws/install/case_scenes/share/case_scenes
[1.130s] running install_egg_info
[1.131s] Copying ../../../../../build/case_scenes/case_scenes.egg-info to /home/arvid/Documents/cobots/ws/install/case_scenes/lib/python3.8/site-packages/case_scenes-0.0.1-py3.8.egg-info
[1.132s] running install_scripts
[1.153s] writing list of installed files to '/home/arvid/Documents/cobots/ws/build/case_scenes/install.log'
[1.178s] Invoked command in '/home/arvid/Documents/cobots/ws/src/lab/src/case_suite/case_scenes' returned '0': PYTHONPATH=/home/arvid/Documents/cobots/ws/install/case_scenes/lib/python3.8/site-packages:${PYTHONPATH} /usr/bin/python3 setup.py egg_info --egg-base ../../../../../build/case_scenes build --build-base /home/arvid/Documents/cobots/ws/build/case_scenes/build install --prefix /home/arvid/Documents/cobots/ws/install/case_scenes --record /home/arvid/Documents/cobots/ws/build/case_scenes/install.log --single-version-externally-managed
