[0.880s] Invoking command in '/home/arvid/Documents/cobots/ws/src/lab/src/py_ctrl': PYTHONPATH=/home/arvid/Documents/cobots/ws/install/py_ctrl/lib/python3.8/site-packages:${PYTHONPATH} /usr/bin/python3 setup.py egg_info --egg-base ../../../../build/py_ctrl build --build-base /home/arvid/Documents/cobots/ws/build/py_ctrl/build install --prefix /home/arvid/Documents/cobots/ws/install/py_ctrl --record /home/arvid/Documents/cobots/ws/build/py_ctrl/install.log --single-version-externally-managed
[1.088s] running egg_info
[1.089s] creating ../../../../build/py_ctrl/py_ctrl.egg-info
[1.089s] writing ../../../../build/py_ctrl/py_ctrl.egg-info/PKG-INFO
[1.089s] writing dependency_links to ../../../../build/py_ctrl/py_ctrl.egg-info/dependency_links.txt
[1.089s] writing entry points to ../../../../build/py_ctrl/py_ctrl.egg-info/entry_points.txt
[1.089s] writing requirements to ../../../../build/py_ctrl/py_ctrl.egg-info/requires.txt
[1.089s] writing top-level names to ../../../../build/py_ctrl/py_ctrl.egg-info/top_level.txt
[1.091s] writing manifest file '../../../../build/py_ctrl/py_ctrl.egg-info/SOURCES.txt'
[1.123s] reading manifest file '../../../../build/py_ctrl/py_ctrl.egg-info/SOURCES.txt'
[1.123s] writing manifest file '../../../../build/py_ctrl/py_ctrl.egg-info/SOURCES.txt'
[1.124s] running build
[1.124s] running build_py
[1.124s] creating /home/arvid/Documents/cobots/ws/build/py_ctrl/build
[1.124s] creating /home/arvid/Documents/cobots/ws/build/py_ctrl/build/lib
[1.124s] creating /home/arvid/Documents/cobots/ws/build/py_ctrl/build/lib/planner
[1.124s] copying planner/plan.py -> /home/arvid/Documents/cobots/ws/build/py_ctrl/build/lib/planner
[1.124s] copying planner/__main__.py -> /home/arvid/Documents/cobots/ws/build/py_ctrl/build/lib/planner
[1.124s] copying planner/__init__.py -> /home/arvid/Documents/cobots/ws/build/py_ctrl/build/lib/planner
[1.125s] creating /home/arvid/Documents/cobots/ws/build/py_ctrl/build/lib/model
[1.125s] copying model/__main__.py -> /home/arvid/Documents/cobots/ws/build/py_ctrl/build/lib/model
[1.125s] copying model/model.py -> /home/arvid/Documents/cobots/ws/build/py_ctrl/build/lib/model
[1.125s] copying model/operation.py -> /home/arvid/Documents/cobots/ws/build/py_ctrl/build/lib/model
[1.125s] copying model/__init__.py -> /home/arvid/Documents/cobots/ws/build/py_ctrl/build/lib/model
[1.125s] creating /home/arvid/Documents/cobots/ws/build/py_ctrl/build/lib/runner
[1.125s] copying runner/ctrl.py -> /home/arvid/Documents/cobots/ws/build/py_ctrl/build/lib/runner
[1.126s] copying runner/__main__.py -> /home/arvid/Documents/cobots/ws/build/py_ctrl/build/lib/runner
[1.126s] copying runner/ctrl_hands.py -> /home/arvid/Documents/cobots/ws/build/py_ctrl/build/lib/runner
[1.126s] copying runner/__init__.py -> /home/arvid/Documents/cobots/ws/build/py_ctrl/build/lib/runner
[1.126s] creating /home/arvid/Documents/cobots/ws/build/py_ctrl/build/lib/predicates
[1.126s] copying predicates/actions.py -> /home/arvid/Documents/cobots/ws/build/py_ctrl/build/lib/predicates
[1.126s] copying predicates/guards.py -> /home/arvid/Documents/cobots/ws/build/py_ctrl/build/lib/predicates
[1.126s] copying predicates/errors.py -> /home/arvid/Documents/cobots/ws/build/py_ctrl/build/lib/predicates
[1.126s] copying predicates/state.py -> /home/arvid/Documents/cobots/ws/build/py_ctrl/build/lib/predicates
[1.127s] copying predicates/__main__.py -> /home/arvid/Documents/cobots/ws/build/py_ctrl/build/lib/predicates
[1.127s] copying predicates/__init__.py -> /home/arvid/Documents/cobots/ws/build/py_ctrl/build/lib/predicates
[1.127s] creating /home/arvid/Documents/cobots/ws/build/py_ctrl/build/lib/planner/tests
[1.127s] copying planner/tests/test_planner.py -> /home/arvid/Documents/cobots/ws/build/py_ctrl/build/lib/planner/tests
[1.127s] copying planner/tests/__init__.py -> /home/arvid/Documents/cobots/ws/build/py_ctrl/build/lib/planner/tests
[1.127s] creating /home/arvid/Documents/cobots/ws/build/py_ctrl/build/lib/model/tests
[1.127s] copying model/tests/test_model.py -> /home/arvid/Documents/cobots/ws/build/py_ctrl/build/lib/model/tests
[1.127s] copying model/tests/test_operation.py -> /home/arvid/Documents/cobots/ws/build/py_ctrl/build/lib/model/tests
[1.127s] copying model/tests/__init__.py -> /home/arvid/Documents/cobots/ws/build/py_ctrl/build/lib/model/tests
[1.128s] creating /home/arvid/Documents/cobots/ws/build/py_ctrl/build/lib/runner/tests
[1.128s] copying runner/tests/__init__.py -> /home/arvid/Documents/cobots/ws/build/py_ctrl/build/lib/runner/tests
[1.128s] creating /home/arvid/Documents/cobots/ws/build/py_ctrl/build/lib/predicates/tests
[1.128s] copying predicates/tests/test_actions.py -> /home/arvid/Documents/cobots/ws/build/py_ctrl/build/lib/predicates/tests
[1.128s] copying predicates/tests/test_parser.py -> /home/arvid/Documents/cobots/ws/build/py_ctrl/build/lib/predicates/tests
[1.128s] copying predicates/tests/test_guards.py -> /home/arvid/Documents/cobots/ws/build/py_ctrl/build/lib/predicates/tests
[1.128s] copying predicates/tests/test_states.py -> /home/arvid/Documents/cobots/ws/build/py_ctrl/build/lib/predicates/tests
[1.128s] copying predicates/tests/__init__.py -> /home/arvid/Documents/cobots/ws/build/py_ctrl/build/lib/predicates/tests
[1.128s] running install
[1.129s] running install_lib
[1.129s] creating /home/arvid/Documents/cobots/ws/install/py_ctrl/lib/python3.8/site-packages/planner
[1.130s] copying /home/arvid/Documents/cobots/ws/build/py_ctrl/build/lib/planner/plan.py -> /home/arvid/Documents/cobots/ws/install/py_ctrl/lib/python3.8/site-packages/planner
[1.130s] copying /home/arvid/Documents/cobots/ws/build/py_ctrl/build/lib/planner/__main__.py -> /home/arvid/Documents/cobots/ws/install/py_ctrl/lib/python3.8/site-packages/planner
[1.130s] copying /home/arvid/Documents/cobots/ws/build/py_ctrl/build/lib/planner/__init__.py -> /home/arvid/Documents/cobots/ws/install/py_ctrl/lib/python3.8/site-packages/planner
[1.130s] creating /home/arvid/Documents/cobots/ws/install/py_ctrl/lib/python3.8/site-packages/planner/tests
[1.130s] copying /home/arvid/Documents/cobots/ws/build/py_ctrl/build/lib/planner/tests/test_planner.py -> /home/arvid/Documents/cobots/ws/install/py_ctrl/lib/python3.8/site-packages/planner/tests
[1.130s] copying /home/arvid/Documents/cobots/ws/build/py_ctrl/build/lib/planner/tests/__init__.py -> /home/arvid/Documents/cobots/ws/install/py_ctrl/lib/python3.8/site-packages/planner/tests
[1.130s] creating /home/arvid/Documents/cobots/ws/install/py_ctrl/lib/python3.8/site-packages/model
[1.131s] copying /home/arvid/Documents/cobots/ws/build/py_ctrl/build/lib/model/__main__.py -> /home/arvid/Documents/cobots/ws/install/py_ctrl/lib/python3.8/site-packages/model
[1.131s] copying /home/arvid/Documents/cobots/ws/build/py_ctrl/build/lib/model/model.py -> /home/arvid/Documents/cobots/ws/install/py_ctrl/lib/python3.8/site-packages/model
[1.131s] copying /home/arvid/Documents/cobots/ws/build/py_ctrl/build/lib/model/operation.py -> /home/arvid/Documents/cobots/ws/install/py_ctrl/lib/python3.8/site-packages/model
[1.131s] copying /home/arvid/Documents/cobots/ws/build/py_ctrl/build/lib/model/__init__.py -> /home/arvid/Documents/cobots/ws/install/py_ctrl/lib/python3.8/site-packages/model
[1.131s] creating /home/arvid/Documents/cobots/ws/install/py_ctrl/lib/python3.8/site-packages/model/tests
[1.131s] copying /home/arvid/Documents/cobots/ws/build/py_ctrl/build/lib/model/tests/test_model.py -> /home/arvid/Documents/cobots/ws/install/py_ctrl/lib/python3.8/site-packages/model/tests
[1.131s] copying /home/arvid/Documents/cobots/ws/build/py_ctrl/build/lib/model/tests/test_operation.py -> /home/arvid/Documents/cobots/ws/install/py_ctrl/lib/python3.8/site-packages/model/tests
[1.131s] copying /home/arvid/Documents/cobots/ws/build/py_ctrl/build/lib/model/tests/__init__.py -> /home/arvid/Documents/cobots/ws/install/py_ctrl/lib/python3.8/site-packages/model/tests
[1.132s] creating /home/arvid/Documents/cobots/ws/install/py_ctrl/lib/python3.8/site-packages/runner
[1.132s] copying /home/arvid/Documents/cobots/ws/build/py_ctrl/build/lib/runner/ctrl.py -> /home/arvid/Documents/cobots/ws/install/py_ctrl/lib/python3.8/site-packages/runner
[1.132s] copying /home/arvid/Documents/cobots/ws/build/py_ctrl/build/lib/runner/__main__.py -> /home/arvid/Documents/cobots/ws/install/py_ctrl/lib/python3.8/site-packages/runner
[1.132s] copying /home/arvid/Documents/cobots/ws/build/py_ctrl/build/lib/runner/ctrl_hands.py -> /home/arvid/Documents/cobots/ws/install/py_ctrl/lib/python3.8/site-packages/runner
[1.132s] copying /home/arvid/Documents/cobots/ws/build/py_ctrl/build/lib/runner/__init__.py -> /home/arvid/Documents/cobots/ws/install/py_ctrl/lib/python3.8/site-packages/runner
[1.132s] creating /home/arvid/Documents/cobots/ws/install/py_ctrl/lib/python3.8/site-packages/runner/tests
[1.132s] copying /home/arvid/Documents/cobots/ws/build/py_ctrl/build/lib/runner/tests/__init__.py -> /home/arvid/Documents/cobots/ws/install/py_ctrl/lib/python3.8/site-packages/runner/tests
[1.132s] creating /home/arvid/Documents/cobots/ws/install/py_ctrl/lib/python3.8/site-packages/predicates
[1.132s] copying /home/arvid/Documents/cobots/ws/build/py_ctrl/build/lib/predicates/actions.py -> /home/arvid/Documents/cobots/ws/install/py_ctrl/lib/python3.8/site-packages/predicates
[1.133s] copying /home/arvid/Documents/cobots/ws/build/py_ctrl/build/lib/predicates/guards.py -> /home/arvid/Documents/cobots/ws/install/py_ctrl/lib/python3.8/site-packages/predicates
[1.133s] copying /home/arvid/Documents/cobots/ws/build/py_ctrl/build/lib/predicates/errors.py -> /home/arvid/Documents/cobots/ws/install/py_ctrl/lib/python3.8/site-packages/predicates
[1.133s] copying /home/arvid/Documents/cobots/ws/build/py_ctrl/build/lib/predicates/state.py -> /home/arvid/Documents/cobots/ws/install/py_ctrl/lib/python3.8/site-packages/predicates
[1.133s] copying /home/arvid/Documents/cobots/ws/build/py_ctrl/build/lib/predicates/__main__.py -> /home/arvid/Documents/cobots/ws/install/py_ctrl/lib/python3.8/site-packages/predicates
[1.133s] copying /home/arvid/Documents/cobots/ws/build/py_ctrl/build/lib/predicates/__init__.py -> /home/arvid/Documents/cobots/ws/install/py_ctrl/lib/python3.8/site-packages/predicates
[1.133s] creating /home/arvid/Documents/cobots/ws/install/py_ctrl/lib/python3.8/site-packages/predicates/tests
[1.133s] copying /home/arvid/Documents/cobots/ws/build/py_ctrl/build/lib/predicates/tests/test_actions.py -> /home/arvid/Documents/cobots/ws/install/py_ctrl/lib/python3.8/site-packages/predicates/tests
[1.133s] copying /home/arvid/Documents/cobots/ws/build/py_ctrl/build/lib/predicates/tests/test_parser.py -> /home/arvid/Documents/cobots/ws/install/py_ctrl/lib/python3.8/site-packages/predicates/tests
[1.133s] copying /home/arvid/Documents/cobots/ws/build/py_ctrl/build/lib/predicates/tests/test_guards.py -> /home/arvid/Documents/cobots/ws/install/py_ctrl/lib/python3.8/site-packages/predicates/tests
[1.133s] copying /home/arvid/Documents/cobots/ws/build/py_ctrl/build/lib/predicates/tests/test_states.py -> /home/arvid/Documents/cobots/ws/install/py_ctrl/lib/python3.8/site-packages/predicates/tests
[1.134s] copying /home/arvid/Documents/cobots/ws/build/py_ctrl/build/lib/predicates/tests/__init__.py -> /home/arvid/Documents/cobots/ws/install/py_ctrl/lib/python3.8/site-packages/predicates/tests
[1.134s] byte-compiling /home/arvid/Documents/cobots/ws/install/py_ctrl/lib/python3.8/site-packages/planner/plan.py to plan.cpython-38.pyc
[1.134s] byte-compiling /home/arvid/Documents/cobots/ws/install/py_ctrl/lib/python3.8/site-packages/planner/__main__.py to __main__.cpython-38.pyc
[1.134s] byte-compiling /home/arvid/Documents/cobots/ws/install/py_ctrl/lib/python3.8/site-packages/planner/__init__.py to __init__.cpython-38.pyc
[1.134s] byte-compiling /home/arvid/Documents/cobots/ws/install/py_ctrl/lib/python3.8/site-packages/planner/tests/test_planner.py to test_planner.cpython-38.pyc
[1.135s] byte-compiling /home/arvid/Documents/cobots/ws/install/py_ctrl/lib/python3.8/site-packages/planner/tests/__init__.py to __init__.cpython-38.pyc
[1.135s] byte-compiling /home/arvid/Documents/cobots/ws/install/py_ctrl/lib/python3.8/site-packages/model/__main__.py to __main__.cpython-38.pyc
[1.135s] byte-compiling /home/arvid/Documents/cobots/ws/install/py_ctrl/lib/python3.8/site-packages/model/model.py to model.cpython-38.pyc
[1.137s] byte-compiling /home/arvid/Documents/cobots/ws/install/py_ctrl/lib/python3.8/site-packages/model/operation.py to operation.cpython-38.pyc
[1.137s] byte-compiling /home/arvid/Documents/cobots/ws/install/py_ctrl/lib/python3.8/site-packages/model/__init__.py to __init__.cpython-38.pyc
[1.137s] byte-compiling /home/arvid/Documents/cobots/ws/install/py_ctrl/lib/python3.8/site-packages/model/tests/test_model.py to test_model.cpython-38.pyc
[1.138s] byte-compiling /home/arvid/Documents/cobots/ws/install/py_ctrl/lib/python3.8/site-packages/model/tests/test_operation.py to test_operation.cpython-38.pyc
[1.138s] byte-compiling /home/arvid/Documents/cobots/ws/install/py_ctrl/lib/python3.8/site-packages/model/tests/__init__.py to __init__.cpython-38.pyc
[1.138s] byte-compiling /home/arvid/Documents/cobots/ws/install/py_ctrl/lib/python3.8/site-packages/runner/ctrl.py to ctrl.cpython-38.pyc
[1.141s] byte-compiling /home/arvid/Documents/cobots/ws/install/py_ctrl/lib/python3.8/site-packages/runner/__main__.py to __main__.cpython-38.pyc
[1.141s] byte-compiling /home/arvid/Documents/cobots/ws/install/py_ctrl/lib/python3.8/site-packages/runner/ctrl_hands.py to ctrl_hands.cpython-38.pyc
[1.141s] byte-compiling /home/arvid/Documents/cobots/ws/install/py_ctrl/lib/python3.8/site-packages/runner/__init__.py to __init__.cpython-38.pyc
[1.141s] byte-compiling /home/arvid/Documents/cobots/ws/install/py_ctrl/lib/python3.8/site-packages/runner/tests/__init__.py to __init__.cpython-38.pyc
[1.142s] byte-compiling /home/arvid/Documents/cobots/ws/install/py_ctrl/lib/python3.8/site-packages/predicates/actions.py to actions.cpython-38.pyc
[1.143s] byte-compiling /home/arvid/Documents/cobots/ws/install/py_ctrl/lib/python3.8/site-packages/predicates/guards.py to guards.cpython-38.pyc
[1.144s] byte-compiling /home/arvid/Documents/cobots/ws/install/py_ctrl/lib/python3.8/site-packages/predicates/errors.py to errors.cpython-38.pyc
[1.144s] byte-compiling /home/arvid/Documents/cobots/ws/install/py_ctrl/lib/python3.8/site-packages/predicates/state.py to state.cpython-38.pyc
[1.144s] byte-compiling /home/arvid/Documents/cobots/ws/install/py_ctrl/lib/python3.8/site-packages/predicates/__main__.py to __main__.cpython-38.pyc
[1.145s] byte-compiling /home/arvid/Documents/cobots/ws/install/py_ctrl/lib/python3.8/site-packages/predicates/__init__.py to __init__.cpython-38.pyc
[1.145s] byte-compiling /home/arvid/Documents/cobots/ws/install/py_ctrl/lib/python3.8/site-packages/predicates/tests/test_actions.py to test_actions.cpython-38.pyc
[1.146s] byte-compiling /home/arvid/Documents/cobots/ws/install/py_ctrl/lib/python3.8/site-packages/predicates/tests/test_parser.py to test_parser.cpython-38.pyc
[1.146s] byte-compiling /home/arvid/Documents/cobots/ws/install/py_ctrl/lib/python3.8/site-packages/predicates/tests/test_guards.py to test_guards.cpython-38.pyc
[1.147s] byte-compiling /home/arvid/Documents/cobots/ws/install/py_ctrl/lib/python3.8/site-packages/predicates/tests/test_states.py to test_states.cpython-38.pyc
[1.148s] byte-compiling /home/arvid/Documents/cobots/ws/install/py_ctrl/lib/python3.8/site-packages/predicates/tests/__init__.py to __init__.cpython-38.pyc
[1.148s] running install_data
[1.149s] creating /home/arvid/Documents/cobots/ws/install/py_ctrl/share/ament_index
[1.149s] creating /home/arvid/Documents/cobots/ws/install/py_ctrl/share/ament_index/resource_index
[1.149s] creating /home/arvid/Documents/cobots/ws/install/py_ctrl/share/ament_index/resource_index/packages
[1.149s] copying resource/py_ctrl -> /home/arvid/Documents/cobots/ws/install/py_ctrl/share/ament_index/resource_index/packages
[1.149s] copying package.xml -> /home/arvid/Documents/cobots/ws/install/py_ctrl/share/py_ctrl
[1.149s] running install_egg_info
[1.151s] Copying ../../../../build/py_ctrl/py_ctrl.egg-info to /home/arvid/Documents/cobots/ws/install/py_ctrl/lib/python3.8/site-packages/py_ctrl-0.0.0-py3.8.egg-info
[1.151s] running install_scripts
[1.169s] Installing go script to /home/arvid/Documents/cobots/ws/install/py_ctrl/lib/py_ctrl
[1.169s] Installing hands script to /home/arvid/Documents/cobots/ws/install/py_ctrl/lib/py_ctrl
[1.170s] writing list of installed files to '/home/arvid/Documents/cobots/ws/build/py_ctrl/install.log'
[1.197s] Invoked command in '/home/arvid/Documents/cobots/ws/src/lab/src/py_ctrl' returned '0': PYTHONPATH=/home/arvid/Documents/cobots/ws/install/py_ctrl/lib/python3.8/site-packages:${PYTHONPATH} /usr/bin/python3 setup.py egg_info --egg-base ../../../../build/py_ctrl build --build-base /home/arvid/Documents/cobots/ws/build/py_ctrl/build install --prefix /home/arvid/Documents/cobots/ws/install/py_ctrl --record /home/arvid/Documents/cobots/ws/build/py_ctrl/install.log --single-version-externally-managed
