-- The C compiler identification is GNU 9.3.0
-- The CXX compiler identification is GNU 9.3.0
-- Check for working C compiler: /usr/bin/cc
-- Check for working C compiler: /usr/bin/cc -- works
-- Detecting C compiler ABI info
-- Detecting C compiler ABI info - done
-- Detecting C compile features
-- Detecting C compile features - done
-- Check for working CXX compiler: /usr/bin/c++
-- Check for working CXX compiler: /usr/bin/c++ -- works
-- Detecting CXX compiler ABI info
-- Detecting CXX compiler ABI info - done
-- Detecting CXX compile features
-- Detecting CXX compile features - done
-- Found ament_cmake: 1.1.5 (/opt/ros/galactic/share/ament_cmake/cmake)
-- Found PythonInterp: /usr/bin/python3 (found suitable version "3.8.10", minimum required is "3") 
-- Using PYTHON_EXECUTABLE: /usr/bin/python3
-- Found ament_lint_auto: 0.10.6 (/opt/ros/galactic/share/ament_lint_auto/cmake)
-- Added test 'copyright' to check source files copyright and LICENSE
-- Added test 'flake8' to check Python code syntax and style conventions
-- Added test 'lint_cmake' to check CMake code style
-- Added test 'pep257' to check Python code against some of the style conventions in PEP 257
-- Added test 'xmllint' to check XML markup files
-- Configuring done
-- Generating done
-- Build files have been written to: /home/knug-artur/dev/cobots/ws/build/case_bringup
-- Install configuration: ""
-- Up-to-date: /home/knug-artur/dev/cobots/ws/install/case_bringup/share/case_bringup/launch
-- Up-to-date: /home/knug-artur/dev/cobots/ws/install/case_bringup/share/case_bringup/launch/opc_r4.launch.py
-- Up-to-date: /home/knug-artur/dev/cobots/ws/install/case_bringup/share/case_bringup/launch/case_r3.launch.py
-- Up-to-date: /home/knug-artur/dev/cobots/ws/install/case_bringup/share/case_bringup/launch/opc_r1.launch.py
-- Up-to-date: /home/knug-artur/dev/cobots/ws/install/case_bringup/share/case_bringup/launch/case_r2.launch.py
-- Up-to-date: /home/knug-artur/dev/cobots/ws/install/case_bringup/share/case_bringup/launch/case_r4.launch.py
-- Up-to-date: /home/knug-artur/dev/cobots/ws/install/case_bringup/share/case_bringup/launch/opc_r2.launch.py
-- Up-to-date: /home/knug-artur/dev/cobots/ws/install/case_bringup/share/case_bringup/launch/case_r1.launch.py
-- Up-to-date: /home/knug-artur/dev/cobots/ws/install/case_bringup/share/case_bringup/launch/opc_r3.launch.py
-- Up-to-date: /home/knug-artur/dev/cobots/ws/install/case_bringup/share/case_bringup/config
-- Up-to-date: /home/knug-artur/dev/cobots/ws/install/case_bringup/share/case_bringup/config/paths.json
-- Up-to-date: /home/knug-artur/dev/cobots/ws/install/case_bringup/share/case_bringup/config/scenario_1.rviz
-- Up-to-date: /home/knug-artur/dev/cobots/ws/install/case_bringup/share/case_bringup/config/scenario_3.rviz
-- Up-to-date: /home/knug-artur/dev/cobots/ws/install/case_bringup/share/case_bringup/config/scenario_2.rviz
-- Installing: /home/knug-artur/dev/cobots/ws/install/case_bringup/share/ament_index/resource_index/package_run_dependencies/case_bringup
-- Installing: /home/knug-artur/dev/cobots/ws/install/case_bringup/share/ament_index/resource_index/parent_prefix_path/case_bringup
-- Installing: /home/knug-artur/dev/cobots/ws/install/case_bringup/share/case_bringup/environment/ament_prefix_path.sh
-- Installing: /home/knug-artur/dev/cobots/ws/install/case_bringup/share/case_bringup/environment/ament_prefix_path.dsv
-- Installing: /home/knug-artur/dev/cobots/ws/install/case_bringup/share/case_bringup/environment/path.sh
-- Installing: /home/knug-artur/dev/cobots/ws/install/case_bringup/share/case_bringup/environment/path.dsv
-- Installing: /home/knug-artur/dev/cobots/ws/install/case_bringup/share/case_bringup/local_setup.bash
-- Installing: /home/knug-artur/dev/cobots/ws/install/case_bringup/share/case_bringup/local_setup.sh
-- Installing: /home/knug-artur/dev/cobots/ws/install/case_bringup/share/case_bringup/local_setup.zsh
-- Installing: /home/knug-artur/dev/cobots/ws/install/case_bringup/share/case_bringup/local_setup.dsv
-- Installing: /home/knug-artur/dev/cobots/ws/install/case_bringup/share/case_bringup/package.dsv
-- Installing: /home/knug-artur/dev/cobots/ws/install/case_bringup/share/ament_index/resource_index/packages/case_bringup
-- Installing: /home/knug-artur/dev/cobots/ws/install/case_bringup/share/case_bringup/cmake/case_bringupConfig.cmake
-- Installing: /home/knug-artur/dev/cobots/ws/install/case_bringup/share/case_bringup/cmake/case_bringupConfig-version.cmake
-- Up-to-date: /home/knug-artur/dev/cobots/ws/install/case_bringup/share/case_bringup/package.xml
