[0.039s] Invoking command in '/home/arvid/Documents/cobots/ws/build/case_bringup': CMAKE_PREFIX_PATH=${CMAKE_PREFIX_PATH}:/home/arvid/Documents/cobots/dep_ws/install/viz_static:/home/arvid/Documents/cobots/dep_ws/install/viz_interactive:/home/arvid/Documents/cobots/dep_ws/install/ur_setup:/home/arvid/Documents/cobots/dep_ws/install/tf_lookup:/home/arvid/Documents/cobots/dep_ws/install/tf_broadcast:/home/arvid/Documents/cobots/dep_ws/install/tf_scene:/home/arvid/Documents/cobots/dep_ws/install/gui_tools:/home/arvid/Documents/cobots/dep_ws/install/aruco_handler:/opt/ros/galactic /usr/bin/cmake /home/arvid/Documents/cobots/ws/src/lab/src/case_suite/case_bringup -DCMAKE_INSTALL_PREFIX=/home/arvid/Documents/cobots/ws/install/case_bringup
[0.277s] -- The C compiler identification is GNU 9.3.0
[0.278s] -- The CXX compiler identification is GNU 9.3.0
[0.278s] -- Check for working C compiler: /usr/bin/cc
[0.278s] -- Check for working C compiler: /usr/bin/cc -- works
[0.278s] -- Detecting C compiler ABI info
[0.278s] -- Detecting C compiler ABI info - done
[0.285s] -- Detecting C compile features
[0.285s] -- Detecting C compile features - done
[0.287s] -- Check for working CXX compiler: /usr/bin/c++
[0.358s] -- Check for working CXX compiler: /usr/bin/c++ -- works
[0.359s] -- Detecting CXX compiler ABI info
[0.429s] -- Detecting CXX compiler ABI info - done
[0.440s] -- Detecting CXX compile features
[0.440s] -- Detecting CXX compile features - done
[0.443s] -- Found ament_cmake: 1.1.5 (/opt/ros/galactic/share/ament_cmake/cmake)
[0.471s] -- Found PythonInterp: /usr/bin/python3 (found suitable version "3.8.10", minimum required is "3") 
[0.471s] -- Using PYTHON_EXECUTABLE: /usr/bin/python3
[0.567s] -- Found ament_lint_auto: 0.10.6 (/opt/ros/galactic/share/ament_lint_auto/cmake)
[0.653s] -- Added test 'copyright' to check source files copyright and LICENSE
[0.655s] -- Added test 'flake8' to check Python code syntax and style conventions
[0.655s] -- Added test 'lint_cmake' to check CMake code style
[0.656s] -- Added test 'pep257' to check Python code against some of the style conventions in PEP 257
[0.657s] -- Added test 'xmllint' to check XML markup files
[0.660s] -- Configuring done
[0.661s] -- Generating done
[0.662s] -- Build files have been written to: /home/arvid/Documents/cobots/ws/build/case_bringup
[0.666s] Invoked command in '/home/arvid/Documents/cobots/ws/build/case_bringup' returned '0': CMAKE_PREFIX_PATH=${CMAKE_PREFIX_PATH}:/home/arvid/Documents/cobots/dep_ws/install/viz_static:/home/arvid/Documents/cobots/dep_ws/install/viz_interactive:/home/arvid/Documents/cobots/dep_ws/install/ur_setup:/home/arvid/Documents/cobots/dep_ws/install/tf_lookup:/home/arvid/Documents/cobots/dep_ws/install/tf_broadcast:/home/arvid/Documents/cobots/dep_ws/install/tf_scene:/home/arvid/Documents/cobots/dep_ws/install/gui_tools:/home/arvid/Documents/cobots/dep_ws/install/aruco_handler:/opt/ros/galactic /usr/bin/cmake /home/arvid/Documents/cobots/ws/src/lab/src/case_suite/case_bringup -DCMAKE_INSTALL_PREFIX=/home/arvid/Documents/cobots/ws/install/case_bringup
[0.670s] Invoking command in '/home/arvid/Documents/cobots/ws/build/case_bringup': CMAKE_PREFIX_PATH=${CMAKE_PREFIX_PATH}:/home/arvid/Documents/cobots/dep_ws/install/viz_static:/home/arvid/Documents/cobots/dep_ws/install/viz_interactive:/home/arvid/Documents/cobots/dep_ws/install/ur_setup:/home/arvid/Documents/cobots/dep_ws/install/tf_lookup:/home/arvid/Documents/cobots/dep_ws/install/tf_broadcast:/home/arvid/Documents/cobots/dep_ws/install/tf_scene:/home/arvid/Documents/cobots/dep_ws/install/gui_tools:/home/arvid/Documents/cobots/dep_ws/install/aruco_handler:/opt/ros/galactic /usr/bin/cmake --build /home/arvid/Documents/cobots/ws/build/case_bringup -- -j8 -l8
[0.707s] Invoked command in '/home/arvid/Documents/cobots/ws/build/case_bringup' returned '0': CMAKE_PREFIX_PATH=${CMAKE_PREFIX_PATH}:/home/arvid/Documents/cobots/dep_ws/install/viz_static:/home/arvid/Documents/cobots/dep_ws/install/viz_interactive:/home/arvid/Documents/cobots/dep_ws/install/ur_setup:/home/arvid/Documents/cobots/dep_ws/install/tf_lookup:/home/arvid/Documents/cobots/dep_ws/install/tf_broadcast:/home/arvid/Documents/cobots/dep_ws/install/tf_scene:/home/arvid/Documents/cobots/dep_ws/install/gui_tools:/home/arvid/Documents/cobots/dep_ws/install/aruco_handler:/opt/ros/galactic /usr/bin/cmake --build /home/arvid/Documents/cobots/ws/build/case_bringup -- -j8 -l8
[0.738s] Invoking command in '/home/arvid/Documents/cobots/ws/build/case_bringup': CMAKE_PREFIX_PATH=${CMAKE_PREFIX_PATH}:/home/arvid/Documents/cobots/dep_ws/install/viz_static:/home/arvid/Documents/cobots/dep_ws/install/viz_interactive:/home/arvid/Documents/cobots/dep_ws/install/ur_setup:/home/arvid/Documents/cobots/dep_ws/install/tf_lookup:/home/arvid/Documents/cobots/dep_ws/install/tf_broadcast:/home/arvid/Documents/cobots/dep_ws/install/tf_scene:/home/arvid/Documents/cobots/dep_ws/install/gui_tools:/home/arvid/Documents/cobots/dep_ws/install/aruco_handler:/opt/ros/galactic /usr/bin/cmake --install /home/arvid/Documents/cobots/ws/build/case_bringup
[0.745s] -- Install configuration: ""
[0.745s] -- Installing: /home/arvid/Documents/cobots/ws/install/case_bringup/share/case_bringup/launch
[0.746s] -- Installing: /home/arvid/Documents/cobots/ws/install/case_bringup/share/case_bringup/launch/case_r3.launch.py
[0.746s] -- Installing: /home/arvid/Documents/cobots/ws/install/case_bringup/share/case_bringup/launch/case_r2.launch.py
[0.746s] -- Installing: /home/arvid/Documents/cobots/ws/install/case_bringup/share/case_bringup/launch/opc_r4.launch.py
[0.746s] -- Installing: /home/arvid/Documents/cobots/ws/install/case_bringup/share/case_bringup/launch/opc_r2.launch.py
[0.746s] -- Installing: /home/arvid/Documents/cobots/ws/install/case_bringup/share/case_bringup/launch/opc_r1.launch.py
[0.746s] -- Installing: /home/arvid/Documents/cobots/ws/install/case_bringup/share/case_bringup/launch/opc_r3.launch.py
[0.746s] -- Installing: /home/arvid/Documents/cobots/ws/install/case_bringup/share/case_bringup/launch/case_r1.launch.py
[0.746s] -- Installing: /home/arvid/Documents/cobots/ws/install/case_bringup/share/case_bringup/launch/case_r4.launch.py
[0.746s] -- Installing: /home/arvid/Documents/cobots/ws/install/case_bringup/share/case_bringup/config
[0.746s] -- Installing: /home/arvid/Documents/cobots/ws/install/case_bringup/share/case_bringup/config/scenario_2.rviz
[0.746s] -- Installing: /home/arvid/Documents/cobots/ws/install/case_bringup/share/case_bringup/config/paths.json
[0.746s] -- Installing: /home/arvid/Documents/cobots/ws/install/case_bringup/share/case_bringup/config/scenario_1.rviz
[0.746s] -- Installing: /home/arvid/Documents/cobots/ws/install/case_bringup/share/case_bringup/config/scenario_3.rviz
[0.747s] -- Installing: /home/arvid/Documents/cobots/ws/install/case_bringup/share/ament_index/resource_index/package_run_dependencies/case_bringup
[0.747s] -- Installing: /home/arvid/Documents/cobots/ws/install/case_bringup/share/ament_index/resource_index/parent_prefix_path/case_bringup
[0.747s] -- Installing: /home/arvid/Documents/cobots/ws/install/case_bringup/share/case_bringup/environment/ament_prefix_path.sh
[0.747s] -- Installing: /home/arvid/Documents/cobots/ws/install/case_bringup/share/case_bringup/environment/ament_prefix_path.dsv
[0.747s] -- Installing: /home/arvid/Documents/cobots/ws/install/case_bringup/share/case_bringup/environment/path.sh
[0.747s] -- Installing: /home/arvid/Documents/cobots/ws/install/case_bringup/share/case_bringup/environment/path.dsv
[0.747s] -- Installing: /home/arvid/Documents/cobots/ws/install/case_bringup/share/case_bringup/local_setup.bash
[0.747s] -- Installing: /home/arvid/Documents/cobots/ws/install/case_bringup/share/case_bringup/local_setup.sh
[0.747s] -- Installing: /home/arvid/Documents/cobots/ws/install/case_bringup/share/case_bringup/local_setup.zsh
[0.747s] -- Installing: /home/arvid/Documents/cobots/ws/install/case_bringup/share/case_bringup/local_setup.dsv
[0.747s] -- Installing: /home/arvid/Documents/cobots/ws/install/case_bringup/share/case_bringup/package.dsv
[0.747s] -- Installing: /home/arvid/Documents/cobots/ws/install/case_bringup/share/ament_index/resource_index/packages/case_bringup
[0.748s] -- Installing: /home/arvid/Documents/cobots/ws/install/case_bringup/share/case_bringup/cmake/case_bringupConfig.cmake
[0.748s] -- Installing: /home/arvid/Documents/cobots/ws/install/case_bringup/share/case_bringup/cmake/case_bringupConfig-version.cmake
[0.748s] -- Installing: /home/arvid/Documents/cobots/ws/install/case_bringup/share/case_bringup/package.xml
[0.750s] Invoked command in '/home/arvid/Documents/cobots/ws/build/case_bringup' returned '0': CMAKE_PREFIX_PATH=${CMAKE_PREFIX_PATH}:/home/arvid/Documents/cobots/dep_ws/install/viz_static:/home/arvid/Documents/cobots/dep_ws/install/viz_interactive:/home/arvid/Documents/cobots/dep_ws/install/ur_setup:/home/arvid/Documents/cobots/dep_ws/install/tf_lookup:/home/arvid/Documents/cobots/dep_ws/install/tf_broadcast:/home/arvid/Documents/cobots/dep_ws/install/tf_scene:/home/arvid/Documents/cobots/dep_ws/install/gui_tools:/home/arvid/Documents/cobots/dep_ws/install/aruco_handler:/opt/ros/galactic /usr/bin/cmake --install /home/arvid/Documents/cobots/ws/build/case_bringup
