-- Install configuration: ""
-- Up-to-date: /home/knug-artur/dev/cobots/ws/install/case_bringup/share/case_bringup/launch
-- Up-to-date: /home/knug-artur/dev/cobots/ws/install/case_bringup/share/case_bringup/launch/opc_r4.launch.py
-- Up-to-date: /home/knug-artur/dev/cobots/ws/install/case_bringup/share/case_bringup/launch/case_r3.launch.py
-- Up-to-date: /home/knug-artur/dev/cobots/ws/install/case_bringup/share/case_bringup/launch/opc_r1.launch.py
-- Up-to-date: /home/knug-artur/dev/cobots/ws/install/case_bringup/share/case_bringup/launch/case_r2.launch.py
-- Up-to-date: /home/knug-artur/dev/cobots/ws/install/case_bringup/share/case_bringup/launch/case_r4.launch.py
-- Up-to-date: /home/knug-artur/dev/cobots/ws/install/case_bringup/share/case_bringup/launch/opc_r2.launch.py
-- Up-to-date: /home/knug-artur/dev/cobots/ws/install/case_bringup/share/case_bringup/launch/case_r1.launch.py
-- Up-to-date: /home/knug-artur/dev/cobots/ws/install/case_bringup/share/case_bringup/launch/opc_r3.launch.py
-- Up-to-date: /home/knug-artur/dev/cobots/ws/install/case_bringup/share/case_bringup/config
-- Up-to-date: /home/knug-artur/dev/cobots/ws/install/case_bringup/share/case_bringup/config/paths.json
-- Up-to-date: /home/knug-artur/dev/cobots/ws/install/case_bringup/share/case_bringup/config/scenario_1.rviz
-- Up-to-date: /home/knug-artur/dev/cobots/ws/install/case_bringup/share/case_bringup/config/scenario_3.rviz
-- Up-to-date: /home/knug-artur/dev/cobots/ws/install/case_bringup/share/case_bringup/config/scenario_2.rviz
-- Up-to-date: /home/knug-artur/dev/cobots/ws/install/case_bringup/share/ament_index/resource_index/package_run_dependencies/case_bringup
-- Up-to-date: /home/knug-artur/dev/cobots/ws/install/case_bringup/share/ament_index/resource_index/parent_prefix_path/case_bringup
-- Up-to-date: /home/knug-artur/dev/cobots/ws/install/case_bringup/share/case_bringup/environment/ament_prefix_path.sh
-- Up-to-date: /home/knug-artur/dev/cobots/ws/install/case_bringup/share/case_bringup/environment/ament_prefix_path.dsv
-- Up-to-date: /home/knug-artur/dev/cobots/ws/install/case_bringup/share/case_bringup/environment/path.sh
-- Up-to-date: /home/knug-artur/dev/cobots/ws/install/case_bringup/share/case_bringup/environment/path.dsv
-- Up-to-date: /home/knug-artur/dev/cobots/ws/install/case_bringup/share/case_bringup/local_setup.bash
-- Up-to-date: /home/knug-artur/dev/cobots/ws/install/case_bringup/share/case_bringup/local_setup.sh
-- Up-to-date: /home/knug-artur/dev/cobots/ws/install/case_bringup/share/case_bringup/local_setup.zsh
-- Up-to-date: /home/knug-artur/dev/cobots/ws/install/case_bringup/share/case_bringup/local_setup.dsv
-- Installing: /home/knug-artur/dev/cobots/ws/install/case_bringup/share/case_bringup/package.dsv
-- Up-to-date: /home/knug-artur/dev/cobots/ws/install/case_bringup/share/ament_index/resource_index/packages/case_bringup
-- Up-to-date: /home/knug-artur/dev/cobots/ws/install/case_bringup/share/case_bringup/cmake/case_bringupConfig.cmake
-- Up-to-date: /home/knug-artur/dev/cobots/ws/install/case_bringup/share/case_bringup/cmake/case_bringupConfig-version.cmake
-- Up-to-date: /home/knug-artur/dev/cobots/ws/install/case_bringup/share/case_bringup/package.xml
