[0.054s] Invoking command in '/home/knug-artur/dev/cobots/ws/build/case_bringup': CMAKE_PREFIX_PATH=${CMAKE_PREFIX_PATH}:/home/knug-artur/dev/cobots/ws/install/py_ctrl:/home/knug-artur/dev/cobots/ws/install/case_scenes:/home/knug-artur/dev/cobots/dep_ws/install/viz_static:/home/knug-artur/dev/cobots/dep_ws/install/viz_interactive:/home/knug-artur/dev/cobots/dep_ws/install/ur_setup:/home/knug-artur/dev/cobots/dep_ws/install/tf_lookup:/home/knug-artur/dev/cobots/dep_ws/install/tf_broadcast:/home/knug-artur/dev/cobots/dep_ws/install/tf_scene:/home/knug-artur/dev/cobots/dep_ws/install/gui_tools:/home/knug-artur/dev/cobots/dep_ws/install/aruco_handler:/opt/ros/galactic /usr/bin/cmake --build /home/knug-artur/dev/cobots/ws/build/case_bringup -- -j4 -l4
[0.544s] Invoked command in '/home/knug-artur/dev/cobots/ws/build/case_bringup' returned '0': CMAKE_PREFIX_PATH=${CMAKE_PREFIX_PATH}:/home/knug-artur/dev/cobots/ws/install/py_ctrl:/home/knug-artur/dev/cobots/ws/install/case_scenes:/home/knug-artur/dev/cobots/dep_ws/install/viz_static:/home/knug-artur/dev/cobots/dep_ws/install/viz_interactive:/home/knug-artur/dev/cobots/dep_ws/install/ur_setup:/home/knug-artur/dev/cobots/dep_ws/install/tf_lookup:/home/knug-artur/dev/cobots/dep_ws/install/tf_broadcast:/home/knug-artur/dev/cobots/dep_ws/install/tf_scene:/home/knug-artur/dev/cobots/dep_ws/install/gui_tools:/home/knug-artur/dev/cobots/dep_ws/install/aruco_handler:/opt/ros/galactic /usr/bin/cmake --build /home/knug-artur/dev/cobots/ws/build/case_bringup -- -j4 -l4
[0.593s] Invoking command in '/home/knug-artur/dev/cobots/ws/build/case_bringup': CMAKE_PREFIX_PATH=${CMAKE_PREFIX_PATH}:/home/knug-artur/dev/cobots/ws/install/py_ctrl:/home/knug-artur/dev/cobots/ws/install/case_scenes:/home/knug-artur/dev/cobots/dep_ws/install/viz_static:/home/knug-artur/dev/cobots/dep_ws/install/viz_interactive:/home/knug-artur/dev/cobots/dep_ws/install/ur_setup:/home/knug-artur/dev/cobots/dep_ws/install/tf_lookup:/home/knug-artur/dev/cobots/dep_ws/install/tf_broadcast:/home/knug-artur/dev/cobots/dep_ws/install/tf_scene:/home/knug-artur/dev/cobots/dep_ws/install/gui_tools:/home/knug-artur/dev/cobots/dep_ws/install/aruco_handler:/opt/ros/galactic /usr/bin/cmake --install /home/knug-artur/dev/cobots/ws/build/case_bringup
[0.606s] -- Install configuration: ""
[0.607s] -- Up-to-date: /home/knug-artur/dev/cobots/ws/install/case_bringup/share/case_bringup/launch
[0.607s] -- Up-to-date: /home/knug-artur/dev/cobots/ws/install/case_bringup/share/case_bringup/launch/opc_r4.launch.py
[0.607s] -- Up-to-date: /home/knug-artur/dev/cobots/ws/install/case_bringup/share/case_bringup/launch/case_r3.launch.py
[0.607s] -- Up-to-date: /home/knug-artur/dev/cobots/ws/install/case_bringup/share/case_bringup/launch/opc_r1.launch.py
[0.607s] -- Up-to-date: /home/knug-artur/dev/cobots/ws/install/case_bringup/share/case_bringup/launch/case_r2.launch.py
[0.607s] -- Up-to-date: /home/knug-artur/dev/cobots/ws/install/case_bringup/share/case_bringup/launch/case_r4.launch.py
[0.608s] -- Up-to-date: /home/knug-artur/dev/cobots/ws/install/case_bringup/share/case_bringup/launch/opc_r2.launch.py
[0.608s] -- Up-to-date: /home/knug-artur/dev/cobots/ws/install/case_bringup/share/case_bringup/launch/case_r1.launch.py
[0.608s] -- Up-to-date: /home/knug-artur/dev/cobots/ws/install/case_bringup/share/case_bringup/launch/opc_r3.launch.py
[0.608s] -- Up-to-date: /home/knug-artur/dev/cobots/ws/install/case_bringup/share/case_bringup/config
[0.608s] -- Up-to-date: /home/knug-artur/dev/cobots/ws/install/case_bringup/share/case_bringup/config/paths.json
[0.608s] -- Up-to-date: /home/knug-artur/dev/cobots/ws/install/case_bringup/share/case_bringup/config/scenario_1.rviz
[0.609s] -- Up-to-date: /home/knug-artur/dev/cobots/ws/install/case_bringup/share/case_bringup/config/scenario_3.rviz
[0.609s] -- Up-to-date: /home/knug-artur/dev/cobots/ws/install/case_bringup/share/case_bringup/config/scenario_2.rviz
[0.609s] -- Up-to-date: /home/knug-artur/dev/cobots/ws/install/case_bringup/share/ament_index/resource_index/package_run_dependencies/case_bringup
[0.609s] -- Up-to-date: /home/knug-artur/dev/cobots/ws/install/case_bringup/share/ament_index/resource_index/parent_prefix_path/case_bringup
[0.609s] -- Up-to-date: /home/knug-artur/dev/cobots/ws/install/case_bringup/share/case_bringup/environment/ament_prefix_path.sh
[0.609s] -- Up-to-date: /home/knug-artur/dev/cobots/ws/install/case_bringup/share/case_bringup/environment/ament_prefix_path.dsv
[0.609s] -- Up-to-date: /home/knug-artur/dev/cobots/ws/install/case_bringup/share/case_bringup/environment/path.sh
[0.609s] -- Up-to-date: /home/knug-artur/dev/cobots/ws/install/case_bringup/share/case_bringup/environment/path.dsv
[0.610s] -- Up-to-date: /home/knug-artur/dev/cobots/ws/install/case_bringup/share/case_bringup/local_setup.bash
[0.610s] -- Up-to-date: /home/knug-artur/dev/cobots/ws/install/case_bringup/share/case_bringup/local_setup.sh
[0.613s] -- Up-to-date: /home/knug-artur/dev/cobots/ws/install/case_bringup/share/case_bringup/local_setup.zsh
[0.613s] -- Up-to-date: /home/knug-artur/dev/cobots/ws/install/case_bringup/share/case_bringup/local_setup.dsv
[0.613s] -- Installing: /home/knug-artur/dev/cobots/ws/install/case_bringup/share/case_bringup/package.dsv
[0.614s] -- Up-to-date: /home/knug-artur/dev/cobots/ws/install/case_bringup/share/ament_index/resource_index/packages/case_bringup
[0.614s] -- Up-to-date: /home/knug-artur/dev/cobots/ws/install/case_bringup/share/case_bringup/cmake/case_bringupConfig.cmake
[0.614s] -- Up-to-date: /home/knug-artur/dev/cobots/ws/install/case_bringup/share/case_bringup/cmake/case_bringupConfig-version.cmake
[0.614s] -- Up-to-date: /home/knug-artur/dev/cobots/ws/install/case_bringup/share/case_bringup/package.xml
[0.615s] Invoked command in '/home/knug-artur/dev/cobots/ws/build/case_bringup' returned '0': CMAKE_PREFIX_PATH=${CMAKE_PREFIX_PATH}:/home/knug-artur/dev/cobots/ws/install/py_ctrl:/home/knug-artur/dev/cobots/ws/install/case_scenes:/home/knug-artur/dev/cobots/dep_ws/install/viz_static:/home/knug-artur/dev/cobots/dep_ws/install/viz_interactive:/home/knug-artur/dev/cobots/dep_ws/install/ur_setup:/home/knug-artur/dev/cobots/dep_ws/install/tf_lookup:/home/knug-artur/dev/cobots/dep_ws/install/tf_broadcast:/home/knug-artur/dev/cobots/dep_ws/install/tf_scene:/home/knug-artur/dev/cobots/dep_ws/install/gui_tools:/home/knug-artur/dev/cobots/dep_ws/install/aruco_handler:/opt/ros/galactic /usr/bin/cmake --install /home/knug-artur/dev/cobots/ws/build/case_bringup
