[0.128s] DEBUG:colcon:Command line arguments: ['/usr/bin/colcon', 'build']
[0.128s] DEBUG:colcon:Parsed command line arguments: Namespace(allow_overriding=[], ament_cmake_args=None, base_paths=['.'], build_base='build', catkin_cmake_args=None, catkin_skip_building_tests=False, cmake_args=None, cmake_clean_cache=False, cmake_clean_first=False, cmake_force_configure=False, cmake_target=None, cmake_target_skip_unavailable=False, continue_on_error=False, event_handlers=None, executor='parallel', ignore_user_meta=False, install_base='install', log_base=None, log_level=None, main=<bound method BuildVerb.main of <colcon_core.verb.build.BuildVerb object at 0x7f103bfc2af0>>, merge_install=False, metas=['./colcon.meta'], packages_above=None, packages_above_and_dependencies=None, packages_above_depth=None, packages_end=None, packages_ignore=None, packages_ignore_regex=None, packages_select=None, packages_select_build_failed=False, packages_select_by_dep=None, packages_select_regex=None, packages_select_test_failures=False, packages_skip=None, packages_skip_build_finished=False, packages_skip_by_dep=None, packages_skip_regex=None, packages_skip_test_passed=False, packages_skip_up_to=None, packages_start=None, packages_up_to=None, packages_up_to_regex=None, parallel_workers=8, paths=None, symlink_install=False, test_result_base=None, verb_extension=<colcon_core.verb.build.BuildVerb object at 0x7f103bfc2af0>, verb_name='build', verb_parser=<colcon_defaults.argument_parser.defaults.DefaultArgumentsDecorator object at 0x7f103bf4d0a0>)
[0.133s] Level 1:colcon.colcon_core.package_discovery:discover_packages(colcon_meta) check parameters
[0.133s] Level 1:colcon.colcon_core.package_discovery:discover_packages(recursive) check parameters
[0.133s] Level 1:colcon.colcon_core.package_discovery:discover_packages(ignore) check parameters
[0.133s] Level 1:colcon.colcon_core.package_discovery:discover_packages(path) check parameters
[0.133s] Level 1:colcon.colcon_core.package_discovery:discover_packages(colcon_meta) discover
[0.133s] Level 1:colcon.colcon_core.package_discovery:discover_packages(recursive) discover
[0.133s] INFO:colcon.colcon_core.package_discovery:Crawling recursively for packages in '/home/arvid/Documents/cobots/ws'
[0.133s] Level 1:colcon.colcon_core.package_identification:_identify(.) by extensions ['ignore', 'ignore_ament_install']
[0.133s] Level 1:colcon.colcon_core.package_identification:_identify(.) by extension 'ignore'
[0.134s] Level 1:colcon.colcon_core.package_identification:_identify(.) by extension 'ignore_ament_install'
[0.134s] Level 1:colcon.colcon_core.package_identification:_identify(.) by extensions ['colcon_pkg']
[0.134s] Level 1:colcon.colcon_core.package_identification:_identify(.) by extension 'colcon_pkg'
[0.134s] Level 1:colcon.colcon_core.package_identification:_identify(.) by extensions ['colcon_meta']
[0.134s] Level 1:colcon.colcon_core.package_identification:_identify(.) by extension 'colcon_meta'
[0.134s] Level 1:colcon.colcon_core.package_identification:_identify(.) by extensions ['ros']
[0.134s] Level 1:colcon.colcon_core.package_identification:_identify(.) by extension 'ros'
[0.144s] Level 1:colcon.colcon_core.package_identification:_identify(.) by extensions ['cmake', 'python']
[0.144s] Level 1:colcon.colcon_core.package_identification:_identify(.) by extension 'cmake'
[0.144s] Level 1:colcon.colcon_core.package_identification:_identify(.) by extension 'python'
[0.144s] Level 1:colcon.colcon_core.package_identification:_identify(.) by extensions ['python_setup_py']
[0.144s] Level 1:colcon.colcon_core.package_identification:_identify(.) by extension 'python_setup_py'
[0.144s] Level 1:colcon.colcon_core.package_identification:_identify(build) by extensions ['ignore', 'ignore_ament_install']
[0.145s] Level 1:colcon.colcon_core.package_identification:_identify(build) by extension 'ignore'
[0.145s] Level 1:colcon.colcon_core.package_identification:_identify(build) ignored
[0.145s] Level 1:colcon.colcon_core.package_identification:_identify(install) by extensions ['ignore', 'ignore_ament_install']
[0.145s] Level 1:colcon.colcon_core.package_identification:_identify(install) by extension 'ignore'
[0.145s] Level 1:colcon.colcon_core.package_identification:_identify(install) ignored
[0.145s] Level 1:colcon.colcon_core.package_identification:_identify(log) by extensions ['ignore', 'ignore_ament_install']
[0.145s] Level 1:colcon.colcon_core.package_identification:_identify(log) by extension 'ignore'
[0.145s] Level 1:colcon.colcon_core.package_identification:_identify(log) ignored
[0.145s] Level 1:colcon.colcon_core.package_identification:_identify(src) by extensions ['ignore', 'ignore_ament_install']
[0.145s] Level 1:colcon.colcon_core.package_identification:_identify(src) by extension 'ignore'
[0.145s] Level 1:colcon.colcon_core.package_identification:_identify(src) by extension 'ignore_ament_install'
[0.145s] Level 1:colcon.colcon_core.package_identification:_identify(src) by extensions ['colcon_pkg']
[0.145s] Level 1:colcon.colcon_core.package_identification:_identify(src) by extension 'colcon_pkg'
[0.145s] Level 1:colcon.colcon_core.package_identification:_identify(src) by extensions ['colcon_meta']
[0.145s] Level 1:colcon.colcon_core.package_identification:_identify(src) by extension 'colcon_meta'
[0.145s] Level 1:colcon.colcon_core.package_identification:_identify(src) by extensions ['ros']
[0.145s] Level 1:colcon.colcon_core.package_identification:_identify(src) by extension 'ros'
[0.145s] Level 1:colcon.colcon_core.package_identification:_identify(src) by extensions ['cmake', 'python']
[0.146s] Level 1:colcon.colcon_core.package_identification:_identify(src) by extension 'cmake'
[0.146s] Level 1:colcon.colcon_core.package_identification:_identify(src) by extension 'python'
[0.146s] Level 1:colcon.colcon_core.package_identification:_identify(src) by extensions ['python_setup_py']
[0.146s] Level 1:colcon.colcon_core.package_identification:_identify(src) by extension 'python_setup_py'
[0.146s] Level 1:colcon.colcon_core.package_identification:_identify(src/lab) by extensions ['ignore', 'ignore_ament_install']
[0.146s] Level 1:colcon.colcon_core.package_identification:_identify(src/lab) by extension 'ignore'
[0.146s] Level 1:colcon.colcon_core.package_identification:_identify(src/lab) by extension 'ignore_ament_install'
[0.146s] Level 1:colcon.colcon_core.package_identification:_identify(src/lab) by extensions ['colcon_pkg']
[0.146s] Level 1:colcon.colcon_core.package_identification:_identify(src/lab) by extension 'colcon_pkg'
[0.146s] Level 1:colcon.colcon_core.package_identification:_identify(src/lab) by extensions ['colcon_meta']
[0.146s] Level 1:colcon.colcon_core.package_identification:_identify(src/lab) by extension 'colcon_meta'
[0.146s] Level 1:colcon.colcon_core.package_identification:_identify(src/lab) by extensions ['ros']
[0.146s] Level 1:colcon.colcon_core.package_identification:_identify(src/lab) by extension 'ros'
[0.146s] Level 1:colcon.colcon_core.package_identification:_identify(src/lab) by extensions ['cmake', 'python']
[0.146s] Level 1:colcon.colcon_core.package_identification:_identify(src/lab) by extension 'cmake'
[0.146s] Level 1:colcon.colcon_core.package_identification:_identify(src/lab) by extension 'python'
[0.146s] Level 1:colcon.colcon_core.package_identification:_identify(src/lab) by extensions ['python_setup_py']
[0.146s] Level 1:colcon.colcon_core.package_identification:_identify(src/lab) by extension 'python_setup_py'
[0.146s] Level 1:colcon.colcon_core.package_identification:_identify(src/lab/src) by extensions ['ignore', 'ignore_ament_install']
[0.146s] Level 1:colcon.colcon_core.package_identification:_identify(src/lab/src) by extension 'ignore'
[0.147s] Level 1:colcon.colcon_core.package_identification:_identify(src/lab/src) by extension 'ignore_ament_install'
[0.147s] Level 1:colcon.colcon_core.package_identification:_identify(src/lab/src) by extensions ['colcon_pkg']
[0.147s] Level 1:colcon.colcon_core.package_identification:_identify(src/lab/src) by extension 'colcon_pkg'
[0.147s] Level 1:colcon.colcon_core.package_identification:_identify(src/lab/src) by extensions ['colcon_meta']
[0.147s] Level 1:colcon.colcon_core.package_identification:_identify(src/lab/src) by extension 'colcon_meta'
[0.147s] Level 1:colcon.colcon_core.package_identification:_identify(src/lab/src) by extensions ['ros']
[0.147s] Level 1:colcon.colcon_core.package_identification:_identify(src/lab/src) by extension 'ros'
[0.147s] Level 1:colcon.colcon_core.package_identification:_identify(src/lab/src) by extensions ['cmake', 'python']
[0.147s] Level 1:colcon.colcon_core.package_identification:_identify(src/lab/src) by extension 'cmake'
[0.147s] Level 1:colcon.colcon_core.package_identification:_identify(src/lab/src) by extension 'python'
[0.147s] Level 1:colcon.colcon_core.package_identification:_identify(src/lab/src) by extensions ['python_setup_py']
[0.147s] Level 1:colcon.colcon_core.package_identification:_identify(src/lab/src) by extension 'python_setup_py'
[0.147s] Level 1:colcon.colcon_core.package_identification:_identify(src/lab/src/case_suite) by extensions ['ignore', 'ignore_ament_install']
[0.147s] Level 1:colcon.colcon_core.package_identification:_identify(src/lab/src/case_suite) by extension 'ignore'
[0.147s] Level 1:colcon.colcon_core.package_identification:_identify(src/lab/src/case_suite) by extension 'ignore_ament_install'
[0.147s] Level 1:colcon.colcon_core.package_identification:_identify(src/lab/src/case_suite) by extensions ['colcon_pkg']
[0.147s] Level 1:colcon.colcon_core.package_identification:_identify(src/lab/src/case_suite) by extension 'colcon_pkg'
[0.147s] Level 1:colcon.colcon_core.package_identification:_identify(src/lab/src/case_suite) by extensions ['colcon_meta']
[0.147s] Level 1:colcon.colcon_core.package_identification:_identify(src/lab/src/case_suite) by extension 'colcon_meta'
[0.147s] Level 1:colcon.colcon_core.package_identification:_identify(src/lab/src/case_suite) by extensions ['ros']
[0.147s] Level 1:colcon.colcon_core.package_identification:_identify(src/lab/src/case_suite) by extension 'ros'
[0.147s] Level 1:colcon.colcon_core.package_identification:_identify(src/lab/src/case_suite) by extensions ['cmake', 'python']
[0.147s] Level 1:colcon.colcon_core.package_identification:_identify(src/lab/src/case_suite) by extension 'cmake'
[0.148s] Level 1:colcon.colcon_core.package_identification:_identify(src/lab/src/case_suite) by extension 'python'
[0.148s] Level 1:colcon.colcon_core.package_identification:_identify(src/lab/src/case_suite) by extensions ['python_setup_py']
[0.148s] Level 1:colcon.colcon_core.package_identification:_identify(src/lab/src/case_suite) by extension 'python_setup_py'
[0.148s] Level 1:colcon.colcon_core.package_identification:_identify(src/lab/src/case_suite/case_bringup) by extensions ['ignore', 'ignore_ament_install']
[0.148s] Level 1:colcon.colcon_core.package_identification:_identify(src/lab/src/case_suite/case_bringup) by extension 'ignore'
[0.148s] Level 1:colcon.colcon_core.package_identification:_identify(src/lab/src/case_suite/case_bringup) by extension 'ignore_ament_install'
[0.148s] Level 1:colcon.colcon_core.package_identification:_identify(src/lab/src/case_suite/case_bringup) by extensions ['colcon_pkg']
[0.148s] Level 1:colcon.colcon_core.package_identification:_identify(src/lab/src/case_suite/case_bringup) by extension 'colcon_pkg'
[0.148s] Level 1:colcon.colcon_core.package_identification:_identify(src/lab/src/case_suite/case_bringup) by extensions ['colcon_meta']
[0.148s] Level 1:colcon.colcon_core.package_identification:_identify(src/lab/src/case_suite/case_bringup) by extension 'colcon_meta'
[0.148s] Level 1:colcon.colcon_core.package_identification:_identify(src/lab/src/case_suite/case_bringup) by extensions ['ros']
[0.148s] Level 1:colcon.colcon_core.package_identification:_identify(src/lab/src/case_suite/case_bringup) by extension 'ros'
[0.150s] DEBUG:colcon.colcon_core.package_identification:Package 'src/lab/src/case_suite/case_bringup' with type 'ros.ament_cmake' and name 'case_bringup'
[0.150s] Level 1:colcon.colcon_core.package_identification:_identify(src/lab/src/case_suite/case_scenes) by extensions ['ignore', 'ignore_ament_install']
[0.150s] Level 1:colcon.colcon_core.package_identification:_identify(src/lab/src/case_suite/case_scenes) by extension 'ignore'
[0.150s] Level 1:colcon.colcon_core.package_identification:_identify(src/lab/src/case_suite/case_scenes) by extension 'ignore_ament_install'
[0.150s] Level 1:colcon.colcon_core.package_identification:_identify(src/lab/src/case_suite/case_scenes) by extensions ['colcon_pkg']
[0.151s] Level 1:colcon.colcon_core.package_identification:_identify(src/lab/src/case_suite/case_scenes) by extension 'colcon_pkg'
[0.151s] Level 1:colcon.colcon_core.package_identification:_identify(src/lab/src/case_suite/case_scenes) by extensions ['colcon_meta']
[0.151s] Level 1:colcon.colcon_core.package_identification:_identify(src/lab/src/case_suite/case_scenes) by extension 'colcon_meta'
[0.151s] Level 1:colcon.colcon_core.package_identification:_identify(src/lab/src/case_suite/case_scenes) by extensions ['ros']
[0.151s] Level 1:colcon.colcon_core.package_identification:_identify(src/lab/src/case_suite/case_scenes) by extension 'ros'
[0.151s] DEBUG:colcon.colcon_core.package_identification:Package 'src/lab/src/case_suite/case_scenes' with type 'ros.ament_python' and name 'case_scenes'
[0.151s] Level 1:colcon.colcon_core.package_identification:_identify(src/lab/src/py_ctrl) by extensions ['ignore', 'ignore_ament_install']
[0.151s] Level 1:colcon.colcon_core.package_identification:_identify(src/lab/src/py_ctrl) by extension 'ignore'
[0.151s] Level 1:colcon.colcon_core.package_identification:_identify(src/lab/src/py_ctrl) by extension 'ignore_ament_install'
[0.151s] Level 1:colcon.colcon_core.package_identification:_identify(src/lab/src/py_ctrl) by extensions ['colcon_pkg']
[0.151s] Level 1:colcon.colcon_core.package_identification:_identify(src/lab/src/py_ctrl) by extension 'colcon_pkg'
[0.151s] Level 1:colcon.colcon_core.package_identification:_identify(src/lab/src/py_ctrl) by extensions ['colcon_meta']
[0.151s] Level 1:colcon.colcon_core.package_identification:_identify(src/lab/src/py_ctrl) by extension 'colcon_meta'
[0.151s] Level 1:colcon.colcon_core.package_identification:_identify(src/lab/src/py_ctrl) by extensions ['ros']
[0.152s] Level 1:colcon.colcon_core.package_identification:_identify(src/lab/src/py_ctrl) by extension 'ros'
[0.152s] DEBUG:colcon.colcon_core.package_identification:Package 'src/lab/src/py_ctrl' with type 'ros.ament_python' and name 'py_ctrl'
[0.152s] Level 1:colcon.colcon_core.package_discovery:discover_packages(recursive) using defaults
[0.152s] Level 1:colcon.colcon_core.package_discovery:discover_packages(ignore) discover
[0.152s] Level 1:colcon.colcon_core.package_discovery:discover_packages(ignore) using defaults
[0.152s] Level 1:colcon.colcon_core.package_discovery:discover_packages(path) discover
[0.152s] Level 1:colcon.colcon_core.package_discovery:discover_packages(path) using defaults
[0.169s] Level 5:colcon.colcon_core.verb:set package 'case_bringup' build argument 'cmake_args' from command line to 'None'
[0.169s] Level 5:colcon.colcon_core.verb:set package 'case_bringup' build argument 'cmake_target' from command line to 'None'
[0.169s] Level 5:colcon.colcon_core.verb:set package 'case_bringup' build argument 'cmake_target_skip_unavailable' from command line to 'False'
[0.169s] Level 5:colcon.colcon_core.verb:set package 'case_bringup' build argument 'cmake_clean_cache' from command line to 'False'
[0.169s] Level 5:colcon.colcon_core.verb:set package 'case_bringup' build argument 'cmake_clean_first' from command line to 'False'
[0.169s] Level 5:colcon.colcon_core.verb:set package 'case_bringup' build argument 'cmake_force_configure' from command line to 'False'
[0.169s] Level 5:colcon.colcon_core.verb:set package 'case_bringup' build argument 'ament_cmake_args' from command line to 'None'
[0.169s] Level 5:colcon.colcon_core.verb:set package 'case_bringup' build argument 'catkin_cmake_args' from command line to 'None'
[0.169s] Level 5:colcon.colcon_core.verb:set package 'case_bringup' build argument 'catkin_skip_building_tests' from command line to 'False'
[0.169s] DEBUG:colcon.colcon_core.verb:Building package 'case_bringup' with the following arguments: {'ament_cmake_args': None, 'build_base': '/home/arvid/Documents/cobots/ws/build/case_bringup', 'catkin_cmake_args': None, 'catkin_skip_building_tests': False, 'cmake_args': None, 'cmake_clean_cache': False, 'cmake_clean_first': False, 'cmake_force_configure': False, 'cmake_target': None, 'cmake_target_skip_unavailable': False, 'install_base': '/home/arvid/Documents/cobots/ws/install/case_bringup', 'merge_install': False, 'path': '/home/arvid/Documents/cobots/ws/src/lab/src/case_suite/case_bringup', 'symlink_install': False, 'test_result_base': None}
[0.170s] Level 5:colcon.colcon_core.verb:set package 'case_scenes' build argument 'cmake_args' from command line to 'None'
[0.170s] Level 5:colcon.colcon_core.verb:set package 'case_scenes' build argument 'cmake_target' from command line to 'None'
[0.170s] Level 5:colcon.colcon_core.verb:set package 'case_scenes' build argument 'cmake_target_skip_unavailable' from command line to 'False'
[0.170s] Level 5:colcon.colcon_core.verb:set package 'case_scenes' build argument 'cmake_clean_cache' from command line to 'False'
[0.170s] Level 5:colcon.colcon_core.verb:set package 'case_scenes' build argument 'cmake_clean_first' from command line to 'False'
[0.170s] Level 5:colcon.colcon_core.verb:set package 'case_scenes' build argument 'cmake_force_configure' from command line to 'False'
[0.170s] Level 5:colcon.colcon_core.verb:set package 'case_scenes' build argument 'ament_cmake_args' from command line to 'None'
[0.170s] Level 5:colcon.colcon_core.verb:set package 'case_scenes' build argument 'catkin_cmake_args' from command line to 'None'
[0.170s] Level 5:colcon.colcon_core.verb:set package 'case_scenes' build argument 'catkin_skip_building_tests' from command line to 'False'
[0.170s] DEBUG:colcon.colcon_core.verb:Building package 'case_scenes' with the following arguments: {'ament_cmake_args': None, 'build_base': '/home/arvid/Documents/cobots/ws/build/case_scenes', 'catkin_cmake_args': None, 'catkin_skip_building_tests': False, 'cmake_args': None, 'cmake_clean_cache': False, 'cmake_clean_first': False, 'cmake_force_configure': False, 'cmake_target': None, 'cmake_target_skip_unavailable': False, 'install_base': '/home/arvid/Documents/cobots/ws/install/case_scenes', 'merge_install': False, 'path': '/home/arvid/Documents/cobots/ws/src/lab/src/case_suite/case_scenes', 'symlink_install': False, 'test_result_base': None}
[0.171s] Level 5:colcon.colcon_core.verb:set package 'py_ctrl' build argument 'cmake_args' from command line to 'None'
[0.171s] Level 5:colcon.colcon_core.verb:set package 'py_ctrl' build argument 'cmake_target' from command line to 'None'
[0.171s] Level 5:colcon.colcon_core.verb:set package 'py_ctrl' build argument 'cmake_target_skip_unavailable' from command line to 'False'
[0.171s] Level 5:colcon.colcon_core.verb:set package 'py_ctrl' build argument 'cmake_clean_cache' from command line to 'False'
[0.171s] Level 5:colcon.colcon_core.verb:set package 'py_ctrl' build argument 'cmake_clean_first' from command line to 'False'
[0.171s] Level 5:colcon.colcon_core.verb:set package 'py_ctrl' build argument 'cmake_force_configure' from command line to 'False'
[0.171s] Level 5:colcon.colcon_core.verb:set package 'py_ctrl' build argument 'ament_cmake_args' from command line to 'None'
[0.171s] Level 5:colcon.colcon_core.verb:set package 'py_ctrl' build argument 'catkin_cmake_args' from command line to 'None'
[0.171s] Level 5:colcon.colcon_core.verb:set package 'py_ctrl' build argument 'catkin_skip_building_tests' from command line to 'False'
[0.171s] DEBUG:colcon.colcon_core.verb:Building package 'py_ctrl' with the following arguments: {'ament_cmake_args': None, 'build_base': '/home/arvid/Documents/cobots/ws/build/py_ctrl', 'catkin_cmake_args': None, 'catkin_skip_building_tests': False, 'cmake_args': None, 'cmake_clean_cache': False, 'cmake_clean_first': False, 'cmake_force_configure': False, 'cmake_target': None, 'cmake_target_skip_unavailable': False, 'install_base': '/home/arvid/Documents/cobots/ws/install/py_ctrl', 'merge_install': False, 'path': '/home/arvid/Documents/cobots/ws/src/lab/src/py_ctrl', 'symlink_install': False, 'test_result_base': None}
[0.175s] INFO:colcon.colcon_core.executor:Executing jobs using 'parallel' executor
[0.177s] DEBUG:colcon.colcon_parallel_executor.executor.parallel:run_until_complete
[0.177s] INFO:colcon.colcon_ros.task.ament_cmake.build:Building ROS package in '/home/arvid/Documents/cobots/ws/src/lab/src/case_suite/case_bringup' with build type 'ament_cmake'
[0.177s] INFO:colcon.colcon_cmake.task.cmake.build:Building CMake package in '/home/arvid/Documents/cobots/ws/src/lab/src/case_suite/case_bringup'
[0.182s] INFO:colcon.colcon_core.plugin_system:Skipping extension 'colcon_core.shell.bat': Not used on non-Windows systems
[0.182s] INFO:colcon.colcon_core.shell:Skip shell extension 'powershell' for command environment: Not usable outside of PowerShell
[0.182s] DEBUG:colcon.colcon_core.shell:Skip shell extension 'dsv' for command environment
[0.190s] INFO:colcon.colcon_ros.task.ament_python.build:Building ROS package in '/home/arvid/Documents/cobots/ws/src/lab/src/case_suite/case_scenes' with build type 'ament_python'
[0.191s] Level 1:colcon.colcon_core.shell:create_environment_hook('case_scenes', 'ament_prefix_path')
[0.192s] INFO:colcon.colcon_core.shell:Creating environment hook '/home/arvid/Documents/cobots/ws/install/case_scenes/share/case_scenes/hook/ament_prefix_path.ps1'
[0.193s] INFO:colcon.colcon_core.shell:Creating environment descriptor '/home/arvid/Documents/cobots/ws/install/case_scenes/share/case_scenes/hook/ament_prefix_path.dsv'
[0.194s] INFO:colcon.colcon_core.shell:Creating environment hook '/home/arvid/Documents/cobots/ws/install/case_scenes/share/case_scenes/hook/ament_prefix_path.sh'
[0.195s] INFO:colcon.colcon_core.shell:Skip shell extension 'powershell' for command environment: Not usable outside of PowerShell
[0.195s] DEBUG:colcon.colcon_core.shell:Skip shell extension 'dsv' for command environment
[0.201s] INFO:colcon.colcon_ros.task.ament_python.build:Building ROS package in '/home/arvid/Documents/cobots/ws/src/lab/src/py_ctrl' with build type 'ament_python'
[0.202s] Level 1:colcon.colcon_core.shell:create_environment_hook('py_ctrl', 'ament_prefix_path')
[0.203s] INFO:colcon.colcon_core.shell:Creating environment hook '/home/arvid/Documents/cobots/ws/install/py_ctrl/share/py_ctrl/hook/ament_prefix_path.ps1'
[0.204s] INFO:colcon.colcon_core.shell:Creating environment descriptor '/home/arvid/Documents/cobots/ws/install/py_ctrl/share/py_ctrl/hook/ament_prefix_path.dsv'
[0.205s] INFO:colcon.colcon_core.shell:Creating environment hook '/home/arvid/Documents/cobots/ws/install/py_ctrl/share/py_ctrl/hook/ament_prefix_path.sh'
[0.206s] INFO:colcon.colcon_core.shell:Skip shell extension 'powershell' for command environment: Not usable outside of PowerShell
[0.206s] DEBUG:colcon.colcon_core.shell:Skip shell extension 'dsv' for command environment
[0.217s] DEBUG:colcon.colcon_core.event_handler.log_command:Invoking command in '/home/arvid/Documents/cobots/ws/build/case_bringup': CMAKE_PREFIX_PATH=${CMAKE_PREFIX_PATH}:/home/arvid/Documents/cobots/dep_ws/install/viz_static:/home/arvid/Documents/cobots/dep_ws/install/viz_interactive:/home/arvid/Documents/cobots/dep_ws/install/ur_setup:/home/arvid/Documents/cobots/dep_ws/install/tf_lookup:/home/arvid/Documents/cobots/dep_ws/install/tf_broadcast:/home/arvid/Documents/cobots/dep_ws/install/tf_scene:/home/arvid/Documents/cobots/dep_ws/install/gui_tools:/home/arvid/Documents/cobots/dep_ws/install/aruco_handler:/opt/ros/galactic /usr/bin/cmake /home/arvid/Documents/cobots/ws/src/lab/src/case_suite/case_bringup -DCMAKE_INSTALL_PREFIX=/home/arvid/Documents/cobots/ws/install/case_bringup
[0.444s] INFO:colcon.colcon_core.task.python.build:Building Python package in '/home/arvid/Documents/cobots/ws/src/lab/src/case_suite/case_scenes'
[0.445s] INFO:colcon.colcon_core.shell:Skip shell extension 'powershell' for command environment: Not usable outside of PowerShell
[0.445s] DEBUG:colcon.colcon_core.shell:Skip shell extension 'dsv' for command environment
[0.677s] INFO:colcon.colcon_core.task.python.build:Building Python package in '/home/arvid/Documents/cobots/ws/src/lab/src/py_ctrl'
[0.678s] INFO:colcon.colcon_core.shell:Skip shell extension 'powershell' for command environment: Not usable outside of PowerShell
[0.678s] DEBUG:colcon.colcon_core.shell:Skip shell extension 'dsv' for command environment
[0.844s] DEBUG:colcon.colcon_core.event_handler.log_command:Invoked command in '/home/arvid/Documents/cobots/ws/build/case_bringup' returned '0': CMAKE_PREFIX_PATH=${CMAKE_PREFIX_PATH}:/home/arvid/Documents/cobots/dep_ws/install/viz_static:/home/arvid/Documents/cobots/dep_ws/install/viz_interactive:/home/arvid/Documents/cobots/dep_ws/install/ur_setup:/home/arvid/Documents/cobots/dep_ws/install/tf_lookup:/home/arvid/Documents/cobots/dep_ws/install/tf_broadcast:/home/arvid/Documents/cobots/dep_ws/install/tf_scene:/home/arvid/Documents/cobots/dep_ws/install/gui_tools:/home/arvid/Documents/cobots/dep_ws/install/aruco_handler:/opt/ros/galactic /usr/bin/cmake /home/arvid/Documents/cobots/ws/src/lab/src/case_suite/case_bringup -DCMAKE_INSTALL_PREFIX=/home/arvid/Documents/cobots/ws/install/case_bringup
[0.848s] DEBUG:colcon.colcon_core.event_handler.log_command:Invoking command in '/home/arvid/Documents/cobots/ws/build/case_bringup': CMAKE_PREFIX_PATH=${CMAKE_PREFIX_PATH}:/home/arvid/Documents/cobots/dep_ws/install/viz_static:/home/arvid/Documents/cobots/dep_ws/install/viz_interactive:/home/arvid/Documents/cobots/dep_ws/install/ur_setup:/home/arvid/Documents/cobots/dep_ws/install/tf_lookup:/home/arvid/Documents/cobots/dep_ws/install/tf_broadcast:/home/arvid/Documents/cobots/dep_ws/install/tf_scene:/home/arvid/Documents/cobots/dep_ws/install/gui_tools:/home/arvid/Documents/cobots/dep_ws/install/aruco_handler:/opt/ros/galactic /usr/bin/cmake --build /home/arvid/Documents/cobots/ws/build/case_bringup -- -j8 -l8
[0.887s] DEBUG:colcon.colcon_core.event_handler.log_command:Invoked command in '/home/arvid/Documents/cobots/ws/build/case_bringup' returned '0': CMAKE_PREFIX_PATH=${CMAKE_PREFIX_PATH}:/home/arvid/Documents/cobots/dep_ws/install/viz_static:/home/arvid/Documents/cobots/dep_ws/install/viz_interactive:/home/arvid/Documents/cobots/dep_ws/install/ur_setup:/home/arvid/Documents/cobots/dep_ws/install/tf_lookup:/home/arvid/Documents/cobots/dep_ws/install/tf_broadcast:/home/arvid/Documents/cobots/dep_ws/install/tf_scene:/home/arvid/Documents/cobots/dep_ws/install/gui_tools:/home/arvid/Documents/cobots/dep_ws/install/aruco_handler:/opt/ros/galactic /usr/bin/cmake --build /home/arvid/Documents/cobots/ws/build/case_bringup -- -j8 -l8
[0.916s] DEBUG:colcon.colcon_core.event_handler.log_command:Invoking command in '/home/arvid/Documents/cobots/ws/build/case_bringup': CMAKE_PREFIX_PATH=${CMAKE_PREFIX_PATH}:/home/arvid/Documents/cobots/dep_ws/install/viz_static:/home/arvid/Documents/cobots/dep_ws/install/viz_interactive:/home/arvid/Documents/cobots/dep_ws/install/ur_setup:/home/arvid/Documents/cobots/dep_ws/install/tf_lookup:/home/arvid/Documents/cobots/dep_ws/install/tf_broadcast:/home/arvid/Documents/cobots/dep_ws/install/tf_scene:/home/arvid/Documents/cobots/dep_ws/install/gui_tools:/home/arvid/Documents/cobots/dep_ws/install/aruco_handler:/opt/ros/galactic /usr/bin/cmake --install /home/arvid/Documents/cobots/ws/build/case_bringup
[0.927s] Level 1:colcon.colcon_core.environment:create_environment_scripts_only(case_bringup)
[0.928s] DEBUG:colcon.colcon_core.event_handler.log_command:Invoked command in '/home/arvid/Documents/cobots/ws/build/case_bringup' returned '0': CMAKE_PREFIX_PATH=${CMAKE_PREFIX_PATH}:/home/arvid/Documents/cobots/dep_ws/install/viz_static:/home/arvid/Documents/cobots/dep_ws/install/viz_interactive:/home/arvid/Documents/cobots/dep_ws/install/ur_setup:/home/arvid/Documents/cobots/dep_ws/install/tf_lookup:/home/arvid/Documents/cobots/dep_ws/install/tf_broadcast:/home/arvid/Documents/cobots/dep_ws/install/tf_scene:/home/arvid/Documents/cobots/dep_ws/install/gui_tools:/home/arvid/Documents/cobots/dep_ws/install/aruco_handler:/opt/ros/galactic /usr/bin/cmake --install /home/arvid/Documents/cobots/ws/build/case_bringup
[0.931s] Level 1:colcon.colcon_core.environment:checking '/home/arvid/Documents/cobots/ws/install/case_bringup' for CMake module files
[0.931s] Level 1:colcon.colcon_core.environment:checking '/home/arvid/Documents/cobots/ws/install/case_bringup' for CMake config files
[0.932s] Level 1:colcon.colcon_core.shell:create_environment_hook('case_bringup', 'cmake_prefix_path')
[0.932s] INFO:colcon.colcon_core.shell:Creating environment hook '/home/arvid/Documents/cobots/ws/install/case_bringup/share/case_bringup/hook/cmake_prefix_path.ps1'
[0.932s] INFO:colcon.colcon_core.shell:Creating environment descriptor '/home/arvid/Documents/cobots/ws/install/case_bringup/share/case_bringup/hook/cmake_prefix_path.dsv'
[0.933s] INFO:colcon.colcon_core.shell:Creating environment hook '/home/arvid/Documents/cobots/ws/install/case_bringup/share/case_bringup/hook/cmake_prefix_path.sh'
[0.934s] Level 1:colcon.colcon_core.environment:checking '/home/arvid/Documents/cobots/ws/install/case_bringup/bin'
[0.934s] Level 1:colcon.colcon_core.environment:checking '/home/arvid/Documents/cobots/ws/install/case_bringup/lib/pkgconfig/case_bringup.pc'
[0.934s] Level 1:colcon.colcon_core.environment:checking '/home/arvid/Documents/cobots/ws/install/case_bringup/lib/python3.8/site-packages'
[0.934s] INFO:colcon.colcon_core.shell:Creating package script '/home/arvid/Documents/cobots/ws/install/case_bringup/share/case_bringup/package.ps1'
[0.935s] INFO:colcon.colcon_core.shell:Creating package descriptor '/home/arvid/Documents/cobots/ws/install/case_bringup/share/case_bringup/package.dsv'
[0.935s] INFO:colcon.colcon_core.shell:Creating package script '/home/arvid/Documents/cobots/ws/install/case_bringup/share/case_bringup/package.sh'
[0.936s] INFO:colcon.colcon_core.shell:Creating package script '/home/arvid/Documents/cobots/ws/install/case_bringup/share/case_bringup/package.bash'
[0.937s] INFO:colcon.colcon_core.shell:Creating package script '/home/arvid/Documents/cobots/ws/install/case_bringup/share/case_bringup/package.zsh'
[0.937s] Level 1:colcon.colcon_core.environment:create_file_with_runtime_dependencies(/home/arvid/Documents/cobots/ws/install/case_bringup/share/colcon-core/packages/case_bringup)
[0.956s] Level 1:colcon.colcon_core.environment:create_environment_scripts_only(case_bringup)
[0.957s] Level 1:colcon.colcon_core.environment:checking '/home/arvid/Documents/cobots/ws/install/case_bringup' for CMake module files
[0.957s] Level 1:colcon.colcon_core.environment:checking '/home/arvid/Documents/cobots/ws/install/case_bringup' for CMake config files
[0.957s] Level 1:colcon.colcon_core.shell:create_environment_hook('case_bringup', 'cmake_prefix_path')
[0.958s] INFO:colcon.colcon_core.shell:Creating environment hook '/home/arvid/Documents/cobots/ws/install/case_bringup/share/case_bringup/hook/cmake_prefix_path.ps1'
[0.958s] INFO:colcon.colcon_core.shell:Creating environment descriptor '/home/arvid/Documents/cobots/ws/install/case_bringup/share/case_bringup/hook/cmake_prefix_path.dsv'
[0.958s] INFO:colcon.colcon_core.shell:Creating environment hook '/home/arvid/Documents/cobots/ws/install/case_bringup/share/case_bringup/hook/cmake_prefix_path.sh'
[0.959s] Level 1:colcon.colcon_core.environment:checking '/home/arvid/Documents/cobots/ws/install/case_bringup/bin'
[0.959s] Level 1:colcon.colcon_core.environment:checking '/home/arvid/Documents/cobots/ws/install/case_bringup/lib/pkgconfig/case_bringup.pc'
[0.959s] Level 1:colcon.colcon_core.environment:checking '/home/arvid/Documents/cobots/ws/install/case_bringup/lib/python3.8/site-packages'
[0.959s] INFO:colcon.colcon_core.shell:Creating package script '/home/arvid/Documents/cobots/ws/install/case_bringup/share/case_bringup/package.ps1'
[0.960s] INFO:colcon.colcon_core.shell:Creating package descriptor '/home/arvid/Documents/cobots/ws/install/case_bringup/share/case_bringup/package.dsv'
[0.960s] INFO:colcon.colcon_core.shell:Creating package script '/home/arvid/Documents/cobots/ws/install/case_bringup/share/case_bringup/package.sh'
[0.960s] INFO:colcon.colcon_core.shell:Creating package script '/home/arvid/Documents/cobots/ws/install/case_bringup/share/case_bringup/package.bash'
[0.961s] INFO:colcon.colcon_core.shell:Creating package script '/home/arvid/Documents/cobots/ws/install/case_bringup/share/case_bringup/package.zsh'
[0.961s] Level 1:colcon.colcon_core.environment:create_file_with_runtime_dependencies(/home/arvid/Documents/cobots/ws/install/case_bringup/share/colcon-core/packages/case_bringup)
[1.069s] DEBUG:colcon.colcon_core.event_handler.log_command:Invoking command in '/home/arvid/Documents/cobots/ws/src/lab/src/case_suite/case_scenes': PYTHONPATH=/home/arvid/Documents/cobots/ws/install/case_scenes/lib/python3.8/site-packages:${PYTHONPATH} /usr/bin/python3 setup.py egg_info --egg-base ../../../../../build/case_scenes build --build-base /home/arvid/Documents/cobots/ws/build/case_scenes/build install --prefix /home/arvid/Documents/cobots/ws/install/case_scenes --record /home/arvid/Documents/cobots/ws/build/case_scenes/install.log --single-version-externally-managed
[1.082s] DEBUG:colcon.colcon_core.event_handler.log_command:Invoking command in '/home/arvid/Documents/cobots/ws/src/lab/src/py_ctrl': PYTHONPATH=/home/arvid/Documents/cobots/ws/install/py_ctrl/lib/python3.8/site-packages:${PYTHONPATH} /usr/bin/python3 setup.py egg_info --egg-base ../../../../build/py_ctrl build --build-base /home/arvid/Documents/cobots/ws/build/py_ctrl/build install --prefix /home/arvid/Documents/cobots/ws/install/py_ctrl --record /home/arvid/Documents/cobots/ws/build/py_ctrl/install.log --single-version-externally-managed
[1.370s] Level 1:colcon.colcon_core.environment:checking '/home/arvid/Documents/cobots/ws/install/case_scenes' for CMake module files
[1.371s] DEBUG:colcon.colcon_core.event_handler.log_command:Invoked command in '/home/arvid/Documents/cobots/ws/src/lab/src/case_suite/case_scenes' returned '0': PYTHONPATH=/home/arvid/Documents/cobots/ws/install/case_scenes/lib/python3.8/site-packages:${PYTHONPATH} /usr/bin/python3 setup.py egg_info --egg-base ../../../../../build/case_scenes build --build-base /home/arvid/Documents/cobots/ws/build/case_scenes/build install --prefix /home/arvid/Documents/cobots/ws/install/case_scenes --record /home/arvid/Documents/cobots/ws/build/case_scenes/install.log --single-version-externally-managed
[1.372s] Level 1:colcon.colcon_core.environment:checking '/home/arvid/Documents/cobots/ws/install/case_scenes' for CMake config files
[1.372s] Level 1:colcon.colcon_core.environment:checking '/home/arvid/Documents/cobots/ws/install/case_scenes/lib'
[1.372s] Level 1:colcon.colcon_core.environment:checking '/home/arvid/Documents/cobots/ws/install/case_scenes/bin'
[1.373s] Level 1:colcon.colcon_core.environment:checking '/home/arvid/Documents/cobots/ws/install/case_scenes/lib/pkgconfig/case_scenes.pc'
[1.373s] Level 1:colcon.colcon_core.environment:checking '/home/arvid/Documents/cobots/ws/install/case_scenes/lib/python3.8/site-packages'
[1.373s] Level 1:colcon.colcon_core.shell:create_environment_hook('case_scenes', 'pythonpath')
[1.373s] INFO:colcon.colcon_core.shell:Creating environment hook '/home/arvid/Documents/cobots/ws/install/case_scenes/share/case_scenes/hook/pythonpath.ps1'
[1.374s] INFO:colcon.colcon_core.shell:Creating environment descriptor '/home/arvid/Documents/cobots/ws/install/case_scenes/share/case_scenes/hook/pythonpath.dsv'
[1.374s] INFO:colcon.colcon_core.shell:Creating environment hook '/home/arvid/Documents/cobots/ws/install/case_scenes/share/case_scenes/hook/pythonpath.sh'
[1.374s] Level 1:colcon.colcon_core.environment:create_environment_scripts_only(case_scenes)
[1.375s] INFO:colcon.colcon_core.shell:Creating package script '/home/arvid/Documents/cobots/ws/install/case_scenes/share/case_scenes/package.ps1'
[1.375s] INFO:colcon.colcon_core.shell:Creating package descriptor '/home/arvid/Documents/cobots/ws/install/case_scenes/share/case_scenes/package.dsv'
[1.376s] INFO:colcon.colcon_core.shell:Creating package script '/home/arvid/Documents/cobots/ws/install/case_scenes/share/case_scenes/package.sh'
[1.376s] INFO:colcon.colcon_core.shell:Creating package script '/home/arvid/Documents/cobots/ws/install/case_scenes/share/case_scenes/package.bash'
[1.376s] INFO:colcon.colcon_core.shell:Creating package script '/home/arvid/Documents/cobots/ws/install/case_scenes/share/case_scenes/package.zsh'
[1.377s] Level 1:colcon.colcon_core.environment:create_file_with_runtime_dependencies(/home/arvid/Documents/cobots/ws/install/case_scenes/share/colcon-core/packages/case_scenes)
[1.399s] Level 1:colcon.colcon_core.environment:checking '/home/arvid/Documents/cobots/ws/install/py_ctrl' for CMake module files
[1.399s] DEBUG:colcon.colcon_core.event_handler.log_command:Invoked command in '/home/arvid/Documents/cobots/ws/src/lab/src/py_ctrl' returned '0': PYTHONPATH=/home/arvid/Documents/cobots/ws/install/py_ctrl/lib/python3.8/site-packages:${PYTHONPATH} /usr/bin/python3 setup.py egg_info --egg-base ../../../../build/py_ctrl build --build-base /home/arvid/Documents/cobots/ws/build/py_ctrl/build install --prefix /home/arvid/Documents/cobots/ws/install/py_ctrl --record /home/arvid/Documents/cobots/ws/build/py_ctrl/install.log --single-version-externally-managed
[1.399s] Level 1:colcon.colcon_core.environment:checking '/home/arvid/Documents/cobots/ws/install/py_ctrl' for CMake config files
[1.400s] Level 1:colcon.colcon_core.environment:checking '/home/arvid/Documents/cobots/ws/install/py_ctrl/lib'
[1.400s] Level 1:colcon.colcon_core.environment:checking '/home/arvid/Documents/cobots/ws/install/py_ctrl/bin'
[1.400s] Level 1:colcon.colcon_core.environment:checking '/home/arvid/Documents/cobots/ws/install/py_ctrl/lib/pkgconfig/py_ctrl.pc'
[1.400s] Level 1:colcon.colcon_core.environment:checking '/home/arvid/Documents/cobots/ws/install/py_ctrl/lib/python3.8/site-packages'
[1.400s] Level 1:colcon.colcon_core.shell:create_environment_hook('py_ctrl', 'pythonpath')
[1.401s] INFO:colcon.colcon_core.shell:Creating environment hook '/home/arvid/Documents/cobots/ws/install/py_ctrl/share/py_ctrl/hook/pythonpath.ps1'
[1.401s] INFO:colcon.colcon_core.shell:Creating environment descriptor '/home/arvid/Documents/cobots/ws/install/py_ctrl/share/py_ctrl/hook/pythonpath.dsv'
[1.401s] INFO:colcon.colcon_core.shell:Creating environment hook '/home/arvid/Documents/cobots/ws/install/py_ctrl/share/py_ctrl/hook/pythonpath.sh'
[1.402s] Level 1:colcon.colcon_core.environment:create_environment_scripts_only(py_ctrl)
[1.402s] INFO:colcon.colcon_core.shell:Creating package script '/home/arvid/Documents/cobots/ws/install/py_ctrl/share/py_ctrl/package.ps1'
[1.403s] INFO:colcon.colcon_core.shell:Creating package descriptor '/home/arvid/Documents/cobots/ws/install/py_ctrl/share/py_ctrl/package.dsv'
[1.403s] INFO:colcon.colcon_core.shell:Creating package script '/home/arvid/Documents/cobots/ws/install/py_ctrl/share/py_ctrl/package.sh'
[1.403s] INFO:colcon.colcon_core.shell:Creating package script '/home/arvid/Documents/cobots/ws/install/py_ctrl/share/py_ctrl/package.bash'
[1.404s] INFO:colcon.colcon_core.shell:Creating package script '/home/arvid/Documents/cobots/ws/install/py_ctrl/share/py_ctrl/package.zsh'
[1.404s] Level 1:colcon.colcon_core.environment:create_file_with_runtime_dependencies(/home/arvid/Documents/cobots/ws/install/py_ctrl/share/colcon-core/packages/py_ctrl)
[1.404s] DEBUG:colcon.colcon_parallel_executor.executor.parallel:closing loop
[1.405s] DEBUG:colcon.colcon_parallel_executor.executor.parallel:loop closed
[1.405s] DEBUG:colcon.colcon_parallel_executor.executor.parallel:run_until_complete finished with '0'
[1.405s] DEBUG:colcon.colcon_core.event_reactor:joining thread
[1.411s] INFO:colcon.colcon_core.plugin_system:Skipping extension 'colcon_notification.desktop_notification.terminal_notifier': Not used on non-Darwin systems
[1.411s] INFO:colcon.colcon_core.plugin_system:Skipping extension 'colcon_notification.desktop_notification.win32': Not used on non-Windows systems
[1.412s] INFO:colcon.colcon_notification.desktop_notification:Sending desktop notification using 'notify2'
[1.426s] DEBUG:colcon.colcon_core.event_reactor:joined thread
[1.426s] INFO:colcon.colcon_core.shell:Creating prefix script '/home/arvid/Documents/cobots/ws/install/local_setup.ps1'
[1.427s] INFO:colcon.colcon_core.shell:Creating prefix util module '/home/arvid/Documents/cobots/ws/install/_local_setup_util_ps1.py'
[1.428s] INFO:colcon.colcon_core.shell:Creating prefix chain script '/home/arvid/Documents/cobots/ws/install/setup.ps1'
[1.430s] INFO:colcon.colcon_core.shell:Creating prefix script '/home/arvid/Documents/cobots/ws/install/local_setup.sh'
[1.431s] INFO:colcon.colcon_core.shell:Creating prefix util module '/home/arvid/Documents/cobots/ws/install/_local_setup_util_sh.py'
[1.431s] INFO:colcon.colcon_core.shell:Creating prefix chain script '/home/arvid/Documents/cobots/ws/install/setup.sh'
[1.433s] INFO:colcon.colcon_core.shell:Creating prefix script '/home/arvid/Documents/cobots/ws/install/local_setup.bash'
[1.433s] INFO:colcon.colcon_core.shell:Creating prefix chain script '/home/arvid/Documents/cobots/ws/install/setup.bash'
[1.435s] INFO:colcon.colcon_core.shell:Creating prefix script '/home/arvid/Documents/cobots/ws/install/local_setup.zsh'
[1.435s] INFO:colcon.colcon_core.shell:Creating prefix chain script '/home/arvid/Documents/cobots/ws/install/setup.zsh'
