[0.146s] DEBUG:colcon:Command line arguments: ['/usr/bin/colcon', 'build']
[0.146s] DEBUG:colcon:Parsed command line arguments: Namespace(allow_overriding=[], ament_cmake_args=None, base_paths=['.'], build_base='build', catkin_cmake_args=None, catkin_skip_building_tests=False, cmake_args=None, cmake_clean_cache=False, cmake_clean_first=False, cmake_force_configure=False, cmake_target=None, cmake_target_skip_unavailable=False, continue_on_error=False, event_handlers=None, executor='parallel', ignore_user_meta=False, install_base='install', log_base=None, log_level=None, main=<bound method BuildVerb.main of <colcon_core.verb.build.BuildVerb object at 0x7f870fcc6100>>, merge_install=False, metas=['./colcon.meta'], packages_above=None, packages_above_and_dependencies=None, packages_above_depth=None, packages_end=None, packages_ignore=None, packages_ignore_regex=None, packages_select=None, packages_select_build_failed=False, packages_select_by_dep=None, packages_select_regex=None, packages_select_test_failures=False, packages_skip=None, packages_skip_build_finished=False, packages_skip_by_dep=None, packages_skip_regex=None, packages_skip_test_passed=False, packages_skip_up_to=None, packages_start=None, packages_up_to=None, packages_up_to_regex=None, parallel_workers=4, paths=None, symlink_install=False, test_result_base=None, verb_extension=<colcon_core.verb.build.BuildVerb object at 0x7f870fcc6100>, verb_name='build', verb_parser=<colcon_defaults.argument_parser.defaults.DefaultArgumentsDecorator object at 0x7f870fcc6580>)
[0.151s] Level 1:colcon.colcon_core.package_discovery:discover_packages(colcon_meta) check parameters
[0.151s] Level 1:colcon.colcon_core.package_discovery:discover_packages(recursive) check parameters
[0.151s] Level 1:colcon.colcon_core.package_discovery:discover_packages(ignore) check parameters
[0.151s] Level 1:colcon.colcon_core.package_discovery:discover_packages(path) check parameters
[0.151s] Level 1:colcon.colcon_core.package_discovery:discover_packages(colcon_meta) discover
[0.151s] Level 1:colcon.colcon_core.package_discovery:discover_packages(recursive) discover
[0.151s] INFO:colcon.colcon_core.package_discovery:Crawling recursively for packages in '/home/knug-artur/dev/cobots/ws'
[0.151s] Level 1:colcon.colcon_core.package_identification:_identify(.) by extensions ['ignore', 'ignore_ament_install']
[0.152s] Level 1:colcon.colcon_core.package_identification:_identify(.) by extension 'ignore'
[0.152s] Level 1:colcon.colcon_core.package_identification:_identify(.) by extension 'ignore_ament_install'
[0.152s] Level 1:colcon.colcon_core.package_identification:_identify(.) by extensions ['colcon_pkg']
[0.152s] Level 1:colcon.colcon_core.package_identification:_identify(.) by extension 'colcon_pkg'
[0.152s] Level 1:colcon.colcon_core.package_identification:_identify(.) by extensions ['colcon_meta']
[0.152s] Level 1:colcon.colcon_core.package_identification:_identify(.) by extension 'colcon_meta'
[0.153s] Level 1:colcon.colcon_core.package_identification:_identify(.) by extensions ['ros']
[0.153s] Level 1:colcon.colcon_core.package_identification:_identify(.) by extension 'ros'
[0.163s] Level 1:colcon.colcon_core.package_identification:_identify(.) by extensions ['cmake', 'python']
[0.163s] Level 1:colcon.colcon_core.package_identification:_identify(.) by extension 'cmake'
[0.163s] Level 1:colcon.colcon_core.package_identification:_identify(.) by extension 'python'
[0.163s] Level 1:colcon.colcon_core.package_identification:_identify(.) by extensions ['python_setup_py']
[0.163s] Level 1:colcon.colcon_core.package_identification:_identify(.) by extension 'python_setup_py'
[0.163s] Level 1:colcon.colcon_core.package_identification:_identify(build) by extensions ['ignore', 'ignore_ament_install']
[0.163s] Level 1:colcon.colcon_core.package_identification:_identify(build) by extension 'ignore'
[0.163s] Level 1:colcon.colcon_core.package_identification:_identify(build) ignored
[0.164s] Level 1:colcon.colcon_core.package_identification:_identify(install) by extensions ['ignore', 'ignore_ament_install']
[0.164s] Level 1:colcon.colcon_core.package_identification:_identify(install) by extension 'ignore'
[0.164s] Level 1:colcon.colcon_core.package_identification:_identify(install) ignored
[0.164s] Level 1:colcon.colcon_core.package_identification:_identify(log) by extensions ['ignore', 'ignore_ament_install']
[0.164s] Level 1:colcon.colcon_core.package_identification:_identify(log) by extension 'ignore'
[0.164s] Level 1:colcon.colcon_core.package_identification:_identify(log) ignored
[0.164s] Level 1:colcon.colcon_core.package_identification:_identify(src) by extensions ['ignore', 'ignore_ament_install']
[0.164s] Level 1:colcon.colcon_core.package_identification:_identify(src) by extension 'ignore'
[0.164s] Level 1:colcon.colcon_core.package_identification:_identify(src) by extension 'ignore_ament_install'
[0.164s] Level 1:colcon.colcon_core.package_identification:_identify(src) by extensions ['colcon_pkg']
[0.164s] Level 1:colcon.colcon_core.package_identification:_identify(src) by extension 'colcon_pkg'
[0.164s] Level 1:colcon.colcon_core.package_identification:_identify(src) by extensions ['colcon_meta']
[0.164s] Level 1:colcon.colcon_core.package_identification:_identify(src) by extension 'colcon_meta'
[0.164s] Level 1:colcon.colcon_core.package_identification:_identify(src) by extensions ['ros']
[0.164s] Level 1:colcon.colcon_core.package_identification:_identify(src) by extension 'ros'
[0.164s] Level 1:colcon.colcon_core.package_identification:_identify(src) by extensions ['cmake', 'python']
[0.164s] Level 1:colcon.colcon_core.package_identification:_identify(src) by extension 'cmake'
[0.164s] Level 1:colcon.colcon_core.package_identification:_identify(src) by extension 'python'
[0.164s] Level 1:colcon.colcon_core.package_identification:_identify(src) by extensions ['python_setup_py']
[0.165s] Level 1:colcon.colcon_core.package_identification:_identify(src) by extension 'python_setup_py'
[0.165s] Level 1:colcon.colcon_core.package_identification:_identify(src/lab) by extensions ['ignore', 'ignore_ament_install']
[0.165s] Level 1:colcon.colcon_core.package_identification:_identify(src/lab) by extension 'ignore'
[0.165s] Level 1:colcon.colcon_core.package_identification:_identify(src/lab) by extension 'ignore_ament_install'
[0.165s] Level 1:colcon.colcon_core.package_identification:_identify(src/lab) by extensions ['colcon_pkg']
[0.165s] Level 1:colcon.colcon_core.package_identification:_identify(src/lab) by extension 'colcon_pkg'
[0.165s] Level 1:colcon.colcon_core.package_identification:_identify(src/lab) by extensions ['colcon_meta']
[0.165s] Level 1:colcon.colcon_core.package_identification:_identify(src/lab) by extension 'colcon_meta'
[0.165s] Level 1:colcon.colcon_core.package_identification:_identify(src/lab) by extensions ['ros']
[0.165s] Level 1:colcon.colcon_core.package_identification:_identify(src/lab) by extension 'ros'
[0.165s] Level 1:colcon.colcon_core.package_identification:_identify(src/lab) by extensions ['cmake', 'python']
[0.165s] Level 1:colcon.colcon_core.package_identification:_identify(src/lab) by extension 'cmake'
[0.165s] Level 1:colcon.colcon_core.package_identification:_identify(src/lab) by extension 'python'
[0.165s] Level 1:colcon.colcon_core.package_identification:_identify(src/lab) by extensions ['python_setup_py']
[0.165s] Level 1:colcon.colcon_core.package_identification:_identify(src/lab) by extension 'python_setup_py'
[0.165s] Level 1:colcon.colcon_core.package_identification:_identify(src/lab/src) by extensions ['ignore', 'ignore_ament_install']
[0.165s] Level 1:colcon.colcon_core.package_identification:_identify(src/lab/src) by extension 'ignore'
[0.165s] Level 1:colcon.colcon_core.package_identification:_identify(src/lab/src) by extension 'ignore_ament_install'
[0.166s] Level 1:colcon.colcon_core.package_identification:_identify(src/lab/src) by extensions ['colcon_pkg']
[0.166s] Level 1:colcon.colcon_core.package_identification:_identify(src/lab/src) by extension 'colcon_pkg'
[0.166s] Level 1:colcon.colcon_core.package_identification:_identify(src/lab/src) by extensions ['colcon_meta']
[0.166s] Level 1:colcon.colcon_core.package_identification:_identify(src/lab/src) by extension 'colcon_meta'
[0.166s] Level 1:colcon.colcon_core.package_identification:_identify(src/lab/src) by extensions ['ros']
[0.166s] Level 1:colcon.colcon_core.package_identification:_identify(src/lab/src) by extension 'ros'
[0.166s] Level 1:colcon.colcon_core.package_identification:_identify(src/lab/src) by extensions ['cmake', 'python']
[0.166s] Level 1:colcon.colcon_core.package_identification:_identify(src/lab/src) by extension 'cmake'
[0.166s] Level 1:colcon.colcon_core.package_identification:_identify(src/lab/src) by extension 'python'
[0.166s] Level 1:colcon.colcon_core.package_identification:_identify(src/lab/src) by extensions ['python_setup_py']
[0.166s] Level 1:colcon.colcon_core.package_identification:_identify(src/lab/src) by extension 'python_setup_py'
[0.166s] Level 1:colcon.colcon_core.package_identification:_identify(src/lab/src/case_suite) by extensions ['ignore', 'ignore_ament_install']
[0.166s] Level 1:colcon.colcon_core.package_identification:_identify(src/lab/src/case_suite) by extension 'ignore'
[0.166s] Level 1:colcon.colcon_core.package_identification:_identify(src/lab/src/case_suite) by extension 'ignore_ament_install'
[0.166s] Level 1:colcon.colcon_core.package_identification:_identify(src/lab/src/case_suite) by extensions ['colcon_pkg']
[0.166s] Level 1:colcon.colcon_core.package_identification:_identify(src/lab/src/case_suite) by extension 'colcon_pkg'
[0.166s] Level 1:colcon.colcon_core.package_identification:_identify(src/lab/src/case_suite) by extensions ['colcon_meta']
[0.166s] Level 1:colcon.colcon_core.package_identification:_identify(src/lab/src/case_suite) by extension 'colcon_meta'
[0.166s] Level 1:colcon.colcon_core.package_identification:_identify(src/lab/src/case_suite) by extensions ['ros']
[0.166s] Level 1:colcon.colcon_core.package_identification:_identify(src/lab/src/case_suite) by extension 'ros'
[0.166s] Level 1:colcon.colcon_core.package_identification:_identify(src/lab/src/case_suite) by extensions ['cmake', 'python']
[0.167s] Level 1:colcon.colcon_core.package_identification:_identify(src/lab/src/case_suite) by extension 'cmake'
[0.167s] Level 1:colcon.colcon_core.package_identification:_identify(src/lab/src/case_suite) by extension 'python'
[0.167s] Level 1:colcon.colcon_core.package_identification:_identify(src/lab/src/case_suite) by extensions ['python_setup_py']
[0.167s] Level 1:colcon.colcon_core.package_identification:_identify(src/lab/src/case_suite) by extension 'python_setup_py'
[0.167s] Level 1:colcon.colcon_core.package_identification:_identify(src/lab/src/case_suite/case_bringup) by extensions ['ignore', 'ignore_ament_install']
[0.167s] Level 1:colcon.colcon_core.package_identification:_identify(src/lab/src/case_suite/case_bringup) by extension 'ignore'
[0.167s] Level 1:colcon.colcon_core.package_identification:_identify(src/lab/src/case_suite/case_bringup) by extension 'ignore_ament_install'
[0.167s] Level 1:colcon.colcon_core.package_identification:_identify(src/lab/src/case_suite/case_bringup) by extensions ['colcon_pkg']
[0.167s] Level 1:colcon.colcon_core.package_identification:_identify(src/lab/src/case_suite/case_bringup) by extension 'colcon_pkg'
[0.167s] Level 1:colcon.colcon_core.package_identification:_identify(src/lab/src/case_suite/case_bringup) by extensions ['colcon_meta']
[0.167s] Level 1:colcon.colcon_core.package_identification:_identify(src/lab/src/case_suite/case_bringup) by extension 'colcon_meta'
[0.167s] Level 1:colcon.colcon_core.package_identification:_identify(src/lab/src/case_suite/case_bringup) by extensions ['ros']
[0.167s] Level 1:colcon.colcon_core.package_identification:_identify(src/lab/src/case_suite/case_bringup) by extension 'ros'
[0.169s] DEBUG:colcon.colcon_core.package_identification:Package 'src/lab/src/case_suite/case_bringup' with type 'ros.ament_cmake' and name 'case_bringup'
[0.169s] Level 1:colcon.colcon_core.package_identification:_identify(src/lab/src/case_suite/case_scenes) by extensions ['ignore', 'ignore_ament_install']
[0.170s] Level 1:colcon.colcon_core.package_identification:_identify(src/lab/src/case_suite/case_scenes) by extension 'ignore'
[0.170s] Level 1:colcon.colcon_core.package_identification:_identify(src/lab/src/case_suite/case_scenes) by extension 'ignore_ament_install'
[0.170s] Level 1:colcon.colcon_core.package_identification:_identify(src/lab/src/case_suite/case_scenes) by extensions ['colcon_pkg']
[0.170s] Level 1:colcon.colcon_core.package_identification:_identify(src/lab/src/case_suite/case_scenes) by extension 'colcon_pkg'
[0.170s] Level 1:colcon.colcon_core.package_identification:_identify(src/lab/src/case_suite/case_scenes) by extensions ['colcon_meta']
[0.170s] Level 1:colcon.colcon_core.package_identification:_identify(src/lab/src/case_suite/case_scenes) by extension 'colcon_meta'
[0.170s] Level 1:colcon.colcon_core.package_identification:_identify(src/lab/src/case_suite/case_scenes) by extensions ['ros']
[0.170s] Level 1:colcon.colcon_core.package_identification:_identify(src/lab/src/case_suite/case_scenes) by extension 'ros'
[0.171s] DEBUG:colcon.colcon_core.package_identification:Package 'src/lab/src/case_suite/case_scenes' with type 'ros.ament_python' and name 'case_scenes'
[0.171s] Level 1:colcon.colcon_core.package_identification:_identify(src/lab/src/py_ctrl) by extensions ['ignore', 'ignore_ament_install']
[0.171s] Level 1:colcon.colcon_core.package_identification:_identify(src/lab/src/py_ctrl) by extension 'ignore'
[0.171s] Level 1:colcon.colcon_core.package_identification:_identify(src/lab/src/py_ctrl) by extension 'ignore_ament_install'
[0.171s] Level 1:colcon.colcon_core.package_identification:_identify(src/lab/src/py_ctrl) by extensions ['colcon_pkg']
[0.171s] Level 1:colcon.colcon_core.package_identification:_identify(src/lab/src/py_ctrl) by extension 'colcon_pkg'
[0.171s] Level 1:colcon.colcon_core.package_identification:_identify(src/lab/src/py_ctrl) by extensions ['colcon_meta']
[0.171s] Level 1:colcon.colcon_core.package_identification:_identify(src/lab/src/py_ctrl) by extension 'colcon_meta'
[0.171s] Level 1:colcon.colcon_core.package_identification:_identify(src/lab/src/py_ctrl) by extensions ['ros']
[0.171s] Level 1:colcon.colcon_core.package_identification:_identify(src/lab/src/py_ctrl) by extension 'ros'
[0.172s] DEBUG:colcon.colcon_core.package_identification:Package 'src/lab/src/py_ctrl' with type 'ros.ament_python' and name 'py_ctrl'
[0.172s] Level 1:colcon.colcon_core.package_discovery:discover_packages(recursive) using defaults
[0.172s] Level 1:colcon.colcon_core.package_discovery:discover_packages(ignore) discover
[0.172s] Level 1:colcon.colcon_core.package_discovery:discover_packages(ignore) using defaults
[0.172s] Level 1:colcon.colcon_core.package_discovery:discover_packages(path) discover
[0.172s] Level 1:colcon.colcon_core.package_discovery:discover_packages(path) using defaults
[0.192s] Level 5:colcon.colcon_core.verb:set package 'case_bringup' build argument 'cmake_args' from command line to 'None'
[0.192s] Level 5:colcon.colcon_core.verb:set package 'case_bringup' build argument 'cmake_target' from command line to 'None'
[0.192s] Level 5:colcon.colcon_core.verb:set package 'case_bringup' build argument 'cmake_target_skip_unavailable' from command line to 'False'
[0.192s] Level 5:colcon.colcon_core.verb:set package 'case_bringup' build argument 'cmake_clean_cache' from command line to 'False'
[0.192s] Level 5:colcon.colcon_core.verb:set package 'case_bringup' build argument 'cmake_clean_first' from command line to 'False'
[0.192s] Level 5:colcon.colcon_core.verb:set package 'case_bringup' build argument 'cmake_force_configure' from command line to 'False'
[0.192s] Level 5:colcon.colcon_core.verb:set package 'case_bringup' build argument 'ament_cmake_args' from command line to 'None'
[0.192s] Level 5:colcon.colcon_core.verb:set package 'case_bringup' build argument 'catkin_cmake_args' from command line to 'None'
[0.192s] Level 5:colcon.colcon_core.verb:set package 'case_bringup' build argument 'catkin_skip_building_tests' from command line to 'False'
[0.192s] DEBUG:colcon.colcon_core.verb:Building package 'case_bringup' with the following arguments: {'ament_cmake_args': None, 'build_base': '/home/knug-artur/dev/cobots/ws/build/case_bringup', 'catkin_cmake_args': None, 'catkin_skip_building_tests': False, 'cmake_args': None, 'cmake_clean_cache': False, 'cmake_clean_first': False, 'cmake_force_configure': False, 'cmake_target': None, 'cmake_target_skip_unavailable': False, 'install_base': '/home/knug-artur/dev/cobots/ws/install/case_bringup', 'merge_install': False, 'path': '/home/knug-artur/dev/cobots/ws/src/lab/src/case_suite/case_bringup', 'symlink_install': False, 'test_result_base': None}
[0.193s] Level 5:colcon.colcon_core.verb:set package 'case_scenes' build argument 'cmake_args' from command line to 'None'
[0.193s] Level 5:colcon.colcon_core.verb:set package 'case_scenes' build argument 'cmake_target' from command line to 'None'
[0.193s] Level 5:colcon.colcon_core.verb:set package 'case_scenes' build argument 'cmake_target_skip_unavailable' from command line to 'False'
[0.193s] Level 5:colcon.colcon_core.verb:set package 'case_scenes' build argument 'cmake_clean_cache' from command line to 'False'
[0.193s] Level 5:colcon.colcon_core.verb:set package 'case_scenes' build argument 'cmake_clean_first' from command line to 'False'
[0.193s] Level 5:colcon.colcon_core.verb:set package 'case_scenes' build argument 'cmake_force_configure' from command line to 'False'
[0.193s] Level 5:colcon.colcon_core.verb:set package 'case_scenes' build argument 'ament_cmake_args' from command line to 'None'
[0.193s] Level 5:colcon.colcon_core.verb:set package 'case_scenes' build argument 'catkin_cmake_args' from command line to 'None'
[0.193s] Level 5:colcon.colcon_core.verb:set package 'case_scenes' build argument 'catkin_skip_building_tests' from command line to 'False'
[0.193s] DEBUG:colcon.colcon_core.verb:Building package 'case_scenes' with the following arguments: {'ament_cmake_args': None, 'build_base': '/home/knug-artur/dev/cobots/ws/build/case_scenes', 'catkin_cmake_args': None, 'catkin_skip_building_tests': False, 'cmake_args': None, 'cmake_clean_cache': False, 'cmake_clean_first': False, 'cmake_force_configure': False, 'cmake_target': None, 'cmake_target_skip_unavailable': False, 'install_base': '/home/knug-artur/dev/cobots/ws/install/case_scenes', 'merge_install': False, 'path': '/home/knug-artur/dev/cobots/ws/src/lab/src/case_suite/case_scenes', 'symlink_install': False, 'test_result_base': None}
[0.194s] Level 5:colcon.colcon_core.verb:set package 'py_ctrl' build argument 'cmake_args' from command line to 'None'
[0.194s] Level 5:colcon.colcon_core.verb:set package 'py_ctrl' build argument 'cmake_target' from command line to 'None'
[0.194s] Level 5:colcon.colcon_core.verb:set package 'py_ctrl' build argument 'cmake_target_skip_unavailable' from command line to 'False'
[0.194s] Level 5:colcon.colcon_core.verb:set package 'py_ctrl' build argument 'cmake_clean_cache' from command line to 'False'
[0.194s] Level 5:colcon.colcon_core.verb:set package 'py_ctrl' build argument 'cmake_clean_first' from command line to 'False'
[0.194s] Level 5:colcon.colcon_core.verb:set package 'py_ctrl' build argument 'cmake_force_configure' from command line to 'False'
[0.194s] Level 5:colcon.colcon_core.verb:set package 'py_ctrl' build argument 'ament_cmake_args' from command line to 'None'
[0.194s] Level 5:colcon.colcon_core.verb:set package 'py_ctrl' build argument 'catkin_cmake_args' from command line to 'None'
[0.194s] Level 5:colcon.colcon_core.verb:set package 'py_ctrl' build argument 'catkin_skip_building_tests' from command line to 'False'
[0.194s] DEBUG:colcon.colcon_core.verb:Building package 'py_ctrl' with the following arguments: {'ament_cmake_args': None, 'build_base': '/home/knug-artur/dev/cobots/ws/build/py_ctrl', 'catkin_cmake_args': None, 'catkin_skip_building_tests': False, 'cmake_args': None, 'cmake_clean_cache': False, 'cmake_clean_first': False, 'cmake_force_configure': False, 'cmake_target': None, 'cmake_target_skip_unavailable': False, 'install_base': '/home/knug-artur/dev/cobots/ws/install/py_ctrl', 'merge_install': False, 'path': '/home/knug-artur/dev/cobots/ws/src/lab/src/py_ctrl', 'symlink_install': False, 'test_result_base': None}
[0.199s] INFO:colcon.colcon_core.executor:Executing jobs using 'parallel' executor
[0.200s] DEBUG:colcon.colcon_parallel_executor.executor.parallel:run_until_complete
[0.201s] INFO:colcon.colcon_ros.task.ament_cmake.build:Building ROS package in '/home/knug-artur/dev/cobots/ws/src/lab/src/case_suite/case_bringup' with build type 'ament_cmake'
[0.201s] INFO:colcon.colcon_cmake.task.cmake.build:Building CMake package in '/home/knug-artur/dev/cobots/ws/src/lab/src/case_suite/case_bringup'
[0.204s] INFO:colcon.colcon_core.plugin_system:Skipping extension 'colcon_core.shell.bat': Not used on non-Windows systems
[0.204s] INFO:colcon.colcon_core.shell:Skip shell extension 'powershell' for command environment: Not usable outside of PowerShell
[0.204s] DEBUG:colcon.colcon_core.shell:Skip shell extension 'dsv' for command environment
[0.210s] INFO:colcon.colcon_ros.task.ament_python.build:Building ROS package in '/home/knug-artur/dev/cobots/ws/src/lab/src/case_suite/case_scenes' with build type 'ament_python'
[0.211s] Level 1:colcon.colcon_core.shell:create_environment_hook('case_scenes', 'ament_prefix_path')
[0.211s] INFO:colcon.colcon_core.shell:Creating environment hook '/home/knug-artur/dev/cobots/ws/install/case_scenes/share/case_scenes/hook/ament_prefix_path.ps1'
[0.212s] INFO:colcon.colcon_core.shell:Creating environment descriptor '/home/knug-artur/dev/cobots/ws/install/case_scenes/share/case_scenes/hook/ament_prefix_path.dsv'
[0.213s] INFO:colcon.colcon_core.shell:Creating environment hook '/home/knug-artur/dev/cobots/ws/install/case_scenes/share/case_scenes/hook/ament_prefix_path.sh'
[0.214s] INFO:colcon.colcon_core.shell:Skip shell extension 'powershell' for command environment: Not usable outside of PowerShell
[0.214s] DEBUG:colcon.colcon_core.shell:Skip shell extension 'dsv' for command environment
[0.221s] INFO:colcon.colcon_ros.task.ament_python.build:Building ROS package in '/home/knug-artur/dev/cobots/ws/src/lab/src/py_ctrl' with build type 'ament_python'
[0.222s] Level 1:colcon.colcon_core.shell:create_environment_hook('py_ctrl', 'ament_prefix_path')
[0.223s] INFO:colcon.colcon_core.shell:Creating environment hook '/home/knug-artur/dev/cobots/ws/install/py_ctrl/share/py_ctrl/hook/ament_prefix_path.ps1'
[0.223s] INFO:colcon.colcon_core.shell:Creating environment descriptor '/home/knug-artur/dev/cobots/ws/install/py_ctrl/share/py_ctrl/hook/ament_prefix_path.dsv'
[0.224s] INFO:colcon.colcon_core.shell:Creating environment hook '/home/knug-artur/dev/cobots/ws/install/py_ctrl/share/py_ctrl/hook/ament_prefix_path.sh'
[0.225s] INFO:colcon.colcon_core.shell:Skip shell extension 'powershell' for command environment: Not usable outside of PowerShell
[0.225s] DEBUG:colcon.colcon_core.shell:Skip shell extension 'dsv' for command environment
[0.240s] DEBUG:colcon.colcon_core.event_handler.log_command:Invoking command in '/home/knug-artur/dev/cobots/ws/build/case_bringup': CMAKE_PREFIX_PATH=${CMAKE_PREFIX_PATH}:/home/knug-artur/dev/cobots/dep_ws/install/viz_static:/home/knug-artur/dev/cobots/dep_ws/install/viz_interactive:/home/knug-artur/dev/cobots/dep_ws/install/ur_setup:/home/knug-artur/dev/cobots/dep_ws/install/tf_lookup:/home/knug-artur/dev/cobots/dep_ws/install/tf_broadcast:/home/knug-artur/dev/cobots/dep_ws/install/tf_scene:/home/knug-artur/dev/cobots/dep_ws/install/gui_tools:/home/knug-artur/dev/cobots/dep_ws/install/aruco_handler:/opt/ros/galactic /usr/bin/cmake /home/knug-artur/dev/cobots/ws/src/lab/src/case_suite/case_bringup -DCMAKE_INSTALL_PREFIX=/home/knug-artur/dev/cobots/ws/install/case_bringup
[0.517s] INFO:colcon.colcon_core.task.python.build:Building Python package in '/home/knug-artur/dev/cobots/ws/src/lab/src/case_suite/case_scenes'
[0.518s] INFO:colcon.colcon_core.shell:Skip shell extension 'powershell' for command environment: Not usable outside of PowerShell
[0.519s] DEBUG:colcon.colcon_core.shell:Skip shell extension 'dsv' for command environment
[0.783s] INFO:colcon.colcon_core.task.python.build:Building Python package in '/home/knug-artur/dev/cobots/ws/src/lab/src/py_ctrl'
[0.784s] INFO:colcon.colcon_core.shell:Skip shell extension 'powershell' for command environment: Not usable outside of PowerShell
[0.784s] DEBUG:colcon.colcon_core.shell:Skip shell extension 'dsv' for command environment
[0.991s] DEBUG:colcon.colcon_core.event_handler.log_command:Invoked command in '/home/knug-artur/dev/cobots/ws/build/case_bringup' returned '0': CMAKE_PREFIX_PATH=${CMAKE_PREFIX_PATH}:/home/knug-artur/dev/cobots/dep_ws/install/viz_static:/home/knug-artur/dev/cobots/dep_ws/install/viz_interactive:/home/knug-artur/dev/cobots/dep_ws/install/ur_setup:/home/knug-artur/dev/cobots/dep_ws/install/tf_lookup:/home/knug-artur/dev/cobots/dep_ws/install/tf_broadcast:/home/knug-artur/dev/cobots/dep_ws/install/tf_scene:/home/knug-artur/dev/cobots/dep_ws/install/gui_tools:/home/knug-artur/dev/cobots/dep_ws/install/aruco_handler:/opt/ros/galactic /usr/bin/cmake /home/knug-artur/dev/cobots/ws/src/lab/src/case_suite/case_bringup -DCMAKE_INSTALL_PREFIX=/home/knug-artur/dev/cobots/ws/install/case_bringup
[0.994s] DEBUG:colcon.colcon_core.event_handler.log_command:Invoking command in '/home/knug-artur/dev/cobots/ws/build/case_bringup': CMAKE_PREFIX_PATH=${CMAKE_PREFIX_PATH}:/home/knug-artur/dev/cobots/dep_ws/install/viz_static:/home/knug-artur/dev/cobots/dep_ws/install/viz_interactive:/home/knug-artur/dev/cobots/dep_ws/install/ur_setup:/home/knug-artur/dev/cobots/dep_ws/install/tf_lookup:/home/knug-artur/dev/cobots/dep_ws/install/tf_broadcast:/home/knug-artur/dev/cobots/dep_ws/install/tf_scene:/home/knug-artur/dev/cobots/dep_ws/install/gui_tools:/home/knug-artur/dev/cobots/dep_ws/install/aruco_handler:/opt/ros/galactic /usr/bin/cmake --build /home/knug-artur/dev/cobots/ws/build/case_bringup -- -j4 -l4
[1.038s] DEBUG:colcon.colcon_core.event_handler.log_command:Invoked command in '/home/knug-artur/dev/cobots/ws/build/case_bringup' returned '0': CMAKE_PREFIX_PATH=${CMAKE_PREFIX_PATH}:/home/knug-artur/dev/cobots/dep_ws/install/viz_static:/home/knug-artur/dev/cobots/dep_ws/install/viz_interactive:/home/knug-artur/dev/cobots/dep_ws/install/ur_setup:/home/knug-artur/dev/cobots/dep_ws/install/tf_lookup:/home/knug-artur/dev/cobots/dep_ws/install/tf_broadcast:/home/knug-artur/dev/cobots/dep_ws/install/tf_scene:/home/knug-artur/dev/cobots/dep_ws/install/gui_tools:/home/knug-artur/dev/cobots/dep_ws/install/aruco_handler:/opt/ros/galactic /usr/bin/cmake --build /home/knug-artur/dev/cobots/ws/build/case_bringup -- -j4 -l4
[1.075s] DEBUG:colcon.colcon_core.event_handler.log_command:Invoking command in '/home/knug-artur/dev/cobots/ws/build/case_bringup': CMAKE_PREFIX_PATH=${CMAKE_PREFIX_PATH}:/home/knug-artur/dev/cobots/dep_ws/install/viz_static:/home/knug-artur/dev/cobots/dep_ws/install/viz_interactive:/home/knug-artur/dev/cobots/dep_ws/install/ur_setup:/home/knug-artur/dev/cobots/dep_ws/install/tf_lookup:/home/knug-artur/dev/cobots/dep_ws/install/tf_broadcast:/home/knug-artur/dev/cobots/dep_ws/install/tf_scene:/home/knug-artur/dev/cobots/dep_ws/install/gui_tools:/home/knug-artur/dev/cobots/dep_ws/install/aruco_handler:/opt/ros/galactic /usr/bin/cmake --install /home/knug-artur/dev/cobots/ws/build/case_bringup
[1.091s] Level 1:colcon.colcon_core.environment:create_environment_scripts_only(case_bringup)
[1.092s] DEBUG:colcon.colcon_core.event_handler.log_command:Invoked command in '/home/knug-artur/dev/cobots/ws/build/case_bringup' returned '0': CMAKE_PREFIX_PATH=${CMAKE_PREFIX_PATH}:/home/knug-artur/dev/cobots/dep_ws/install/viz_static:/home/knug-artur/dev/cobots/dep_ws/install/viz_interactive:/home/knug-artur/dev/cobots/dep_ws/install/ur_setup:/home/knug-artur/dev/cobots/dep_ws/install/tf_lookup:/home/knug-artur/dev/cobots/dep_ws/install/tf_broadcast:/home/knug-artur/dev/cobots/dep_ws/install/tf_scene:/home/knug-artur/dev/cobots/dep_ws/install/gui_tools:/home/knug-artur/dev/cobots/dep_ws/install/aruco_handler:/opt/ros/galactic /usr/bin/cmake --install /home/knug-artur/dev/cobots/ws/build/case_bringup
[1.096s] Level 1:colcon.colcon_core.environment:checking '/home/knug-artur/dev/cobots/ws/install/case_bringup' for CMake module files
[1.096s] Level 1:colcon.colcon_core.environment:checking '/home/knug-artur/dev/cobots/ws/install/case_bringup' for CMake config files
[1.096s] Level 1:colcon.colcon_core.shell:create_environment_hook('case_bringup', 'cmake_prefix_path')
[1.097s] INFO:colcon.colcon_core.shell:Creating environment hook '/home/knug-artur/dev/cobots/ws/install/case_bringup/share/case_bringup/hook/cmake_prefix_path.ps1'
[1.097s] INFO:colcon.colcon_core.shell:Creating environment descriptor '/home/knug-artur/dev/cobots/ws/install/case_bringup/share/case_bringup/hook/cmake_prefix_path.dsv'
[1.098s] INFO:colcon.colcon_core.shell:Creating environment hook '/home/knug-artur/dev/cobots/ws/install/case_bringup/share/case_bringup/hook/cmake_prefix_path.sh'
[1.098s] Level 1:colcon.colcon_core.environment:checking '/home/knug-artur/dev/cobots/ws/install/case_bringup/bin'
[1.099s] Level 1:colcon.colcon_core.environment:checking '/home/knug-artur/dev/cobots/ws/install/case_bringup/lib/pkgconfig/case_bringup.pc'
[1.099s] Level 1:colcon.colcon_core.environment:checking '/home/knug-artur/dev/cobots/ws/install/case_bringup/lib/python3.8/site-packages'
[1.099s] INFO:colcon.colcon_core.shell:Creating package script '/home/knug-artur/dev/cobots/ws/install/case_bringup/share/case_bringup/package.ps1'
[1.100s] INFO:colcon.colcon_core.shell:Creating package descriptor '/home/knug-artur/dev/cobots/ws/install/case_bringup/share/case_bringup/package.dsv'
[1.100s] INFO:colcon.colcon_core.shell:Creating package script '/home/knug-artur/dev/cobots/ws/install/case_bringup/share/case_bringup/package.sh'
[1.101s] INFO:colcon.colcon_core.shell:Creating package script '/home/knug-artur/dev/cobots/ws/install/case_bringup/share/case_bringup/package.bash'
[1.102s] INFO:colcon.colcon_core.shell:Creating package script '/home/knug-artur/dev/cobots/ws/install/case_bringup/share/case_bringup/package.zsh'
[1.103s] Level 1:colcon.colcon_core.environment:create_file_with_runtime_dependencies(/home/knug-artur/dev/cobots/ws/install/case_bringup/share/colcon-core/packages/case_bringup)
[1.127s] Level 1:colcon.colcon_core.environment:create_environment_scripts_only(case_bringup)
[1.128s] Level 1:colcon.colcon_core.environment:checking '/home/knug-artur/dev/cobots/ws/install/case_bringup' for CMake module files
[1.129s] Level 1:colcon.colcon_core.environment:checking '/home/knug-artur/dev/cobots/ws/install/case_bringup' for CMake config files
[1.130s] Level 1:colcon.colcon_core.shell:create_environment_hook('case_bringup', 'cmake_prefix_path')
[1.130s] INFO:colcon.colcon_core.shell:Creating environment hook '/home/knug-artur/dev/cobots/ws/install/case_bringup/share/case_bringup/hook/cmake_prefix_path.ps1'
[1.131s] INFO:colcon.colcon_core.shell:Creating environment descriptor '/home/knug-artur/dev/cobots/ws/install/case_bringup/share/case_bringup/hook/cmake_prefix_path.dsv'
[1.132s] INFO:colcon.colcon_core.shell:Creating environment hook '/home/knug-artur/dev/cobots/ws/install/case_bringup/share/case_bringup/hook/cmake_prefix_path.sh'
[1.133s] Level 1:colcon.colcon_core.environment:checking '/home/knug-artur/dev/cobots/ws/install/case_bringup/bin'
[1.133s] Level 1:colcon.colcon_core.environment:checking '/home/knug-artur/dev/cobots/ws/install/case_bringup/lib/pkgconfig/case_bringup.pc'
[1.133s] Level 1:colcon.colcon_core.environment:checking '/home/knug-artur/dev/cobots/ws/install/case_bringup/lib/python3.8/site-packages'
[1.134s] INFO:colcon.colcon_core.shell:Creating package script '/home/knug-artur/dev/cobots/ws/install/case_bringup/share/case_bringup/package.ps1'
[1.135s] INFO:colcon.colcon_core.shell:Creating package descriptor '/home/knug-artur/dev/cobots/ws/install/case_bringup/share/case_bringup/package.dsv'
[1.135s] INFO:colcon.colcon_core.shell:Creating package script '/home/knug-artur/dev/cobots/ws/install/case_bringup/share/case_bringup/package.sh'
[1.136s] INFO:colcon.colcon_core.shell:Creating package script '/home/knug-artur/dev/cobots/ws/install/case_bringup/share/case_bringup/package.bash'
[1.137s] INFO:colcon.colcon_core.shell:Creating package script '/home/knug-artur/dev/cobots/ws/install/case_bringup/share/case_bringup/package.zsh'
[1.137s] Level 1:colcon.colcon_core.environment:create_file_with_runtime_dependencies(/home/knug-artur/dev/cobots/ws/install/case_bringup/share/colcon-core/packages/case_bringup)
[1.358s] DEBUG:colcon.colcon_core.event_handler.log_command:Invoking command in '/home/knug-artur/dev/cobots/ws/src/lab/src/case_suite/case_scenes': PYTHONPATH=/home/knug-artur/dev/cobots/ws/install/case_scenes/lib/python3.8/site-packages:${PYTHONPATH} /usr/bin/python3 setup.py egg_info --egg-base ../../../../../build/case_scenes build --build-base /home/knug-artur/dev/cobots/ws/build/case_scenes/build install --prefix /home/knug-artur/dev/cobots/ws/install/case_scenes --record /home/knug-artur/dev/cobots/ws/build/case_scenes/install.log --single-version-externally-managed
[1.364s] DEBUG:colcon.colcon_core.event_handler.log_command:Invoking command in '/home/knug-artur/dev/cobots/ws/src/lab/src/py_ctrl': PYTHONPATH=/home/knug-artur/dev/cobots/ws/install/py_ctrl/lib/python3.8/site-packages:${PYTHONPATH} /usr/bin/python3 setup.py egg_info --egg-base ../../../../build/py_ctrl build --build-base /home/knug-artur/dev/cobots/ws/build/py_ctrl/build install --prefix /home/knug-artur/dev/cobots/ws/install/py_ctrl --record /home/knug-artur/dev/cobots/ws/build/py_ctrl/install.log --single-version-externally-managed
[1.691s] Level 1:colcon.colcon_core.environment:checking '/home/knug-artur/dev/cobots/ws/install/case_scenes' for CMake module files
[1.691s] DEBUG:colcon.colcon_core.event_handler.log_command:Invoked command in '/home/knug-artur/dev/cobots/ws/src/lab/src/case_suite/case_scenes' returned '0': PYTHONPATH=/home/knug-artur/dev/cobots/ws/install/case_scenes/lib/python3.8/site-packages:${PYTHONPATH} /usr/bin/python3 setup.py egg_info --egg-base ../../../../../build/case_scenes build --build-base /home/knug-artur/dev/cobots/ws/build/case_scenes/build install --prefix /home/knug-artur/dev/cobots/ws/install/case_scenes --record /home/knug-artur/dev/cobots/ws/build/case_scenes/install.log --single-version-externally-managed
[1.692s] Level 1:colcon.colcon_core.environment:checking '/home/knug-artur/dev/cobots/ws/install/case_scenes' for CMake config files
[1.692s] Level 1:colcon.colcon_core.environment:checking '/home/knug-artur/dev/cobots/ws/install/case_scenes/lib'
[1.693s] Level 1:colcon.colcon_core.environment:checking '/home/knug-artur/dev/cobots/ws/install/case_scenes/bin'
[1.693s] Level 1:colcon.colcon_core.environment:checking '/home/knug-artur/dev/cobots/ws/install/case_scenes/lib/pkgconfig/case_scenes.pc'
[1.693s] Level 1:colcon.colcon_core.environment:checking '/home/knug-artur/dev/cobots/ws/install/case_scenes/lib/python3.8/site-packages'
[1.693s] Level 1:colcon.colcon_core.shell:create_environment_hook('case_scenes', 'pythonpath')
[1.693s] INFO:colcon.colcon_core.shell:Creating environment hook '/home/knug-artur/dev/cobots/ws/install/case_scenes/share/case_scenes/hook/pythonpath.ps1'
[1.694s] INFO:colcon.colcon_core.shell:Creating environment descriptor '/home/knug-artur/dev/cobots/ws/install/case_scenes/share/case_scenes/hook/pythonpath.dsv'
[1.694s] INFO:colcon.colcon_core.shell:Creating environment hook '/home/knug-artur/dev/cobots/ws/install/case_scenes/share/case_scenes/hook/pythonpath.sh'
[1.695s] Level 1:colcon.colcon_core.environment:create_environment_scripts_only(case_scenes)
[1.695s] INFO:colcon.colcon_core.shell:Creating package script '/home/knug-artur/dev/cobots/ws/install/case_scenes/share/case_scenes/package.ps1'
[1.696s] INFO:colcon.colcon_core.shell:Creating package descriptor '/home/knug-artur/dev/cobots/ws/install/case_scenes/share/case_scenes/package.dsv'
[1.696s] INFO:colcon.colcon_core.shell:Creating package script '/home/knug-artur/dev/cobots/ws/install/case_scenes/share/case_scenes/package.sh'
[1.696s] INFO:colcon.colcon_core.shell:Creating package script '/home/knug-artur/dev/cobots/ws/install/case_scenes/share/case_scenes/package.bash'
[1.697s] INFO:colcon.colcon_core.shell:Creating package script '/home/knug-artur/dev/cobots/ws/install/case_scenes/share/case_scenes/package.zsh'
[1.697s] Level 1:colcon.colcon_core.environment:create_file_with_runtime_dependencies(/home/knug-artur/dev/cobots/ws/install/case_scenes/share/colcon-core/packages/case_scenes)
[1.735s] Level 1:colcon.colcon_core.environment:checking '/home/knug-artur/dev/cobots/ws/install/py_ctrl' for CMake module files
[1.735s] DEBUG:colcon.colcon_core.event_handler.log_command:Invoked command in '/home/knug-artur/dev/cobots/ws/src/lab/src/py_ctrl' returned '0': PYTHONPATH=/home/knug-artur/dev/cobots/ws/install/py_ctrl/lib/python3.8/site-packages:${PYTHONPATH} /usr/bin/python3 setup.py egg_info --egg-base ../../../../build/py_ctrl build --build-base /home/knug-artur/dev/cobots/ws/build/py_ctrl/build install --prefix /home/knug-artur/dev/cobots/ws/install/py_ctrl --record /home/knug-artur/dev/cobots/ws/build/py_ctrl/install.log --single-version-externally-managed
[1.736s] Level 1:colcon.colcon_core.environment:checking '/home/knug-artur/dev/cobots/ws/install/py_ctrl' for CMake config files
[1.737s] Level 1:colcon.colcon_core.environment:checking '/home/knug-artur/dev/cobots/ws/install/py_ctrl/lib'
[1.737s] Level 1:colcon.colcon_core.environment:checking '/home/knug-artur/dev/cobots/ws/install/py_ctrl/bin'
[1.737s] Level 1:colcon.colcon_core.environment:checking '/home/knug-artur/dev/cobots/ws/install/py_ctrl/lib/pkgconfig/py_ctrl.pc'
[1.737s] Level 1:colcon.colcon_core.environment:checking '/home/knug-artur/dev/cobots/ws/install/py_ctrl/lib/python3.8/site-packages'
[1.737s] Level 1:colcon.colcon_core.shell:create_environment_hook('py_ctrl', 'pythonpath')
[1.737s] INFO:colcon.colcon_core.shell:Creating environment hook '/home/knug-artur/dev/cobots/ws/install/py_ctrl/share/py_ctrl/hook/pythonpath.ps1'
[1.738s] INFO:colcon.colcon_core.shell:Creating environment descriptor '/home/knug-artur/dev/cobots/ws/install/py_ctrl/share/py_ctrl/hook/pythonpath.dsv'
[1.738s] INFO:colcon.colcon_core.shell:Creating environment hook '/home/knug-artur/dev/cobots/ws/install/py_ctrl/share/py_ctrl/hook/pythonpath.sh'
[1.738s] Level 1:colcon.colcon_core.environment:create_environment_scripts_only(py_ctrl)
[1.739s] INFO:colcon.colcon_core.shell:Creating package script '/home/knug-artur/dev/cobots/ws/install/py_ctrl/share/py_ctrl/package.ps1'
[1.739s] INFO:colcon.colcon_core.shell:Creating package descriptor '/home/knug-artur/dev/cobots/ws/install/py_ctrl/share/py_ctrl/package.dsv'
[1.740s] INFO:colcon.colcon_core.shell:Creating package script '/home/knug-artur/dev/cobots/ws/install/py_ctrl/share/py_ctrl/package.sh'
[1.740s] INFO:colcon.colcon_core.shell:Creating package script '/home/knug-artur/dev/cobots/ws/install/py_ctrl/share/py_ctrl/package.bash'
[1.741s] INFO:colcon.colcon_core.shell:Creating package script '/home/knug-artur/dev/cobots/ws/install/py_ctrl/share/py_ctrl/package.zsh'
[1.741s] Level 1:colcon.colcon_core.environment:create_file_with_runtime_dependencies(/home/knug-artur/dev/cobots/ws/install/py_ctrl/share/colcon-core/packages/py_ctrl)
[1.741s] DEBUG:colcon.colcon_parallel_executor.executor.parallel:closing loop
[1.742s] DEBUG:colcon.colcon_parallel_executor.executor.parallel:loop closed
[1.742s] DEBUG:colcon.colcon_parallel_executor.executor.parallel:run_until_complete finished with '0'
[1.742s] DEBUG:colcon.colcon_core.event_reactor:joining thread
[1.749s] INFO:colcon.colcon_core.plugin_system:Skipping extension 'colcon_notification.desktop_notification.terminal_notifier': Not used on non-Darwin systems
[1.749s] INFO:colcon.colcon_core.plugin_system:Skipping extension 'colcon_notification.desktop_notification.win32': Not used on non-Windows systems
[1.749s] INFO:colcon.colcon_notification.desktop_notification:Sending desktop notification using 'notify2'
[1.765s] DEBUG:colcon.colcon_core.event_reactor:joined thread
[1.765s] INFO:colcon.colcon_core.shell:Creating prefix script '/home/knug-artur/dev/cobots/ws/install/local_setup.ps1'
[1.766s] INFO:colcon.colcon_core.shell:Creating prefix util module '/home/knug-artur/dev/cobots/ws/install/_local_setup_util_ps1.py'
[1.767s] INFO:colcon.colcon_core.shell:Creating prefix chain script '/home/knug-artur/dev/cobots/ws/install/setup.ps1'
[1.774s] INFO:colcon.colcon_core.shell:Creating prefix script '/home/knug-artur/dev/cobots/ws/install/local_setup.sh'
[1.775s] INFO:colcon.colcon_core.shell:Creating prefix util module '/home/knug-artur/dev/cobots/ws/install/_local_setup_util_sh.py'
[1.776s] INFO:colcon.colcon_core.shell:Creating prefix chain script '/home/knug-artur/dev/cobots/ws/install/setup.sh'
[1.778s] INFO:colcon.colcon_core.shell:Creating prefix script '/home/knug-artur/dev/cobots/ws/install/local_setup.bash'
[1.779s] INFO:colcon.colcon_core.shell:Creating prefix chain script '/home/knug-artur/dev/cobots/ws/install/setup.bash'
[1.782s] INFO:colcon.colcon_core.shell:Creating prefix script '/home/knug-artur/dev/cobots/ws/install/local_setup.zsh'
[1.782s] INFO:colcon.colcon_core.shell:Creating prefix chain script '/home/knug-artur/dev/cobots/ws/install/setup.zsh'
