[0.142s] DEBUG:colcon:Command line arguments: ['/usr/bin/colcon', 'build']
[0.142s] DEBUG:colcon:Parsed command line arguments: Namespace(allow_overriding=[], ament_cmake_args=None, base_paths=['.'], build_base='build', catkin_cmake_args=None, catkin_skip_building_tests=False, cmake_args=None, cmake_clean_cache=False, cmake_clean_first=False, cmake_force_configure=False, cmake_target=None, cmake_target_skip_unavailable=False, continue_on_error=False, event_handlers=None, executor='parallel', ignore_user_meta=False, install_base='install', log_base=None, log_level=None, main=<bound method BuildVerb.main of <colcon_core.verb.build.BuildVerb object at 0x7fbf26f4e100>>, merge_install=False, metas=['./colcon.meta'], packages_above=None, packages_above_and_dependencies=None, packages_above_depth=None, packages_end=None, packages_ignore=None, packages_ignore_regex=None, packages_select=None, packages_select_build_failed=False, packages_select_by_dep=None, packages_select_regex=None, packages_select_test_failures=False, packages_skip=None, packages_skip_build_finished=False, packages_skip_by_dep=None, packages_skip_regex=None, packages_skip_test_passed=False, packages_skip_up_to=None, packages_start=None, packages_up_to=None, packages_up_to_regex=None, parallel_workers=4, paths=None, symlink_install=False, test_result_base=None, verb_extension=<colcon_core.verb.build.BuildVerb object at 0x7fbf26f4e100>, verb_name='build', verb_parser=<colcon_defaults.argument_parser.defaults.DefaultArgumentsDecorator object at 0x7fbf26f4e640>)
[0.148s] Level 1:colcon.colcon_core.package_discovery:discover_packages(colcon_meta) check parameters
[0.148s] Level 1:colcon.colcon_core.package_discovery:discover_packages(recursive) check parameters
[0.148s] Level 1:colcon.colcon_core.package_discovery:discover_packages(ignore) check parameters
[0.148s] Level 1:colcon.colcon_core.package_discovery:discover_packages(path) check parameters
[0.148s] Level 1:colcon.colcon_core.package_discovery:discover_packages(colcon_meta) discover
[0.148s] Level 1:colcon.colcon_core.package_discovery:discover_packages(recursive) discover
[0.148s] INFO:colcon.colcon_core.package_discovery:Crawling recursively for packages in '/home/knug-artur/dev/cobots/ws'
[0.148s] Level 1:colcon.colcon_core.package_identification:_identify(.) by extensions ['ignore', 'ignore_ament_install']
[0.149s] Level 1:colcon.colcon_core.package_identification:_identify(.) by extension 'ignore'
[0.149s] Level 1:colcon.colcon_core.package_identification:_identify(.) by extension 'ignore_ament_install'
[0.149s] Level 1:colcon.colcon_core.package_identification:_identify(.) by extensions ['colcon_pkg']
[0.149s] Level 1:colcon.colcon_core.package_identification:_identify(.) by extension 'colcon_pkg'
[0.149s] Level 1:colcon.colcon_core.package_identification:_identify(.) by extensions ['colcon_meta']
[0.149s] Level 1:colcon.colcon_core.package_identification:_identify(.) by extension 'colcon_meta'
[0.149s] Level 1:colcon.colcon_core.package_identification:_identify(.) by extensions ['ros']
[0.149s] Level 1:colcon.colcon_core.package_identification:_identify(.) by extension 'ros'
[0.160s] Level 1:colcon.colcon_core.package_identification:_identify(.) by extensions ['cmake', 'python']
[0.160s] Level 1:colcon.colcon_core.package_identification:_identify(.) by extension 'cmake'
[0.160s] Level 1:colcon.colcon_core.package_identification:_identify(.) by extension 'python'
[0.160s] Level 1:colcon.colcon_core.package_identification:_identify(.) by extensions ['python_setup_py']
[0.160s] Level 1:colcon.colcon_core.package_identification:_identify(.) by extension 'python_setup_py'
[0.160s] Level 1:colcon.colcon_core.package_identification:_identify(build) by extensions ['ignore', 'ignore_ament_install']
[0.160s] Level 1:colcon.colcon_core.package_identification:_identify(build) by extension 'ignore'
[0.160s] Level 1:colcon.colcon_core.package_identification:_identify(build) ignored
[0.160s] Level 1:colcon.colcon_core.package_identification:_identify(install) by extensions ['ignore', 'ignore_ament_install']
[0.160s] Level 1:colcon.colcon_core.package_identification:_identify(install) by extension 'ignore'
[0.160s] Level 1:colcon.colcon_core.package_identification:_identify(install) ignored
[0.160s] Level 1:colcon.colcon_core.package_identification:_identify(log) by extensions ['ignore', 'ignore_ament_install']
[0.160s] Level 1:colcon.colcon_core.package_identification:_identify(log) by extension 'ignore'
[0.161s] Level 1:colcon.colcon_core.package_identification:_identify(log) ignored
[0.161s] Level 1:colcon.colcon_core.package_identification:_identify(src) by extensions ['ignore', 'ignore_ament_install']
[0.161s] Level 1:colcon.colcon_core.package_identification:_identify(src) by extension 'ignore'
[0.161s] Level 1:colcon.colcon_core.package_identification:_identify(src) by extension 'ignore_ament_install'
[0.161s] Level 1:colcon.colcon_core.package_identification:_identify(src) by extensions ['colcon_pkg']
[0.161s] Level 1:colcon.colcon_core.package_identification:_identify(src) by extension 'colcon_pkg'
[0.161s] Level 1:colcon.colcon_core.package_identification:_identify(src) by extensions ['colcon_meta']
[0.161s] Level 1:colcon.colcon_core.package_identification:_identify(src) by extension 'colcon_meta'
[0.161s] Level 1:colcon.colcon_core.package_identification:_identify(src) by extensions ['ros']
[0.161s] Level 1:colcon.colcon_core.package_identification:_identify(src) by extension 'ros'
[0.161s] Level 1:colcon.colcon_core.package_identification:_identify(src) by extensions ['cmake', 'python']
[0.161s] Level 1:colcon.colcon_core.package_identification:_identify(src) by extension 'cmake'
[0.161s] Level 1:colcon.colcon_core.package_identification:_identify(src) by extension 'python'
[0.161s] Level 1:colcon.colcon_core.package_identification:_identify(src) by extensions ['python_setup_py']
[0.161s] Level 1:colcon.colcon_core.package_identification:_identify(src) by extension 'python_setup_py'
[0.161s] Level 1:colcon.colcon_core.package_identification:_identify(src/lab) by extensions ['ignore', 'ignore_ament_install']
[0.161s] Level 1:colcon.colcon_core.package_identification:_identify(src/lab) by extension 'ignore'
[0.161s] Level 1:colcon.colcon_core.package_identification:_identify(src/lab) by extension 'ignore_ament_install'
[0.161s] Level 1:colcon.colcon_core.package_identification:_identify(src/lab) by extensions ['colcon_pkg']
[0.161s] Level 1:colcon.colcon_core.package_identification:_identify(src/lab) by extension 'colcon_pkg'
[0.162s] Level 1:colcon.colcon_core.package_identification:_identify(src/lab) by extensions ['colcon_meta']
[0.162s] Level 1:colcon.colcon_core.package_identification:_identify(src/lab) by extension 'colcon_meta'
[0.162s] Level 1:colcon.colcon_core.package_identification:_identify(src/lab) by extensions ['ros']
[0.162s] Level 1:colcon.colcon_core.package_identification:_identify(src/lab) by extension 'ros'
[0.162s] Level 1:colcon.colcon_core.package_identification:_identify(src/lab) by extensions ['cmake', 'python']
[0.162s] Level 1:colcon.colcon_core.package_identification:_identify(src/lab) by extension 'cmake'
[0.162s] Level 1:colcon.colcon_core.package_identification:_identify(src/lab) by extension 'python'
[0.162s] Level 1:colcon.colcon_core.package_identification:_identify(src/lab) by extensions ['python_setup_py']
[0.162s] Level 1:colcon.colcon_core.package_identification:_identify(src/lab) by extension 'python_setup_py'
[0.162s] Level 1:colcon.colcon_core.package_identification:_identify(src/lab/src) by extensions ['ignore', 'ignore_ament_install']
[0.162s] Level 1:colcon.colcon_core.package_identification:_identify(src/lab/src) by extension 'ignore'
[0.162s] Level 1:colcon.colcon_core.package_identification:_identify(src/lab/src) by extension 'ignore_ament_install'
[0.162s] Level 1:colcon.colcon_core.package_identification:_identify(src/lab/src) by extensions ['colcon_pkg']
[0.162s] Level 1:colcon.colcon_core.package_identification:_identify(src/lab/src) by extension 'colcon_pkg'
[0.162s] Level 1:colcon.colcon_core.package_identification:_identify(src/lab/src) by extensions ['colcon_meta']
[0.162s] Level 1:colcon.colcon_core.package_identification:_identify(src/lab/src) by extension 'colcon_meta'
[0.162s] Level 1:colcon.colcon_core.package_identification:_identify(src/lab/src) by extensions ['ros']
[0.162s] Level 1:colcon.colcon_core.package_identification:_identify(src/lab/src) by extension 'ros'
[0.162s] Level 1:colcon.colcon_core.package_identification:_identify(src/lab/src) by extensions ['cmake', 'python']
[0.162s] Level 1:colcon.colcon_core.package_identification:_identify(src/lab/src) by extension 'cmake'
[0.162s] Level 1:colcon.colcon_core.package_identification:_identify(src/lab/src) by extension 'python'
[0.162s] Level 1:colcon.colcon_core.package_identification:_identify(src/lab/src) by extensions ['python_setup_py']
[0.163s] Level 1:colcon.colcon_core.package_identification:_identify(src/lab/src) by extension 'python_setup_py'
[0.163s] Level 1:colcon.colcon_core.package_identification:_identify(src/lab/src/case_suite) by extensions ['ignore', 'ignore_ament_install']
[0.163s] Level 1:colcon.colcon_core.package_identification:_identify(src/lab/src/case_suite) by extension 'ignore'
[0.163s] Level 1:colcon.colcon_core.package_identification:_identify(src/lab/src/case_suite) by extension 'ignore_ament_install'
[0.163s] Level 1:colcon.colcon_core.package_identification:_identify(src/lab/src/case_suite) by extensions ['colcon_pkg']
[0.163s] Level 1:colcon.colcon_core.package_identification:_identify(src/lab/src/case_suite) by extension 'colcon_pkg'
[0.163s] Level 1:colcon.colcon_core.package_identification:_identify(src/lab/src/case_suite) by extensions ['colcon_meta']
[0.163s] Level 1:colcon.colcon_core.package_identification:_identify(src/lab/src/case_suite) by extension 'colcon_meta'
[0.163s] Level 1:colcon.colcon_core.package_identification:_identify(src/lab/src/case_suite) by extensions ['ros']
[0.163s] Level 1:colcon.colcon_core.package_identification:_identify(src/lab/src/case_suite) by extension 'ros'
[0.163s] Level 1:colcon.colcon_core.package_identification:_identify(src/lab/src/case_suite) by extensions ['cmake', 'python']
[0.163s] Level 1:colcon.colcon_core.package_identification:_identify(src/lab/src/case_suite) by extension 'cmake'
[0.163s] Level 1:colcon.colcon_core.package_identification:_identify(src/lab/src/case_suite) by extension 'python'
[0.163s] Level 1:colcon.colcon_core.package_identification:_identify(src/lab/src/case_suite) by extensions ['python_setup_py']
[0.163s] Level 1:colcon.colcon_core.package_identification:_identify(src/lab/src/case_suite) by extension 'python_setup_py'
[0.163s] Level 1:colcon.colcon_core.package_identification:_identify(src/lab/src/case_suite/case_bringup) by extensions ['ignore', 'ignore_ament_install']
[0.163s] Level 1:colcon.colcon_core.package_identification:_identify(src/lab/src/case_suite/case_bringup) by extension 'ignore'
[0.163s] Level 1:colcon.colcon_core.package_identification:_identify(src/lab/src/case_suite/case_bringup) by extension 'ignore_ament_install'
[0.163s] Level 1:colcon.colcon_core.package_identification:_identify(src/lab/src/case_suite/case_bringup) by extensions ['colcon_pkg']
[0.164s] Level 1:colcon.colcon_core.package_identification:_identify(src/lab/src/case_suite/case_bringup) by extension 'colcon_pkg'
[0.164s] Level 1:colcon.colcon_core.package_identification:_identify(src/lab/src/case_suite/case_bringup) by extensions ['colcon_meta']
[0.164s] Level 1:colcon.colcon_core.package_identification:_identify(src/lab/src/case_suite/case_bringup) by extension 'colcon_meta'
[0.164s] Level 1:colcon.colcon_core.package_identification:_identify(src/lab/src/case_suite/case_bringup) by extensions ['ros']
[0.164s] Level 1:colcon.colcon_core.package_identification:_identify(src/lab/src/case_suite/case_bringup) by extension 'ros'
[0.166s] DEBUG:colcon.colcon_core.package_identification:Package 'src/lab/src/case_suite/case_bringup' with type 'ros.ament_cmake' and name 'case_bringup'
[0.166s] Level 1:colcon.colcon_core.package_identification:_identify(src/lab/src/case_suite/case_scenes) by extensions ['ignore', 'ignore_ament_install']
[0.166s] Level 1:colcon.colcon_core.package_identification:_identify(src/lab/src/case_suite/case_scenes) by extension 'ignore'
[0.166s] Level 1:colcon.colcon_core.package_identification:_identify(src/lab/src/case_suite/case_scenes) by extension 'ignore_ament_install'
[0.166s] Level 1:colcon.colcon_core.package_identification:_identify(src/lab/src/case_suite/case_scenes) by extensions ['colcon_pkg']
[0.166s] Level 1:colcon.colcon_core.package_identification:_identify(src/lab/src/case_suite/case_scenes) by extension 'colcon_pkg'
[0.166s] Level 1:colcon.colcon_core.package_identification:_identify(src/lab/src/case_suite/case_scenes) by extensions ['colcon_meta']
[0.166s] Level 1:colcon.colcon_core.package_identification:_identify(src/lab/src/case_suite/case_scenes) by extension 'colcon_meta'
[0.166s] Level 1:colcon.colcon_core.package_identification:_identify(src/lab/src/case_suite/case_scenes) by extensions ['ros']
[0.166s] Level 1:colcon.colcon_core.package_identification:_identify(src/lab/src/case_suite/case_scenes) by extension 'ros'
[0.167s] DEBUG:colcon.colcon_core.package_identification:Package 'src/lab/src/case_suite/case_scenes' with type 'ros.ament_python' and name 'case_scenes'
[0.167s] Level 1:colcon.colcon_core.package_identification:_identify(src/lab/src/py_ctrl) by extensions ['ignore', 'ignore_ament_install']
[0.167s] Level 1:colcon.colcon_core.package_identification:_identify(src/lab/src/py_ctrl) by extension 'ignore'
[0.167s] Level 1:colcon.colcon_core.package_identification:_identify(src/lab/src/py_ctrl) by extension 'ignore_ament_install'
[0.167s] Level 1:colcon.colcon_core.package_identification:_identify(src/lab/src/py_ctrl) by extensions ['colcon_pkg']
[0.167s] Level 1:colcon.colcon_core.package_identification:_identify(src/lab/src/py_ctrl) by extension 'colcon_pkg'
[0.167s] Level 1:colcon.colcon_core.package_identification:_identify(src/lab/src/py_ctrl) by extensions ['colcon_meta']
[0.167s] Level 1:colcon.colcon_core.package_identification:_identify(src/lab/src/py_ctrl) by extension 'colcon_meta'
[0.167s] Level 1:colcon.colcon_core.package_identification:_identify(src/lab/src/py_ctrl) by extensions ['ros']
[0.167s] Level 1:colcon.colcon_core.package_identification:_identify(src/lab/src/py_ctrl) by extension 'ros'
[0.168s] DEBUG:colcon.colcon_core.package_identification:Package 'src/lab/src/py_ctrl' with type 'ros.ament_python' and name 'py_ctrl'
[0.168s] Level 1:colcon.colcon_core.package_discovery:discover_packages(recursive) using defaults
[0.168s] Level 1:colcon.colcon_core.package_discovery:discover_packages(ignore) discover
[0.168s] Level 1:colcon.colcon_core.package_discovery:discover_packages(ignore) using defaults
[0.168s] Level 1:colcon.colcon_core.package_discovery:discover_packages(path) discover
[0.168s] Level 1:colcon.colcon_core.package_discovery:discover_packages(path) using defaults
[0.187s] Level 5:colcon.colcon_core.verb:set package 'case_bringup' build argument 'cmake_args' from command line to 'None'
[0.187s] Level 5:colcon.colcon_core.verb:set package 'case_bringup' build argument 'cmake_target' from command line to 'None'
[0.187s] Level 5:colcon.colcon_core.verb:set package 'case_bringup' build argument 'cmake_target_skip_unavailable' from command line to 'False'
[0.187s] Level 5:colcon.colcon_core.verb:set package 'case_bringup' build argument 'cmake_clean_cache' from command line to 'False'
[0.187s] Level 5:colcon.colcon_core.verb:set package 'case_bringup' build argument 'cmake_clean_first' from command line to 'False'
[0.187s] Level 5:colcon.colcon_core.verb:set package 'case_bringup' build argument 'cmake_force_configure' from command line to 'False'
[0.187s] Level 5:colcon.colcon_core.verb:set package 'case_bringup' build argument 'ament_cmake_args' from command line to 'None'
[0.187s] Level 5:colcon.colcon_core.verb:set package 'case_bringup' build argument 'catkin_cmake_args' from command line to 'None'
[0.187s] Level 5:colcon.colcon_core.verb:set package 'case_bringup' build argument 'catkin_skip_building_tests' from command line to 'False'
[0.187s] DEBUG:colcon.colcon_core.verb:Building package 'case_bringup' with the following arguments: {'ament_cmake_args': None, 'build_base': '/home/knug-artur/dev/cobots/ws/build/case_bringup', 'catkin_cmake_args': None, 'catkin_skip_building_tests': False, 'cmake_args': None, 'cmake_clean_cache': False, 'cmake_clean_first': False, 'cmake_force_configure': False, 'cmake_target': None, 'cmake_target_skip_unavailable': False, 'install_base': '/home/knug-artur/dev/cobots/ws/install/case_bringup', 'merge_install': False, 'path': '/home/knug-artur/dev/cobots/ws/src/lab/src/case_suite/case_bringup', 'symlink_install': False, 'test_result_base': None}
[0.188s] Level 5:colcon.colcon_core.verb:set package 'case_scenes' build argument 'cmake_args' from command line to 'None'
[0.188s] Level 5:colcon.colcon_core.verb:set package 'case_scenes' build argument 'cmake_target' from command line to 'None'
[0.188s] Level 5:colcon.colcon_core.verb:set package 'case_scenes' build argument 'cmake_target_skip_unavailable' from command line to 'False'
[0.188s] Level 5:colcon.colcon_core.verb:set package 'case_scenes' build argument 'cmake_clean_cache' from command line to 'False'
[0.188s] Level 5:colcon.colcon_core.verb:set package 'case_scenes' build argument 'cmake_clean_first' from command line to 'False'
[0.188s] Level 5:colcon.colcon_core.verb:set package 'case_scenes' build argument 'cmake_force_configure' from command line to 'False'
[0.188s] Level 5:colcon.colcon_core.verb:set package 'case_scenes' build argument 'ament_cmake_args' from command line to 'None'
[0.188s] Level 5:colcon.colcon_core.verb:set package 'case_scenes' build argument 'catkin_cmake_args' from command line to 'None'
[0.188s] Level 5:colcon.colcon_core.verb:set package 'case_scenes' build argument 'catkin_skip_building_tests' from command line to 'False'
[0.188s] DEBUG:colcon.colcon_core.verb:Building package 'case_scenes' with the following arguments: {'ament_cmake_args': None, 'build_base': '/home/knug-artur/dev/cobots/ws/build/case_scenes', 'catkin_cmake_args': None, 'catkin_skip_building_tests': False, 'cmake_args': None, 'cmake_clean_cache': False, 'cmake_clean_first': False, 'cmake_force_configure': False, 'cmake_target': None, 'cmake_target_skip_unavailable': False, 'install_base': '/home/knug-artur/dev/cobots/ws/install/case_scenes', 'merge_install': False, 'path': '/home/knug-artur/dev/cobots/ws/src/lab/src/case_suite/case_scenes', 'symlink_install': False, 'test_result_base': None}
[0.188s] Level 5:colcon.colcon_core.verb:set package 'py_ctrl' build argument 'cmake_args' from command line to 'None'
[0.188s] Level 5:colcon.colcon_core.verb:set package 'py_ctrl' build argument 'cmake_target' from command line to 'None'
[0.189s] Level 5:colcon.colcon_core.verb:set package 'py_ctrl' build argument 'cmake_target_skip_unavailable' from command line to 'False'
[0.189s] Level 5:colcon.colcon_core.verb:set package 'py_ctrl' build argument 'cmake_clean_cache' from command line to 'False'
[0.189s] Level 5:colcon.colcon_core.verb:set package 'py_ctrl' build argument 'cmake_clean_first' from command line to 'False'
[0.189s] Level 5:colcon.colcon_core.verb:set package 'py_ctrl' build argument 'cmake_force_configure' from command line to 'False'
[0.189s] Level 5:colcon.colcon_core.verb:set package 'py_ctrl' build argument 'ament_cmake_args' from command line to 'None'
[0.189s] Level 5:colcon.colcon_core.verb:set package 'py_ctrl' build argument 'catkin_cmake_args' from command line to 'None'
[0.189s] Level 5:colcon.colcon_core.verb:set package 'py_ctrl' build argument 'catkin_skip_building_tests' from command line to 'False'
[0.189s] DEBUG:colcon.colcon_core.verb:Building package 'py_ctrl' with the following arguments: {'ament_cmake_args': None, 'build_base': '/home/knug-artur/dev/cobots/ws/build/py_ctrl', 'catkin_cmake_args': None, 'catkin_skip_building_tests': False, 'cmake_args': None, 'cmake_clean_cache': False, 'cmake_clean_first': False, 'cmake_force_configure': False, 'cmake_target': None, 'cmake_target_skip_unavailable': False, 'install_base': '/home/knug-artur/dev/cobots/ws/install/py_ctrl', 'merge_install': False, 'path': '/home/knug-artur/dev/cobots/ws/src/lab/src/py_ctrl', 'symlink_install': False, 'test_result_base': None}
[0.193s] INFO:colcon.colcon_core.executor:Executing jobs using 'parallel' executor
[0.195s] DEBUG:colcon.colcon_parallel_executor.executor.parallel:run_until_complete
[0.196s] INFO:colcon.colcon_ros.task.ament_cmake.build:Building ROS package in '/home/knug-artur/dev/cobots/ws/src/lab/src/case_suite/case_bringup' with build type 'ament_cmake'
[0.196s] INFO:colcon.colcon_cmake.task.cmake.build:Building CMake package in '/home/knug-artur/dev/cobots/ws/src/lab/src/case_suite/case_bringup'
[0.199s] INFO:colcon.colcon_core.plugin_system:Skipping extension 'colcon_core.shell.bat': Not used on non-Windows systems
[0.199s] INFO:colcon.colcon_core.shell:Skip shell extension 'powershell' for command environment: Not usable outside of PowerShell
[0.199s] DEBUG:colcon.colcon_core.shell:Skip shell extension 'dsv' for command environment
[0.205s] INFO:colcon.colcon_ros.task.ament_python.build:Building ROS package in '/home/knug-artur/dev/cobots/ws/src/lab/src/case_suite/case_scenes' with build type 'ament_python'
[0.206s] Level 1:colcon.colcon_core.shell:create_environment_hook('case_scenes', 'ament_prefix_path')
[0.207s] INFO:colcon.colcon_core.shell:Creating environment hook '/home/knug-artur/dev/cobots/ws/install/case_scenes/share/case_scenes/hook/ament_prefix_path.ps1'
[0.208s] INFO:colcon.colcon_core.shell:Creating environment descriptor '/home/knug-artur/dev/cobots/ws/install/case_scenes/share/case_scenes/hook/ament_prefix_path.dsv'
[0.208s] INFO:colcon.colcon_core.shell:Creating environment hook '/home/knug-artur/dev/cobots/ws/install/case_scenes/share/case_scenes/hook/ament_prefix_path.sh'
[0.209s] INFO:colcon.colcon_core.shell:Skip shell extension 'powershell' for command environment: Not usable outside of PowerShell
[0.209s] DEBUG:colcon.colcon_core.shell:Skip shell extension 'dsv' for command environment
[0.215s] INFO:colcon.colcon_ros.task.ament_python.build:Building ROS package in '/home/knug-artur/dev/cobots/ws/src/lab/src/py_ctrl' with build type 'ament_python'
[0.215s] Level 1:colcon.colcon_core.shell:create_environment_hook('py_ctrl', 'ament_prefix_path')
[0.216s] INFO:colcon.colcon_core.shell:Creating environment hook '/home/knug-artur/dev/cobots/ws/install/py_ctrl/share/py_ctrl/hook/ament_prefix_path.ps1'
[0.217s] INFO:colcon.colcon_core.shell:Creating environment descriptor '/home/knug-artur/dev/cobots/ws/install/py_ctrl/share/py_ctrl/hook/ament_prefix_path.dsv'
[0.217s] INFO:colcon.colcon_core.shell:Creating environment hook '/home/knug-artur/dev/cobots/ws/install/py_ctrl/share/py_ctrl/hook/ament_prefix_path.sh'
[0.218s] INFO:colcon.colcon_core.shell:Skip shell extension 'powershell' for command environment: Not usable outside of PowerShell
[0.218s] DEBUG:colcon.colcon_core.shell:Skip shell extension 'dsv' for command environment
[0.233s] DEBUG:colcon.colcon_core.event_handler.log_command:Invoking command in '/home/knug-artur/dev/cobots/ws/build/case_bringup': CMAKE_PREFIX_PATH=${CMAKE_PREFIX_PATH}:/home/knug-artur/dev/cobots/dep_ws/install/viz_static:/home/knug-artur/dev/cobots/dep_ws/install/viz_interactive:/home/knug-artur/dev/cobots/dep_ws/install/ur_setup:/home/knug-artur/dev/cobots/dep_ws/install/tf_lookup:/home/knug-artur/dev/cobots/dep_ws/install/tf_broadcast:/home/knug-artur/dev/cobots/dep_ws/install/tf_scene:/home/knug-artur/dev/cobots/dep_ws/install/gui_tools:/home/knug-artur/dev/cobots/dep_ws/install/aruco_handler:/opt/ros/galactic /usr/bin/cmake --build /home/knug-artur/dev/cobots/ws/build/case_bringup -- -j4 -l4
[0.483s] INFO:colcon.colcon_core.task.python.build:Building Python package in '/home/knug-artur/dev/cobots/ws/src/lab/src/case_suite/case_scenes'
[0.483s] INFO:colcon.colcon_core.shell:Skip shell extension 'powershell' for command environment: Not usable outside of PowerShell
[0.484s] DEBUG:colcon.colcon_core.shell:Skip shell extension 'dsv' for command environment
[0.718s] INFO:colcon.colcon_core.task.python.build:Building Python package in '/home/knug-artur/dev/cobots/ws/src/lab/src/py_ctrl'
[0.719s] INFO:colcon.colcon_core.shell:Skip shell extension 'powershell' for command environment: Not usable outside of PowerShell
[0.719s] DEBUG:colcon.colcon_core.shell:Skip shell extension 'dsv' for command environment
[0.728s] DEBUG:colcon.colcon_core.event_handler.log_command:Invoked command in '/home/knug-artur/dev/cobots/ws/build/case_bringup' returned '0': CMAKE_PREFIX_PATH=${CMAKE_PREFIX_PATH}:/home/knug-artur/dev/cobots/dep_ws/install/viz_static:/home/knug-artur/dev/cobots/dep_ws/install/viz_interactive:/home/knug-artur/dev/cobots/dep_ws/install/ur_setup:/home/knug-artur/dev/cobots/dep_ws/install/tf_lookup:/home/knug-artur/dev/cobots/dep_ws/install/tf_broadcast:/home/knug-artur/dev/cobots/dep_ws/install/tf_scene:/home/knug-artur/dev/cobots/dep_ws/install/gui_tools:/home/knug-artur/dev/cobots/dep_ws/install/aruco_handler:/opt/ros/galactic /usr/bin/cmake --build /home/knug-artur/dev/cobots/ws/build/case_bringup -- -j4 -l4
[0.767s] DEBUG:colcon.colcon_core.event_handler.log_command:Invoking command in '/home/knug-artur/dev/cobots/ws/build/case_bringup': CMAKE_PREFIX_PATH=${CMAKE_PREFIX_PATH}:/home/knug-artur/dev/cobots/dep_ws/install/viz_static:/home/knug-artur/dev/cobots/dep_ws/install/viz_interactive:/home/knug-artur/dev/cobots/dep_ws/install/ur_setup:/home/knug-artur/dev/cobots/dep_ws/install/tf_lookup:/home/knug-artur/dev/cobots/dep_ws/install/tf_broadcast:/home/knug-artur/dev/cobots/dep_ws/install/tf_scene:/home/knug-artur/dev/cobots/dep_ws/install/gui_tools:/home/knug-artur/dev/cobots/dep_ws/install/aruco_handler:/opt/ros/galactic /usr/bin/cmake --install /home/knug-artur/dev/cobots/ws/build/case_bringup
[0.782s] Level 1:colcon.colcon_core.environment:create_environment_scripts_only(case_bringup)
[0.787s] Level 1:colcon.colcon_core.environment:checking '/home/knug-artur/dev/cobots/ws/install/case_bringup' for CMake module files
[0.787s] Level 1:colcon.colcon_core.environment:checking '/home/knug-artur/dev/cobots/ws/install/case_bringup' for CMake config files
[0.787s] Level 1:colcon.colcon_core.shell:create_environment_hook('case_bringup', 'cmake_prefix_path')
[0.788s] INFO:colcon.colcon_core.shell:Creating environment hook '/home/knug-artur/dev/cobots/ws/install/case_bringup/share/case_bringup/hook/cmake_prefix_path.ps1'
[0.788s] INFO:colcon.colcon_core.shell:Creating environment descriptor '/home/knug-artur/dev/cobots/ws/install/case_bringup/share/case_bringup/hook/cmake_prefix_path.dsv'
[0.790s] INFO:colcon.colcon_core.shell:Creating environment hook '/home/knug-artur/dev/cobots/ws/install/case_bringup/share/case_bringup/hook/cmake_prefix_path.sh'
[0.790s] DEBUG:colcon.colcon_core.event_handler.log_command:Invoked command in '/home/knug-artur/dev/cobots/ws/build/case_bringup' returned '0': CMAKE_PREFIX_PATH=${CMAKE_PREFIX_PATH}:/home/knug-artur/dev/cobots/dep_ws/install/viz_static:/home/knug-artur/dev/cobots/dep_ws/install/viz_interactive:/home/knug-artur/dev/cobots/dep_ws/install/ur_setup:/home/knug-artur/dev/cobots/dep_ws/install/tf_lookup:/home/knug-artur/dev/cobots/dep_ws/install/tf_broadcast:/home/knug-artur/dev/cobots/dep_ws/install/tf_scene:/home/knug-artur/dev/cobots/dep_ws/install/gui_tools:/home/knug-artur/dev/cobots/dep_ws/install/aruco_handler:/opt/ros/galactic /usr/bin/cmake --install /home/knug-artur/dev/cobots/ws/build/case_bringup
[0.791s] Level 1:colcon.colcon_core.environment:checking '/home/knug-artur/dev/cobots/ws/install/case_bringup/bin'
[0.791s] Level 1:colcon.colcon_core.environment:checking '/home/knug-artur/dev/cobots/ws/install/case_bringup/lib/pkgconfig/case_bringup.pc'
[0.791s] Level 1:colcon.colcon_core.environment:checking '/home/knug-artur/dev/cobots/ws/install/case_bringup/lib/python3.8/site-packages'
[0.792s] INFO:colcon.colcon_core.shell:Creating package script '/home/knug-artur/dev/cobots/ws/install/case_bringup/share/case_bringup/package.ps1'
[0.793s] INFO:colcon.colcon_core.shell:Creating package descriptor '/home/knug-artur/dev/cobots/ws/install/case_bringup/share/case_bringup/package.dsv'
[0.793s] INFO:colcon.colcon_core.shell:Creating package script '/home/knug-artur/dev/cobots/ws/install/case_bringup/share/case_bringup/package.sh'
[0.795s] INFO:colcon.colcon_core.shell:Creating package script '/home/knug-artur/dev/cobots/ws/install/case_bringup/share/case_bringup/package.bash'
[0.796s] INFO:colcon.colcon_core.shell:Creating package script '/home/knug-artur/dev/cobots/ws/install/case_bringup/share/case_bringup/package.zsh'
[0.798s] Level 1:colcon.colcon_core.environment:create_file_with_runtime_dependencies(/home/knug-artur/dev/cobots/ws/install/case_bringup/share/colcon-core/packages/case_bringup)
[0.822s] Level 1:colcon.colcon_core.environment:create_environment_scripts_only(case_bringup)
[0.823s] Level 1:colcon.colcon_core.environment:checking '/home/knug-artur/dev/cobots/ws/install/case_bringup' for CMake module files
[0.824s] Level 1:colcon.colcon_core.environment:checking '/home/knug-artur/dev/cobots/ws/install/case_bringup' for CMake config files
[0.824s] Level 1:colcon.colcon_core.shell:create_environment_hook('case_bringup', 'cmake_prefix_path')
[0.825s] INFO:colcon.colcon_core.shell:Creating environment hook '/home/knug-artur/dev/cobots/ws/install/case_bringup/share/case_bringup/hook/cmake_prefix_path.ps1'
[0.826s] INFO:colcon.colcon_core.shell:Creating environment descriptor '/home/knug-artur/dev/cobots/ws/install/case_bringup/share/case_bringup/hook/cmake_prefix_path.dsv'
[0.827s] INFO:colcon.colcon_core.shell:Creating environment hook '/home/knug-artur/dev/cobots/ws/install/case_bringup/share/case_bringup/hook/cmake_prefix_path.sh'
[0.827s] Level 1:colcon.colcon_core.environment:checking '/home/knug-artur/dev/cobots/ws/install/case_bringup/bin'
[0.827s] Level 1:colcon.colcon_core.environment:checking '/home/knug-artur/dev/cobots/ws/install/case_bringup/lib/pkgconfig/case_bringup.pc'
[0.827s] Level 1:colcon.colcon_core.environment:checking '/home/knug-artur/dev/cobots/ws/install/case_bringup/lib/python3.8/site-packages'
[0.828s] INFO:colcon.colcon_core.shell:Creating package script '/home/knug-artur/dev/cobots/ws/install/case_bringup/share/case_bringup/package.ps1'
[0.829s] INFO:colcon.colcon_core.shell:Creating package descriptor '/home/knug-artur/dev/cobots/ws/install/case_bringup/share/case_bringup/package.dsv'
[0.829s] INFO:colcon.colcon_core.shell:Creating package script '/home/knug-artur/dev/cobots/ws/install/case_bringup/share/case_bringup/package.sh'
[0.829s] INFO:colcon.colcon_core.shell:Creating package script '/home/knug-artur/dev/cobots/ws/install/case_bringup/share/case_bringup/package.bash'
[0.830s] INFO:colcon.colcon_core.shell:Creating package script '/home/knug-artur/dev/cobots/ws/install/case_bringup/share/case_bringup/package.zsh'
[0.831s] Level 1:colcon.colcon_core.environment:create_file_with_runtime_dependencies(/home/knug-artur/dev/cobots/ws/install/case_bringup/share/colcon-core/packages/case_bringup)
[1.365s] DEBUG:colcon.colcon_core.event_handler.log_command:Invoking command in '/home/knug-artur/dev/cobots/ws/src/lab/src/case_suite/case_scenes': PYTHONPATH=/home/knug-artur/dev/cobots/ws/install/case_scenes/lib/python3.8/site-packages:${PYTHONPATH} /usr/bin/python3 setup.py egg_info --egg-base ../../../../../build/case_scenes build --build-base /home/knug-artur/dev/cobots/ws/build/case_scenes/build install --prefix /home/knug-artur/dev/cobots/ws/install/case_scenes --record /home/knug-artur/dev/cobots/ws/build/case_scenes/install.log --single-version-externally-managed
[1.370s] DEBUG:colcon.colcon_core.event_handler.log_command:Invoking command in '/home/knug-artur/dev/cobots/ws/src/lab/src/py_ctrl': PYTHONPATH=/home/knug-artur/dev/cobots/ws/install/py_ctrl/lib/python3.8/site-packages:${PYTHONPATH} /usr/bin/python3 setup.py egg_info --egg-base ../../../../build/py_ctrl build --build-base /home/knug-artur/dev/cobots/ws/build/py_ctrl/build install --prefix /home/knug-artur/dev/cobots/ws/install/py_ctrl --record /home/knug-artur/dev/cobots/ws/build/py_ctrl/install.log --single-version-externally-managed
[1.686s] Level 1:colcon.colcon_core.environment:checking '/home/knug-artur/dev/cobots/ws/install/case_scenes' for CMake module files
[1.687s] DEBUG:colcon.colcon_core.event_handler.log_command:Invoked command in '/home/knug-artur/dev/cobots/ws/src/lab/src/case_suite/case_scenes' returned '0': PYTHONPATH=/home/knug-artur/dev/cobots/ws/install/case_scenes/lib/python3.8/site-packages:${PYTHONPATH} /usr/bin/python3 setup.py egg_info --egg-base ../../../../../build/case_scenes build --build-base /home/knug-artur/dev/cobots/ws/build/case_scenes/build install --prefix /home/knug-artur/dev/cobots/ws/install/case_scenes --record /home/knug-artur/dev/cobots/ws/build/case_scenes/install.log --single-version-externally-managed
[1.687s] Level 1:colcon.colcon_core.environment:checking '/home/knug-artur/dev/cobots/ws/install/case_scenes' for CMake config files
[1.688s] Level 1:colcon.colcon_core.environment:checking '/home/knug-artur/dev/cobots/ws/install/case_scenes/lib'
[1.688s] Level 1:colcon.colcon_core.environment:checking '/home/knug-artur/dev/cobots/ws/install/case_scenes/bin'
[1.688s] Level 1:colcon.colcon_core.environment:checking '/home/knug-artur/dev/cobots/ws/install/case_scenes/lib/pkgconfig/case_scenes.pc'
[1.689s] Level 1:colcon.colcon_core.environment:checking '/home/knug-artur/dev/cobots/ws/install/case_scenes/lib/python3.8/site-packages'
[1.689s] Level 1:colcon.colcon_core.shell:create_environment_hook('case_scenes', 'pythonpath')
[1.689s] INFO:colcon.colcon_core.shell:Creating environment hook '/home/knug-artur/dev/cobots/ws/install/case_scenes/share/case_scenes/hook/pythonpath.ps1'
[1.690s] INFO:colcon.colcon_core.shell:Creating environment descriptor '/home/knug-artur/dev/cobots/ws/install/case_scenes/share/case_scenes/hook/pythonpath.dsv'
[1.690s] INFO:colcon.colcon_core.shell:Creating environment hook '/home/knug-artur/dev/cobots/ws/install/case_scenes/share/case_scenes/hook/pythonpath.sh'
[1.690s] Level 1:colcon.colcon_core.environment:create_environment_scripts_only(case_scenes)
[1.691s] INFO:colcon.colcon_core.shell:Creating package script '/home/knug-artur/dev/cobots/ws/install/case_scenes/share/case_scenes/package.ps1'
[1.692s] INFO:colcon.colcon_core.shell:Creating package descriptor '/home/knug-artur/dev/cobots/ws/install/case_scenes/share/case_scenes/package.dsv'
[1.692s] INFO:colcon.colcon_core.shell:Creating package script '/home/knug-artur/dev/cobots/ws/install/case_scenes/share/case_scenes/package.sh'
[1.692s] INFO:colcon.colcon_core.shell:Creating package script '/home/knug-artur/dev/cobots/ws/install/case_scenes/share/case_scenes/package.bash'
[1.693s] INFO:colcon.colcon_core.shell:Creating package script '/home/knug-artur/dev/cobots/ws/install/case_scenes/share/case_scenes/package.zsh'
[1.693s] Level 1:colcon.colcon_core.environment:create_file_with_runtime_dependencies(/home/knug-artur/dev/cobots/ws/install/case_scenes/share/colcon-core/packages/case_scenes)
[1.695s] Level 1:colcon.colcon_core.environment:checking '/home/knug-artur/dev/cobots/ws/install/py_ctrl' for CMake module files
[1.695s] DEBUG:colcon.colcon_core.event_handler.log_command:Invoked command in '/home/knug-artur/dev/cobots/ws/src/lab/src/py_ctrl' returned '0': PYTHONPATH=/home/knug-artur/dev/cobots/ws/install/py_ctrl/lib/python3.8/site-packages:${PYTHONPATH} /usr/bin/python3 setup.py egg_info --egg-base ../../../../build/py_ctrl build --build-base /home/knug-artur/dev/cobots/ws/build/py_ctrl/build install --prefix /home/knug-artur/dev/cobots/ws/install/py_ctrl --record /home/knug-artur/dev/cobots/ws/build/py_ctrl/install.log --single-version-externally-managed
[1.695s] Level 1:colcon.colcon_core.environment:checking '/home/knug-artur/dev/cobots/ws/install/py_ctrl' for CMake config files
[1.696s] Level 1:colcon.colcon_core.environment:checking '/home/knug-artur/dev/cobots/ws/install/py_ctrl/lib'
[1.696s] Level 1:colcon.colcon_core.environment:checking '/home/knug-artur/dev/cobots/ws/install/py_ctrl/bin'
[1.696s] Level 1:colcon.colcon_core.environment:checking '/home/knug-artur/dev/cobots/ws/install/py_ctrl/lib/pkgconfig/py_ctrl.pc'
[1.696s] Level 1:colcon.colcon_core.environment:checking '/home/knug-artur/dev/cobots/ws/install/py_ctrl/lib/python3.8/site-packages'
[1.696s] Level 1:colcon.colcon_core.shell:create_environment_hook('py_ctrl', 'pythonpath')
[1.697s] INFO:colcon.colcon_core.shell:Creating environment hook '/home/knug-artur/dev/cobots/ws/install/py_ctrl/share/py_ctrl/hook/pythonpath.ps1'
[1.697s] INFO:colcon.colcon_core.shell:Creating environment descriptor '/home/knug-artur/dev/cobots/ws/install/py_ctrl/share/py_ctrl/hook/pythonpath.dsv'
[1.698s] INFO:colcon.colcon_core.shell:Creating environment hook '/home/knug-artur/dev/cobots/ws/install/py_ctrl/share/py_ctrl/hook/pythonpath.sh'
[1.698s] Level 1:colcon.colcon_core.environment:create_environment_scripts_only(py_ctrl)
[1.698s] INFO:colcon.colcon_core.shell:Creating package script '/home/knug-artur/dev/cobots/ws/install/py_ctrl/share/py_ctrl/package.ps1'
[1.699s] INFO:colcon.colcon_core.shell:Creating package descriptor '/home/knug-artur/dev/cobots/ws/install/py_ctrl/share/py_ctrl/package.dsv'
[1.699s] INFO:colcon.colcon_core.shell:Creating package script '/home/knug-artur/dev/cobots/ws/install/py_ctrl/share/py_ctrl/package.sh'
[1.700s] INFO:colcon.colcon_core.shell:Creating package script '/home/knug-artur/dev/cobots/ws/install/py_ctrl/share/py_ctrl/package.bash'
[1.700s] INFO:colcon.colcon_core.shell:Creating package script '/home/knug-artur/dev/cobots/ws/install/py_ctrl/share/py_ctrl/package.zsh'
[1.700s] Level 1:colcon.colcon_core.environment:create_file_with_runtime_dependencies(/home/knug-artur/dev/cobots/ws/install/py_ctrl/share/colcon-core/packages/py_ctrl)
[1.701s] DEBUG:colcon.colcon_parallel_executor.executor.parallel:closing loop
[1.701s] DEBUG:colcon.colcon_parallel_executor.executor.parallel:loop closed
[1.701s] DEBUG:colcon.colcon_parallel_executor.executor.parallel:run_until_complete finished with '0'
[1.701s] DEBUG:colcon.colcon_core.event_reactor:joining thread
[1.707s] INFO:colcon.colcon_core.plugin_system:Skipping extension 'colcon_notification.desktop_notification.terminal_notifier': Not used on non-Darwin systems
[1.707s] INFO:colcon.colcon_core.plugin_system:Skipping extension 'colcon_notification.desktop_notification.win32': Not used on non-Windows systems
[1.707s] INFO:colcon.colcon_notification.desktop_notification:Sending desktop notification using 'notify2'
[1.723s] DEBUG:colcon.colcon_core.event_reactor:joined thread
[1.723s] INFO:colcon.colcon_core.shell:Creating prefix script '/home/knug-artur/dev/cobots/ws/install/local_setup.ps1'
[1.725s] INFO:colcon.colcon_core.shell:Creating prefix util module '/home/knug-artur/dev/cobots/ws/install/_local_setup_util_ps1.py'
[1.728s] INFO:colcon.colcon_core.shell:Creating prefix chain script '/home/knug-artur/dev/cobots/ws/install/setup.ps1'
[1.731s] INFO:colcon.colcon_core.shell:Creating prefix script '/home/knug-artur/dev/cobots/ws/install/local_setup.sh'
[1.732s] INFO:colcon.colcon_core.shell:Creating prefix util module '/home/knug-artur/dev/cobots/ws/install/_local_setup_util_sh.py'
[1.733s] INFO:colcon.colcon_core.shell:Creating prefix chain script '/home/knug-artur/dev/cobots/ws/install/setup.sh'
[1.734s] INFO:colcon.colcon_core.shell:Creating prefix script '/home/knug-artur/dev/cobots/ws/install/local_setup.bash'
[1.735s] INFO:colcon.colcon_core.shell:Creating prefix chain script '/home/knug-artur/dev/cobots/ws/install/setup.bash'
[1.737s] INFO:colcon.colcon_core.shell:Creating prefix script '/home/knug-artur/dev/cobots/ws/install/local_setup.zsh'
[1.737s] INFO:colcon.colcon_core.shell:Creating prefix chain script '/home/knug-artur/dev/cobots/ws/install/setup.zsh'
