[1.000s] Invoking command in '/home/knug-artur/dev/cobots/ws/src/lab/src/case_suite/case_scenes': PYTHONPATH=/home/knug-artur/dev/cobots/ws/install/case_scenes/lib/python3.8/site-packages:${PYTHONPATH} /usr/bin/python3 setup.py egg_info --egg-base ../../../../../build/case_scenes build --build-base /home/knug-artur/dev/cobots/ws/build/case_scenes/build install --prefix /home/knug-artur/dev/cobots/ws/install/case_scenes --record /home/knug-artur/dev/cobots/ws/build/case_scenes/install.log --single-version-externally-managed
[1.237s] running egg_info
[1.238s] writing ../../../../../build/case_scenes/case_scenes.egg-info/PKG-INFO
[1.238s] writing dependency_links to ../../../../../build/case_scenes/case_scenes.egg-info/dependency_links.txt
[1.238s] writing entry points to ../../../../../build/case_scenes/case_scenes.egg-info/entry_points.txt
[1.238s] writing requirements to ../../../../../build/case_scenes/case_scenes.egg-info/requires.txt
[1.239s] writing top-level names to ../../../../../build/case_scenes/case_scenes.egg-info/top_level.txt
[1.274s] reading manifest file '../../../../../build/case_scenes/case_scenes.egg-info/SOURCES.txt'
[1.276s] writing manifest file '../../../../../build/case_scenes/case_scenes.egg-info/SOURCES.txt'
[1.276s] running build
[1.276s] running build_py
[1.276s] running install
[1.277s] running install_lib
[1.279s] running install_data
[1.280s] running install_egg_info
[1.282s] removing '/home/knug-artur/dev/cobots/ws/install/case_scenes/lib/python3.8/site-packages/case_scenes-0.0.1-py3.8.egg-info' (and everything under it)
[1.282s] Copying ../../../../../build/case_scenes/case_scenes.egg-info to /home/knug-artur/dev/cobots/ws/install/case_scenes/lib/python3.8/site-packages/case_scenes-0.0.1-py3.8.egg-info
[1.283s] running install_scripts
[1.302s] writing list of installed files to '/home/knug-artur/dev/cobots/ws/build/case_scenes/install.log'
[1.329s] Invoked command in '/home/knug-artur/dev/cobots/ws/src/lab/src/case_suite/case_scenes' returned '0': PYTHONPATH=/home/knug-artur/dev/cobots/ws/install/case_scenes/lib/python3.8/site-packages:${PYTHONPATH} /usr/bin/python3 setup.py egg_info --egg-base ../../../../../build/case_scenes build --build-base /home/knug-artur/dev/cobots/ws/build/case_scenes/build install --prefix /home/knug-artur/dev/cobots/ws/install/case_scenes --record /home/knug-artur/dev/cobots/ws/build/case_scenes/install.log --single-version-externally-managed
