[1.006s] Invoking command in '/home/knug-artur/dev/cobots/ws/src/lab/src/py_ctrl': PYTHONPATH=/home/knug-artur/dev/cobots/ws/install/py_ctrl/lib/python3.8/site-packages:${PYTHONPATH} /usr/bin/python3 setup.py egg_info --egg-base ../../../../build/py_ctrl build --build-base /home/knug-artur/dev/cobots/ws/build/py_ctrl/build install --prefix /home/knug-artur/dev/cobots/ws/install/py_ctrl --record /home/knug-artur/dev/cobots/ws/build/py_ctrl/install.log --single-version-externally-managed
[1.244s] running egg_info
[1.244s] writing ../../../../build/py_ctrl/py_ctrl.egg-info/PKG-INFO
[1.245s] writing dependency_links to ../../../../build/py_ctrl/py_ctrl.egg-info/dependency_links.txt
[1.245s] writing entry points to ../../../../build/py_ctrl/py_ctrl.egg-info/entry_points.txt
[1.245s] writing requirements to ../../../../build/py_ctrl/py_ctrl.egg-info/requires.txt
[1.245s] writing top-level names to ../../../../build/py_ctrl/py_ctrl.egg-info/top_level.txt
[1.282s] reading manifest file '../../../../build/py_ctrl/py_ctrl.egg-info/SOURCES.txt'
[1.283s] writing manifest file '../../../../build/py_ctrl/py_ctrl.egg-info/SOURCES.txt'
[1.283s] running build
[1.284s] running build_py
[1.286s] running install
[1.287s] running install_lib
[1.290s] running install_data
[1.290s] running install_egg_info
[1.292s] removing '/home/knug-artur/dev/cobots/ws/install/py_ctrl/lib/python3.8/site-packages/py_ctrl-0.0.0-py3.8.egg-info' (and everything under it)
[1.293s] Copying ../../../../build/py_ctrl/py_ctrl.egg-info to /home/knug-artur/dev/cobots/ws/install/py_ctrl/lib/python3.8/site-packages/py_ctrl-0.0.0-py3.8.egg-info
[1.293s] running install_scripts
[1.315s] Installing go script to /home/knug-artur/dev/cobots/ws/install/py_ctrl/lib/py_ctrl
[1.315s] Installing hands script to /home/knug-artur/dev/cobots/ws/install/py_ctrl/lib/py_ctrl
[1.318s] writing list of installed files to '/home/knug-artur/dev/cobots/ws/build/py_ctrl/install.log'
[1.339s] Invoked command in '/home/knug-artur/dev/cobots/ws/src/lab/src/py_ctrl' returned '0': PYTHONPATH=/home/knug-artur/dev/cobots/ws/install/py_ctrl/lib/python3.8/site-packages:${PYTHONPATH} /usr/bin/python3 setup.py egg_info --egg-base ../../../../build/py_ctrl build --build-base /home/knug-artur/dev/cobots/ws/build/py_ctrl/build install --prefix /home/knug-artur/dev/cobots/ws/install/py_ctrl --record /home/knug-artur/dev/cobots/ws/build/py_ctrl/install.log --single-version-externally-managed
